<?xml version="1.0" encoding="UTF-8"?>
<!-- Generated by org.testng.reporters.JUnitXMLReporter -->
<testsuite hostname="MGLT-CND6046GGC" ignored="19" name="Test" tests="78" failures="18" timestamp="27 Feb 2019 05:24:37 GMT" time="3116.075" errors="0">
  <testcase name="verifyBrandsSubFilterFun" time="10.606" classname="org.thecollective.modules.PLPModuleTest"/>
  <testcase name="verifyBrandsSubFilterSection" time="8.501" classname="org.thecollective.modules.PLPModuleTest"/>
  <testcase name="verifyFilterFunctionalityForSearch" time="9.404" classname="org.thecollective.modules.PLPModuleTest"/>
  <testcase name="verifyLeftNavFilters" time="6.402" classname="org.thecollective.modules.PLPModuleTest"/>
  <testcase name="verifyLeftNavFiltersForCatNavigation" time="6.144" classname="org.thecollective.modules.PLPModuleTest"/>
  <testcase name="verifyLeftNavFiltersForSearch" time="9.047" classname="org.thecollective.modules.PLPModuleTest"/>
  <testcase name="verifyMultiFiltersForCatNavigation" time="14.764" classname="org.thecollective.modules.PLPModuleTest"/>
  <testcase name="verifyMultiFiltersRefreshForCatNavigation" time="16.704" classname="org.thecollective.modules.PLPModuleTest"/>
  <testcase name="verifyMultipleFilterByChnagingSortByOption" time="21.521" classname="org.thecollective.modules.PLPModuleTest"/>
  <testcase name="verifyMultipleFilterFunctionalityForSearch" time="17.221" classname="org.thecollective.modules.PLPModuleTest"/>
  <testcase name="verifyMultipleFilterWithPageRefresh" time="19.538" classname="org.thecollective.modules.PLPModuleTest"/>
  <testcase name="verifyPriceFilter" time="7.936" classname="org.thecollective.modules.PLPModuleTest">
    <failure type="java.lang.NumberFormatException" message="For input string: &amp;quot;&amp;quot;">
      <![CDATA[java.lang.NumberFormatException: For input string: ""
at java.lang.NumberFormatException.forInputString(NumberFormatException.java:65)
at java.lang.Integer.parseInt(Integer.java:592)
at java.lang.Integer.parseInt(Integer.java:615)
at org.thecollective.pageobjects.listpage.ListPageObjects.verifyListPageAfterApplyPriceFilter(ListPageObjects.java:562)
at org.thecollective.modules.PLPModuleTest.verifyPriceFilter(PLPModuleTest.java:295)
at org.thecollective.maincontroller.MainController.run(MainController.java:266)
... Removed 27 stack frames]]>
    </failure>
  </testcase> <!-- verifyPriceFilter -->
  <testcase name="verifyProductListByCatNavigation" time="29.287" classname="org.thecollective.modules.PLPModuleTest"/>
  <testcase name="verifyProductListPageBySearch" time="36.224" classname="org.thecollective.modules.PLPModuleTest"/>
  <testcase name="verifySingleFilterByChangingSortByOption" time="31.719" classname="org.thecollective.modules.PLPModuleTest">
    <failure type="java.lang.AssertionError" message="applied filter not shown expected [true] but found [false]">
      <![CDATA[java.lang.AssertionError: applied filter not shown expected [true] but found [false]
at org.thecollective.pageobjects.listpage.ListPageObjects.verifySingleCheckedFilter(ListPageObjects.java:438)
at org.thecollective.modules.PLPModuleTest.verifySingleFilterByChangingSortByOption(PLPModuleTest.java:141)
at org.thecollective.maincontroller.MainController.run(MainController.java:266)
... Removed 30 stack frames]]>
    </failure>
  </testcase> <!-- verifySingleFilterByChangingSortByOption -->
  <testcase name="verifySingleFilterForCatNavigation" time="8.304" classname="org.thecollective.modules.PLPModuleTest"/>
  <testcase name="verifySingleFilterFunWithPageRefresh" time="14.227" classname="org.thecollective.modules.PLPModuleTest">
    <failure type="java.lang.AssertionError" message="applied filter not shown expected [true] but found [false]">
      <![CDATA[java.lang.AssertionError: applied filter not shown expected [true] but found [false]
at org.thecollective.pageobjects.listpage.ListPageObjects.verifySingleCheckedFilter(ListPageObjects.java:438)
at org.thecollective.modules.PLPModuleTest.verifySingleFilterFunWithPageRefresh(PLPModuleTest.java:90)
at org.thecollective.maincontroller.MainController.run(MainController.java:266)
... Removed 30 stack frames]]>
    </failure>
  </testcase> <!-- verifySingleFilterFunWithPageRefresh -->
  <testcase name="verifySingleFilterPageRefreshForCatNavigation" time="10.831" classname="org.thecollective.modules.PLPModuleTest"/>
  <testcase name="verifyAllCategories" time="661.975" classname="org.thecollective.modules.HomePageModuleTest"/>
  <testcase name="verifyAllImagePathLinksCheckout" time="74.314" classname="org.thecollective.modules.HomePageModuleTest"/>
  <testcase name="verifyAllImagePathLinksCheckoutShippingAddres" time="102.436" classname="org.thecollective.modules.HomePageModuleTest"/>
  <testcase name="verifyAllImagePathLinksInHomepage" time="0.534" classname="org.thecollective.modules.HomePageModuleTest"/>
  <testcase name="verifyAllImagePathLinksInLoginPage" time="16.116" classname="org.thecollective.modules.HomePageModuleTest"/>
  <testcase name="verifyAllImagePathLinksInMyOrderPage" time="62.132" classname="org.thecollective.modules.HomePageModuleTest"/>
  <testcase name="verifyAllImagePathLinksInSignUpPage" time="15.996" classname="org.thecollective.modules.HomePageModuleTest"/>
  <testcase name="verifyAllImagePathLinksListPage" time="18.077" classname="org.thecollective.modules.HomePageModuleTest"/>
  <testcase name="verifyAllImagePathLinksPDP" time="34.527" classname="org.thecollective.modules.HomePageModuleTest"/>
  <testcase name="verifyFooterLinksFunctionality" time="10.347" classname="org.thecollective.modules.HomePageModuleTest">
    <failure type="java.lang.AssertionError" message="expected [About Us | The Collective] but found [The Collective | India&amp;apos;s Largest Luxury Retailer]">
      <![CDATA[java.lang.AssertionError: expected [About Us | The Collective] but found [The Collective | India's Largest Luxury Retailer]
at org.thecollective.pageobjects.homepage.HomePageObjects.clickOnEachFooterLink(HomePageObjects.java:292)
at org.thecollective.modules.HomePageModuleTest.verifyFooterLinksFunctionality(HomePageModuleTest.java:90)
at org.thecollective.maincontroller.MainController.run(MainController.java:266)
... Removed 33 stack frames]]>
    </failure>
  </testcase> <!-- verifyFooterLinksFunctionality -->
  <testcase name="verifyHomePageAfterLogin" time="11.968" classname="org.thecollective.modules.HomePageModuleTest"/>
  <testcase name="verifyHomePageFooters" time="3.753" classname="org.thecollective.modules.HomePageModuleTest"/>
  <testcase name="verifyHomePageHeadersBeforeLogin" time="26.536" classname="org.thecollective.modules.HomePageModuleTest"/>
  <testcase name="verifyInvalidSearchFunctionality" time="18.31" classname="org.thecollective.modules.HomePageModuleTest"/>
  <testcase name="verifyMensAccessoriesLinks" time="10.021" classname="org.thecollective.modules.HomePageModuleTest"/>
  <testcase name="verifySearchFunctionality" time="18.7" classname="org.thecollective.modules.HomePageModuleTest"/>
  <testcase name="verifyTheCollectiveStores" time="11.51" classname="org.thecollective.modules.HomePageModuleTest">
    <failure type="java.lang.AssertionError" message="expected [PUNE] but found []">
      <![CDATA[java.lang.AssertionError: expected [PUNE] but found []
at org.thecollective.pageobjects.homepage.StoresPageObjects.verifyAvailableStores(StoresPageObjects.java:42)
at org.thecollective.modules.HomePageModuleTest.verifyTheCollectiveStores(HomePageModuleTest.java:65)
at org.thecollective.maincontroller.MainController.run(MainController.java:266)
... Removed 33 stack frames]]>
    </failure>
  </testcase> <!-- verifyTheCollectiveStores -->
  <testcase name="verifyWishListFunctionality" time="12.752" classname="org.thecollective.modules.HomePageModuleTest"/>
  <testcase name="verifyWishListIcon" time="0.061" classname="org.thecollective.modules.HomePageModuleTest"/>
  <testcase name="verifyLogoutFunInMyAccountPage" time="11.779" classname="org.thecollective.modules.MyAccountModuleTest">
    <failure type="org.openqa.selenium.NoSuchElementException" message="no such element: Unable to locate element: {&amp;quot;method&amp;quot;:&amp;quot;xpath&amp;quot;,&amp;quot;selector&amp;quot;:&amp;quot;//a[@title=&amp;apos;Login&amp;apos;]&amp;quot;}
  (Session info: chrome=71.0.3578.98)
  (Driver info: chromedriver=2.43.600210 (68dcf5eebde37173d4027fa8635e332711d2874a),platform=Windows NT 6.3.9600 x86_64) (WARNING: The server did not provide any stacktrace information)
Command duration or timeout: 10.03 seconds
For documentation on this error, please visit: http://seleniumhq.org/exceptions/no_such_element.html
Build info: version: &amp;apos;2.53.0&amp;apos;, revision: &amp;apos;35ae25b1534ae328c771e0856c93e187490ca824&amp;apos;, time: &amp;apos;2016-03-15 10:43:46&amp;apos;
System info: host: &amp;apos;MGLT-CND6046GGC&amp;apos;, ip: &amp;apos;172.21.14.193&amp;apos;, os.name: &amp;apos;Windows 8.1&amp;apos;, os.arch: &amp;apos;amd64&amp;apos;, os.version: &amp;apos;6.3&amp;apos;, java.version: &amp;apos;1.8.0_131&amp;apos;
Driver info: org.openqa.selenium.chrome.ChromeDriver
Capabilities [{mobileEmulationEnabled=false, hasTouchScreen=false, platform=WIN8_1, acceptSslCerts=false, goog:chromeOptions={debuggerAddress=localhost:58461}, acceptInsecureCerts=false, webStorageEnabled=true, browserName=chrome, takesScreenshot=true, javascriptEnabled=true, setWindowRect=true, unexpectedAlertBehaviour=, applicationCacheEnabled=false, rotatable=false, networkConnectionEnabled=false, chrome={chromedriverVersion=2.43.600210 (68dcf5eebde37173d4027fa8635e332711d2874a), userDataDir=C:\Users\THIRUV~1.CHI\AppData\Local\Temp\scoped_dir7520_25071}, takesHeapSnapshot=true, pageLoadStrategy=normal, databaseEnabled=false, handlesAlerts=true, version=71.0.3578.98, browserConnectionEnabled=false, nativeEvents=true, locationContextEnabled=true, cssSelectorsEnabled=true}]
Session ID: d10e3229f0edd47081562587783fc3b5
*** Element info: {Using=xpath, value=//a[@title=&amp;apos;Login&amp;apos;]}">
      <![CDATA[org.openqa.selenium.NoSuchElementException: no such element: Unable to locate element: {"method":"xpath","selector":"//a[@title='Login']"}
  (Session info: chrome=71.0.3578.98)
  (Driver info: chromedriver=2.43.600210 (68dcf5eebde37173d4027fa8635e332711d2874a),platform=Windows NT 6.3.9600 x86_64) (WARNING: The server did not provide any stacktrace information)
Command duration or timeout: 10.03 seconds
For documentation on this error, please visit: http://seleniumhq.org/exceptions/no_such_element.html
Build info: version: '2.53.0', revision: '35ae25b1534ae328c771e0856c93e187490ca824', time: '2016-03-15 10:43:46'
System info: host: 'MGLT-CND6046GGC', ip: '172.21.14.193', os.name: 'Windows 8.1', os.arch: 'amd64', os.version: '6.3', java.version: '1.8.0_131'
Driver info: org.openqa.selenium.chrome.ChromeDriver
Capabilities [{mobileEmulationEnabled=false, hasTouchScreen=false, platform=WIN8_1, acceptSslCerts=false, goog:chromeOptions={debuggerAddress=localhost:58461}, acceptInsecureCerts=false, webStorageEnabled=true, browserName=chrome, takesScreenshot=true, javascriptEnabled=true, setWindowRect=true, unexpectedAlertBehaviour=, applicationCacheEnabled=false, rotatable=false, networkConnectionEnabled=false, chrome={chromedriverVersion=2.43.600210 (68dcf5eebde37173d4027fa8635e332711d2874a), userDataDir=C:\Users\THIRUV~1.CHI\AppData\Local\Temp\scoped_dir7520_25071}, takesHeapSnapshot=true, pageLoadStrategy=normal, databaseEnabled=false, handlesAlerts=true, version=71.0.3578.98, browserConnectionEnabled=false, nativeEvents=true, locationContextEnabled=true, cssSelectorsEnabled=true}]
Session ID: d10e3229f0edd47081562587783fc3b5
*** Element info: {Using=xpath, value=//a[@title='Login']}
at org.openqa.selenium.remote.ErrorHandler.createThrowable(ErrorHandler.java:206)
at org.openqa.selenium.remote.ErrorHandler.throwIfResponseFailed(ErrorHandler.java:158)
at org.openqa.selenium.remote.RemoteWebDriver.execute(RemoteWebDriver.java:678)
at org.openqa.selenium.remote.RemoteWebDriver.findElement(RemoteWebDriver.java:363)
at org.openqa.selenium.remote.RemoteWebDriver.findElementByXPath(RemoteWebDriver.java:500)
at org.openqa.selenium.By$ByXPath.findElement(By.java:361)
at org.openqa.selenium.remote.RemoteWebDriver.findElement(RemoteWebDriver.java:355)
at org.openqa.selenium.support.pagefactory.DefaultElementLocator.findElement(DefaultElementLocator.java:69)
at org.openqa.selenium.support.pagefactory.internal.LocatingElementHandler.invoke(LocatingElementHandler.java:38)
at com.sun.proxy.$Proxy18.getCoordinates(Unknown Source)
at org.openqa.selenium.interactions.internal.MouseAction.getActionLocation(MouseAction.java:51)
at org.openqa.selenium.interactions.MoveMouseAction.perform(MoveMouseAction.java:39)
at org.openqa.selenium.interactions.CompositeAction.perform(CompositeAction.java:50)
at org.thecollective.pageobjects.homepage.HomePageObjects.clickOnLoginLink(HomePageObjects.java:239)
at org.thecollective.modules.MyAccountModuleTest.verifyLogoutFunInMyAccountPage(MyAccountModuleTest.java:138)
at org.thecollective.maincontroller.MainController.run(MainController.java:266)
... Removed 31 stack frames]]>
    </failure>
  </testcase> <!-- verifyLogoutFunInMyAccountPage -->
  <testcase name="verifyMyAccountPage" time="17.085" classname="org.thecollective.modules.MyAccountModuleTest"/>
  <testcase name="verifyMyOrdersPage" time="23.293" classname="org.thecollective.modules.MyAccountModuleTest"/>
  <testcase name="verifyMyOrdersPageTabs" time="23.377" classname="org.thecollective.modules.MyAccountModuleTest"/>
  <testcase name="verifySavedItems" time="18.209" classname="org.thecollective.modules.MyAccountModuleTest"/>
  <testcase name="verifyUpdateAddress" time="22.295" classname="org.thecollective.modules.MyAccountModuleTest"/>
  <testcase name="verifyMyWishListFunctionality" time="37.521" classname="org.thecollective.modules.PDPModuleTest">
    <failure type="java.lang.AssertionError" message="expected [30] but found [28]">
      <![CDATA[java.lang.AssertionError: expected [30] but found [28]
at org.thecollective.pageobjects.pdp.PDPageObjects.verifyMyWishListFunctionality(PDPageObjects.java:174)
at org.thecollective.modules.PDPModuleTest.verifyMyWishListFunctionality(PDPModuleTest.java:61)
at org.thecollective.maincontroller.MainController.run(MainController.java:266)
... Removed 33 stack frames]]>
    </failure>
  </testcase> <!-- verifyMyWishListFunctionality -->
  <testcase name="verifyMyWishListFunctionalityAfterLogin" time="39.366" classname="org.thecollective.modules.PDPModuleTest">
    <failure type="java.lang.AssertionError" message="expected [29] but found [27]">
      <![CDATA[java.lang.AssertionError: expected [29] but found [27]
at org.thecollective.pageobjects.pdp.PDPageObjects.verifyMyWishListFunctionality(PDPageObjects.java:174)
at org.thecollective.modules.PDPModuleTest.verifyMyWishListFunctionalityAfterLogin(PDPModuleTest.java:99)
at org.thecollective.maincontroller.MainController.run(MainController.java:266)
... Removed 33 stack frames]]>
    </failure>
  </testcase> <!-- verifyMyWishListFunctionalityAfterLogin -->
  <testcase name="verifyProductDetailsPageTest" time="15.288" classname="org.thecollective.modules.PDPModuleTest"/>
  <testcase name="verifyProductId" time="8.621" classname="org.thecollective.modules.PDPModuleTest"/>
  <testcase name="updateQuantityTest" time="40.499" classname="org.thecollective.modules.CheckoutModuleTest"/>
  <testcase name="verifyLoginByClickOnContinueInSummaryPage" time="53.967" classname="org.thecollective.modules.CheckoutModuleTest">
    <failure type="java.lang.AssertionError" message="expected [9,375] but found [12,500.00]">
      <![CDATA[java.lang.AssertionError: expected [9,375] but found [12,500.00]
at org.thecollective.pageobjects.checkout.CheckoutSummaryPageObjects.verifyOrdrSummaryPrice(CheckoutSummaryPageObjects.java:284)
at org.thecollective.modules.CheckoutModuleTest.verifyLoginByClickOnContinueInSummaryPage(CheckoutModuleTest.java:304)
at org.thecollective.maincontroller.MainController.run(MainController.java:266)
... Removed 33 stack frames]]>
    </failure>
  </testcase> <!-- verifyLoginByClickOnContinueInSummaryPage -->
  <testcase name="verifyLoginPageFromCouponsTabTest" time="46.679" classname="org.thecollective.modules.CheckoutModuleTest"/>
  <testcase name="verifyProductPriceBeforeUpdateTest" time="48.604" classname="org.thecollective.modules.CheckoutModuleTest"/>
  <testcase name="verifySavedItemsToShoppingCartTest" time="36.352" classname="org.thecollective.modules.CheckoutModuleTest"/>
  <testcase name="verifyUpdatePriceTest" time="89.449" classname="org.thecollective.modules.CheckoutModuleTest">
    <failure type="org.openqa.selenium.NoSuchElementException" message="Cannot locate element with text: 2
For documentation on this error, please visit: http://seleniumhq.org/exceptions/no_such_element.html
Build info: version: &amp;apos;2.53.0&amp;apos;, revision: &amp;apos;35ae25b1534ae328c771e0856c93e187490ca824&amp;apos;, time: &amp;apos;2016-03-15 10:43:46&amp;apos;
System info: host: &amp;apos;MGLT-CND6046GGC&amp;apos;, ip: &amp;apos;172.21.14.193&amp;apos;, os.name: &amp;apos;Windows 8.1&amp;apos;, os.arch: &amp;apos;amd64&amp;apos;, os.version: &amp;apos;6.3&amp;apos;, java.version: &amp;apos;1.8.0_131&amp;apos;
Driver info: driver.version: unknown">
      <![CDATA[org.openqa.selenium.NoSuchElementException: Cannot locate element with text: 2
For documentation on this error, please visit: http://seleniumhq.org/exceptions/no_such_element.html
Build info: version: '2.53.0', revision: '35ae25b1534ae328c771e0856c93e187490ca824', time: '2016-03-15 10:43:46'
System info: host: 'MGLT-CND6046GGC', ip: '172.21.14.193', os.name: 'Windows 8.1', os.arch: 'amd64', os.version: '6.3', java.version: '1.8.0_131'
Driver info: driver.version: unknown
at org.openqa.selenium.support.ui.Select.selectByVisibleText(Select.java:151)
at org.thecollective.pageobjects.checkout.CheckoutSummaryPageObjects.updateTheQuantity(CheckoutSummaryPageObjects.java:177)
at org.thecollective.modules.CheckoutModuleTest.verifyUpdatePriceTest(CheckoutModuleTest.java:196)
at org.thecollective.maincontroller.MainController.run(MainController.java:266)
... Removed 27 stack frames]]>
    </failure>
  </testcase> <!-- verifyUpdatePriceTest -->
  <testcase name="veryfyCheckoutPageTest" time="30.958" classname="org.thecollective.modules.CheckoutModuleTest"/>
  <testcase name="veryfyRemoveProductsTest" time="66.937" classname="org.thecollective.modules.CheckoutModuleTest"/>
  <testcase name="verifyLoginLinkInCouponsTabTest" time="55.574" classname="org.thecollective.modules.CheckoutModuleTest"/>
  <testcase name="verifyCouponsFunctionality" time="180.09" classname="org.thecollective.modules.CheckoutModuleTest">
    <failure type="org.openqa.selenium.WebDriverException" message="unknown error: Element &amp;lt;img src=&amp;quot;https://assets.abfrlcdn.com/img/app/thecollective/tc-logo.jpg&amp;quot; alt=&amp;quot;TheCollective&amp;quot; title=&amp;quot;TheCollective&amp;quot; width=&amp;quot;267&amp;quot; height=&amp;quot;39&amp;quot; class=&amp;quot; b-error b-error&amp;quot;&amp;gt; is not clickable at point (674, 31). Other element would receive the click: &amp;lt;div class=&amp;quot;modal-content&amp;quot;&amp;gt;...&amp;lt;/div&amp;gt;
  (Session info: chrome=71.0.3578.98)
  (Driver info: chromedriver=2.43.600210 (68dcf5eebde37173d4027fa8635e332711d2874a),platform=Windows NT 6.3.9600 x86_64) (WARNING: The server did not provide any stacktrace information)
Command duration or timeout: 75 milliseconds
Build info: version: &amp;apos;2.53.0&amp;apos;, revision: &amp;apos;35ae25b1534ae328c771e0856c93e187490ca824&amp;apos;, time: &amp;apos;2016-03-15 10:43:46&amp;apos;
System info: host: &amp;apos;MGLT-CND6046GGC&amp;apos;, ip: &amp;apos;172.21.14.193&amp;apos;, os.name: &amp;apos;Windows 8.1&amp;apos;, os.arch: &amp;apos;amd64&amp;apos;, os.version: &amp;apos;6.3&amp;apos;, java.version: &amp;apos;1.8.0_131&amp;apos;
Driver info: org.openqa.selenium.chrome.ChromeDriver
Capabilities [{mobileEmulationEnabled=false, hasTouchScreen=false, platform=WIN8_1, acceptSslCerts=false, goog:chromeOptions={debuggerAddress=localhost:58461}, acceptInsecureCerts=false, webStorageEnabled=true, browserName=chrome, takesScreenshot=true, javascriptEnabled=true, setWindowRect=true, unexpectedAlertBehaviour=, applicationCacheEnabled=false, rotatable=false, networkConnectionEnabled=false, chrome={chromedriverVersion=2.43.600210 (68dcf5eebde37173d4027fa8635e332711d2874a), userDataDir=C:\Users\THIRUV~1.CHI\AppData\Local\Temp\scoped_dir7520_25071}, takesHeapSnapshot=true, pageLoadStrategy=normal, databaseEnabled=false, handlesAlerts=true, version=71.0.3578.98, browserConnectionEnabled=false, nativeEvents=true, locationContextEnabled=true, cssSelectorsEnabled=true}]
Session ID: d10e3229f0edd47081562587783fc3b5">
      <![CDATA[org.openqa.selenium.WebDriverException: unknown error: Element <img src="https://assets.abfrlcdn.com/img/app/thecollective/tc-logo.jpg" alt="TheCollective" title="TheCollective" width="267" height="39" class=" b-error b-error"> is not clickable at point (674, 31). Other element would receive the click: <div class="modal-content">...</div>
  (Session info: chrome=71.0.3578.98)
  (Driver info: chromedriver=2.43.600210 (68dcf5eebde37173d4027fa8635e332711d2874a),platform=Windows NT 6.3.9600 x86_64) (WARNING: The server did not provide any stacktrace information)
Command duration or timeout: 75 milliseconds
Build info: version: '2.53.0', revision: '35ae25b1534ae328c771e0856c93e187490ca824', time: '2016-03-15 10:43:46'
System info: host: 'MGLT-CND6046GGC', ip: '172.21.14.193', os.name: 'Windows 8.1', os.arch: 'amd64', os.version: '6.3', java.version: '1.8.0_131'
Driver info: org.openqa.selenium.chrome.ChromeDriver
Capabilities [{mobileEmulationEnabled=false, hasTouchScreen=false, platform=WIN8_1, acceptSslCerts=false, goog:chromeOptions={debuggerAddress=localhost:58461}, acceptInsecureCerts=false, webStorageEnabled=true, browserName=chrome, takesScreenshot=true, javascriptEnabled=true, setWindowRect=true, unexpectedAlertBehaviour=, applicationCacheEnabled=false, rotatable=false, networkConnectionEnabled=false, chrome={chromedriverVersion=2.43.600210 (68dcf5eebde37173d4027fa8635e332711d2874a), userDataDir=C:\Users\THIRUV~1.CHI\AppData\Local\Temp\scoped_dir7520_25071}, takesHeapSnapshot=true, pageLoadStrategy=normal, databaseEnabled=false, handlesAlerts=true, version=71.0.3578.98, browserConnectionEnabled=false, nativeEvents=true, locationContextEnabled=true, cssSelectorsEnabled=true}]
Session ID: d10e3229f0edd47081562587783fc3b5
at org.openqa.selenium.remote.ErrorHandler.createThrowable(ErrorHandler.java:206)
at org.openqa.selenium.remote.ErrorHandler.throwIfResponseFailed(ErrorHandler.java:158)
at org.openqa.selenium.remote.RemoteWebDriver.execute(RemoteWebDriver.java:678)
at org.openqa.selenium.remote.RemoteWebElement.execute(RemoteWebElement.java:327)
at org.openqa.selenium.remote.RemoteWebElement.click(RemoteWebElement.java:85)
at org.openqa.selenium.support.pagefactory.internal.LocatingElementHandler.invoke(LocatingElementHandler.java:51)
at com.sun.proxy.$Proxy18.click(Unknown Source)
at org.thecollective.pageobjects.homepage.HomePageObjects.clickLogo(HomePageObjects.java:422)
at org.thecollective.modules.CheckoutModuleTest.verifyCouponsFunctionality(CheckoutModuleTest.java:407)
at org.thecollective.maincontroller.MainController.run(MainController.java:266)
... Removed 34 stack frames]]>
    </failure>
  </testcase> <!-- verifyCouponsFunctionality -->
  <testcase name="verifyCouponsSectionCheckoutPage" time="11.77" classname="org.thecollective.modules.CheckoutModuleTest">
    <failure type="org.openqa.selenium.NoSuchElementException" message="no such element: Unable to locate element: {&amp;quot;method&amp;quot;:&amp;quot;xpath&amp;quot;,&amp;quot;selector&amp;quot;:&amp;quot;//a[@title=&amp;apos;Login&amp;apos;]&amp;quot;}
  (Session info: chrome=71.0.3578.98)
  (Driver info: chromedriver=2.43.600210 (68dcf5eebde37173d4027fa8635e332711d2874a),platform=Windows NT 6.3.9600 x86_64) (WARNING: The server did not provide any stacktrace information)
Command duration or timeout: 10.06 seconds
For documentation on this error, please visit: http://seleniumhq.org/exceptions/no_such_element.html
Build info: version: &amp;apos;2.53.0&amp;apos;, revision: &amp;apos;35ae25b1534ae328c771e0856c93e187490ca824&amp;apos;, time: &amp;apos;2016-03-15 10:43:46&amp;apos;
System info: host: &amp;apos;MGLT-CND6046GGC&amp;apos;, ip: &amp;apos;172.21.14.193&amp;apos;, os.name: &amp;apos;Windows 8.1&amp;apos;, os.arch: &amp;apos;amd64&amp;apos;, os.version: &amp;apos;6.3&amp;apos;, java.version: &amp;apos;1.8.0_131&amp;apos;
Driver info: org.openqa.selenium.chrome.ChromeDriver
Capabilities [{mobileEmulationEnabled=false, hasTouchScreen=false, platform=WIN8_1, acceptSslCerts=false, goog:chromeOptions={debuggerAddress=localhost:58461}, acceptInsecureCerts=false, webStorageEnabled=true, browserName=chrome, takesScreenshot=true, javascriptEnabled=true, setWindowRect=true, unexpectedAlertBehaviour=, applicationCacheEnabled=false, rotatable=false, networkConnectionEnabled=false, chrome={chromedriverVersion=2.43.600210 (68dcf5eebde37173d4027fa8635e332711d2874a), userDataDir=C:\Users\THIRUV~1.CHI\AppData\Local\Temp\scoped_dir7520_25071}, takesHeapSnapshot=true, pageLoadStrategy=normal, databaseEnabled=false, handlesAlerts=true, version=71.0.3578.98, browserConnectionEnabled=false, nativeEvents=true, locationContextEnabled=true, cssSelectorsEnabled=true}]
Session ID: d10e3229f0edd47081562587783fc3b5
*** Element info: {Using=xpath, value=//a[@title=&amp;apos;Login&amp;apos;]}">
      <![CDATA[org.openqa.selenium.NoSuchElementException: no such element: Unable to locate element: {"method":"xpath","selector":"//a[@title='Login']"}
  (Session info: chrome=71.0.3578.98)
  (Driver info: chromedriver=2.43.600210 (68dcf5eebde37173d4027fa8635e332711d2874a),platform=Windows NT 6.3.9600 x86_64) (WARNING: The server did not provide any stacktrace information)
Command duration or timeout: 10.06 seconds
For documentation on this error, please visit: http://seleniumhq.org/exceptions/no_such_element.html
Build info: version: '2.53.0', revision: '35ae25b1534ae328c771e0856c93e187490ca824', time: '2016-03-15 10:43:46'
System info: host: 'MGLT-CND6046GGC', ip: '172.21.14.193', os.name: 'Windows 8.1', os.arch: 'amd64', os.version: '6.3', java.version: '1.8.0_131'
Driver info: org.openqa.selenium.chrome.ChromeDriver
Capabilities [{mobileEmulationEnabled=false, hasTouchScreen=false, platform=WIN8_1, acceptSslCerts=false, goog:chromeOptions={debuggerAddress=localhost:58461}, acceptInsecureCerts=false, webStorageEnabled=true, browserName=chrome, takesScreenshot=true, javascriptEnabled=true, setWindowRect=true, unexpectedAlertBehaviour=, applicationCacheEnabled=false, rotatable=false, networkConnectionEnabled=false, chrome={chromedriverVersion=2.43.600210 (68dcf5eebde37173d4027fa8635e332711d2874a), userDataDir=C:\Users\THIRUV~1.CHI\AppData\Local\Temp\scoped_dir7520_25071}, takesHeapSnapshot=true, pageLoadStrategy=normal, databaseEnabled=false, handlesAlerts=true, version=71.0.3578.98, browserConnectionEnabled=false, nativeEvents=true, locationContextEnabled=true, cssSelectorsEnabled=true}]
Session ID: d10e3229f0edd47081562587783fc3b5
*** Element info: {Using=xpath, value=//a[@title='Login']}
at org.openqa.selenium.remote.ErrorHandler.createThrowable(ErrorHandler.java:206)
at org.openqa.selenium.remote.ErrorHandler.throwIfResponseFailed(ErrorHandler.java:158)
at org.openqa.selenium.remote.RemoteWebDriver.execute(RemoteWebDriver.java:678)
at org.openqa.selenium.remote.RemoteWebDriver.findElement(RemoteWebDriver.java:363)
at org.openqa.selenium.remote.RemoteWebDriver.findElementByXPath(RemoteWebDriver.java:500)
at org.openqa.selenium.By$ByXPath.findElement(By.java:361)
at org.openqa.selenium.remote.RemoteWebDriver.findElement(RemoteWebDriver.java:355)
at org.openqa.selenium.support.pagefactory.DefaultElementLocator.findElement(DefaultElementLocator.java:69)
at org.openqa.selenium.support.pagefactory.internal.LocatingElementHandler.invoke(LocatingElementHandler.java:38)
at com.sun.proxy.$Proxy18.getCoordinates(Unknown Source)
at org.openqa.selenium.interactions.internal.MouseAction.getActionLocation(MouseAction.java:51)
at org.openqa.selenium.interactions.MoveMouseAction.perform(MoveMouseAction.java:39)
at org.openqa.selenium.interactions.CompositeAction.perform(CompositeAction.java:50)
at org.thecollective.pageobjects.homepage.HomePageObjects.clickOnLoginLink(HomePageObjects.java:239)
at org.thecollective.modules.CheckoutModuleTest.verifyCouponsSectionCheckoutPage(CheckoutModuleTest.java:343)
at org.thecollective.maincontroller.MainController.run(MainController.java:266)
... Removed 31 stack frames]]>
    </failure>
  </testcase> <!-- verifyCouponsSectionCheckoutPage -->
  <testcase name="verifyLoginFunctionalityInCheckoutPage" time="54.054" classname="org.thecollective.modules.CheckoutModuleTest">
    <failure type="java.lang.AssertionError" message="expected [9,375] but found [12,500.00]">
      <![CDATA[java.lang.AssertionError: expected [9,375] but found [12,500.00]
at org.thecollective.pageobjects.checkout.CheckoutSummaryPageObjects.verifyOrdrSummaryPrice(CheckoutSummaryPageObjects.java:284)
at org.thecollective.modules.CheckoutModuleTest.verifyLoginFunctionalityInCheckoutPage(CheckoutModuleTest.java:328)
at org.thecollective.maincontroller.MainController.run(MainController.java:266)
... Removed 33 stack frames]]>
    </failure>
  </testcase> <!-- verifyLoginFunctionalityInCheckoutPage -->
  <testcase name="verifyLoginFunctionalityInCouponsTabTest" time="52.128" classname="org.thecollective.modules.CheckoutModuleTest"/>
  <testcase name="verifyOrderPlacementByCCO" time="26.879" classname="org.thecollective.modules.CheckoutModuleTest">
    <failure type="org.openqa.selenium.NoSuchElementException" message="no such element: Unable to locate element: {&amp;quot;method&amp;quot;:&amp;quot;xpath&amp;quot;,&amp;quot;selector&amp;quot;:&amp;quot;//span[contains(.,&amp;apos;Logout&amp;apos;)]&amp;quot;}
  (Session info: chrome=71.0.3578.98)
  (Driver info: chromedriver=2.43.600210 (68dcf5eebde37173d4027fa8635e332711d2874a),platform=Windows NT 6.3.9600 x86_64) (WARNING: The server did not provide any stacktrace information)
Command duration or timeout: 10.07 seconds
For documentation on this error, please visit: http://seleniumhq.org/exceptions/no_such_element.html
Build info: version: &amp;apos;2.53.0&amp;apos;, revision: &amp;apos;35ae25b1534ae328c771e0856c93e187490ca824&amp;apos;, time: &amp;apos;2016-03-15 10:43:46&amp;apos;
System info: host: &amp;apos;MGLT-CND6046GGC&amp;apos;, ip: &amp;apos;172.21.14.193&amp;apos;, os.name: &amp;apos;Windows 8.1&amp;apos;, os.arch: &amp;apos;amd64&amp;apos;, os.version: &amp;apos;6.3&amp;apos;, java.version: &amp;apos;1.8.0_131&amp;apos;
Driver info: org.openqa.selenium.chrome.ChromeDriver
Capabilities [{mobileEmulationEnabled=false, hasTouchScreen=false, platform=WIN8_1, acceptSslCerts=false, goog:chromeOptions={debuggerAddress=localhost:58461}, acceptInsecureCerts=false, webStorageEnabled=true, browserName=chrome, takesScreenshot=true, javascriptEnabled=true, setWindowRect=true, unexpectedAlertBehaviour=, applicationCacheEnabled=false, rotatable=false, networkConnectionEnabled=false, chrome={chromedriverVersion=2.43.600210 (68dcf5eebde37173d4027fa8635e332711d2874a), userDataDir=C:\Users\THIRUV~1.CHI\AppData\Local\Temp\scoped_dir7520_25071}, takesHeapSnapshot=true, pageLoadStrategy=normal, databaseEnabled=false, handlesAlerts=true, version=71.0.3578.98, browserConnectionEnabled=false, nativeEvents=true, locationContextEnabled=true, cssSelectorsEnabled=true}]
Session ID: d10e3229f0edd47081562587783fc3b5
*** Element info: {Using=xpath, value=//span[contains(.,&amp;apos;Logout&amp;apos;)]}">
      <![CDATA[org.openqa.selenium.NoSuchElementException: no such element: Unable to locate element: {"method":"xpath","selector":"//span[contains(.,'Logout')]"}
  (Session info: chrome=71.0.3578.98)
  (Driver info: chromedriver=2.43.600210 (68dcf5eebde37173d4027fa8635e332711d2874a),platform=Windows NT 6.3.9600 x86_64) (WARNING: The server did not provide any stacktrace information)
Command duration or timeout: 10.07 seconds
For documentation on this error, please visit: http://seleniumhq.org/exceptions/no_such_element.html
Build info: version: '2.53.0', revision: '35ae25b1534ae328c771e0856c93e187490ca824', time: '2016-03-15 10:43:46'
System info: host: 'MGLT-CND6046GGC', ip: '172.21.14.193', os.name: 'Windows 8.1', os.arch: 'amd64', os.version: '6.3', java.version: '1.8.0_131'
Driver info: org.openqa.selenium.chrome.ChromeDriver
Capabilities [{mobileEmulationEnabled=false, hasTouchScreen=false, platform=WIN8_1, acceptSslCerts=false, goog:chromeOptions={debuggerAddress=localhost:58461}, acceptInsecureCerts=false, webStorageEnabled=true, browserName=chrome, takesScreenshot=true, javascriptEnabled=true, setWindowRect=true, unexpectedAlertBehaviour=, applicationCacheEnabled=false, rotatable=false, networkConnectionEnabled=false, chrome={chromedriverVersion=2.43.600210 (68dcf5eebde37173d4027fa8635e332711d2874a), userDataDir=C:\Users\THIRUV~1.CHI\AppData\Local\Temp\scoped_dir7520_25071}, takesHeapSnapshot=true, pageLoadStrategy=normal, databaseEnabled=false, handlesAlerts=true, version=71.0.3578.98, browserConnectionEnabled=false, nativeEvents=true, locationContextEnabled=true, cssSelectorsEnabled=true}]
Session ID: d10e3229f0edd47081562587783fc3b5
*** Element info: {Using=xpath, value=//span[contains(.,'Logout')]}
at org.openqa.selenium.remote.ErrorHandler.createThrowable(ErrorHandler.java:206)
at org.openqa.selenium.remote.ErrorHandler.throwIfResponseFailed(ErrorHandler.java:158)
at org.openqa.selenium.remote.RemoteWebDriver.execute(RemoteWebDriver.java:678)
at org.openqa.selenium.remote.RemoteWebDriver.findElement(RemoteWebDriver.java:363)
at org.openqa.selenium.remote.RemoteWebDriver.findElementByXPath(RemoteWebDriver.java:500)
at org.openqa.selenium.By$ByXPath.findElement(By.java:361)
at org.openqa.selenium.remote.RemoteWebDriver.findElement(RemoteWebDriver.java:355)
at org.openqa.selenium.support.pagefactory.DefaultElementLocator.findElement(DefaultElementLocator.java:69)
at org.openqa.selenium.support.pagefactory.internal.LocatingElementHandler.invoke(LocatingElementHandler.java:38)
at com.sun.proxy.$Proxy18.getCoordinates(Unknown Source)
at org.openqa.selenium.interactions.internal.MouseAction.getActionLocation(MouseAction.java:51)
at org.openqa.selenium.interactions.MoveMouseAction.perform(MoveMouseAction.java:39)
at org.openqa.selenium.interactions.CompositeAction.perform(CompositeAction.java:50)
at org.thecollective.pageobjects.homepage.HomePageObjects.logout(HomePageObjects.java:472)
at org.thecollective.modules.CheckoutModuleTest.verifyOrderPlacementByCCO(CheckoutModuleTest.java:515)
at org.thecollective.maincontroller.MainController.run(MainController.java:266)
... Removed 31 stack frames]]>
    </failure>
  </testcase> <!-- verifyOrderPlacementByCCO -->
  <testcase name="verifyOrderPlacementByCod" time="16.703" classname="org.thecollective.modules.CheckoutModuleTest">
    <failure type="java.lang.NumberFormatException" message="empty String">
      <![CDATA[java.lang.NumberFormatException: empty String
at sun.misc.FloatingDecimal.readJavaFormatString(FloatingDecimal.java:1842)
at sun.misc.FloatingDecimal.parseDouble(FloatingDecimal.java:110)
at java.lang.Double.parseDouble(Double.java:538)
at org.thecollective.pageobjects.listpage.ListPageObjects.clickOnProductForCod(ListPageObjects.java:197)
at org.thecollective.modules.CheckoutModuleTest.verifyOrderPlacementByCod(CheckoutModuleTest.java:428)
at org.thecollective.maincontroller.MainController.run(MainController.java:266)
... Removed 27 stack frames]]>
    </failure>
  </testcase> <!-- verifyOrderPlacementByCod -->
  <testcase name="veryfyPaymentTest" time="30.421" classname="org.thecollective.modules.CheckoutModuleTest">
    <failure type="org.openqa.selenium.WebDriverException" message="unknown error: Element &amp;lt;a href=&amp;quot;/checkoutsummary?step=1&amp;amp;amp;id=1600168&amp;quot; title=&amp;quot;My Bag&amp;quot; class=&amp;quot;shopping_cart_count aCheckoutLink&amp;quot;&amp;gt;...&amp;lt;/a&amp;gt; is not clickable at point (1329, 24). Other element would receive the click: &amp;lt;div class=&amp;quot;modal fade trendin-error-alert in&amp;quot; id=&amp;quot;divTrendinAlert&amp;quot; data-backdrop=&amp;quot;static&amp;quot; aria-hidden=&amp;quot;false&amp;quot; style=&amp;quot;display: block;&amp;quot;&amp;gt;...&amp;lt;/div&amp;gt;
  (Session info: chrome=71.0.3578.98)
  (Driver info: chromedriver=2.43.600210 (68dcf5eebde37173d4027fa8635e332711d2874a),platform=Windows NT 6.3.9600 x86_64) (WARNING: The server did not provide any stacktrace information)
Command duration or timeout: 128 milliseconds
Build info: version: &amp;apos;2.53.0&amp;apos;, revision: &amp;apos;35ae25b1534ae328c771e0856c93e187490ca824&amp;apos;, time: &amp;apos;2016-03-15 10:43:46&amp;apos;
System info: host: &amp;apos;MGLT-CND6046GGC&amp;apos;, ip: &amp;apos;172.21.14.193&amp;apos;, os.name: &amp;apos;Windows 8.1&amp;apos;, os.arch: &amp;apos;amd64&amp;apos;, os.version: &amp;apos;6.3&amp;apos;, java.version: &amp;apos;1.8.0_131&amp;apos;
Driver info: org.openqa.selenium.chrome.ChromeDriver
Capabilities [{mobileEmulationEnabled=false, hasTouchScreen=false, platform=WIN8_1, acceptSslCerts=false, goog:chromeOptions={debuggerAddress=localhost:58461}, acceptInsecureCerts=false, webStorageEnabled=true, browserName=chrome, takesScreenshot=true, javascriptEnabled=true, setWindowRect=true, unexpectedAlertBehaviour=, applicationCacheEnabled=false, rotatable=false, networkConnectionEnabled=false, chrome={chromedriverVersion=2.43.600210 (68dcf5eebde37173d4027fa8635e332711d2874a), userDataDir=C:\Users\THIRUV~1.CHI\AppData\Local\Temp\scoped_dir7520_25071}, takesHeapSnapshot=true, pageLoadStrategy=normal, databaseEnabled=false, handlesAlerts=true, version=71.0.3578.98, browserConnectionEnabled=false, nativeEvents=true, locationContextEnabled=true, cssSelectorsEnabled=true}]
Session ID: d10e3229f0edd47081562587783fc3b5">
      <![CDATA[org.openqa.selenium.WebDriverException: unknown error: Element <a href="/checkoutsummary?step=1&amp;id=1600168" title="My Bag" class="shopping_cart_count aCheckoutLink">...</a> is not clickable at point (1329, 24). Other element would receive the click: <div class="modal fade trendin-error-alert in" id="divTrendinAlert" data-backdrop="static" aria-hidden="false" style="display: block;">...</div>
  (Session info: chrome=71.0.3578.98)
  (Driver info: chromedriver=2.43.600210 (68dcf5eebde37173d4027fa8635e332711d2874a),platform=Windows NT 6.3.9600 x86_64) (WARNING: The server did not provide any stacktrace information)
Command duration or timeout: 128 milliseconds
Build info: version: '2.53.0', revision: '35ae25b1534ae328c771e0856c93e187490ca824', time: '2016-03-15 10:43:46'
System info: host: 'MGLT-CND6046GGC', ip: '172.21.14.193', os.name: 'Windows 8.1', os.arch: 'amd64', os.version: '6.3', java.version: '1.8.0_131'
Driver info: org.openqa.selenium.chrome.ChromeDriver
Capabilities [{mobileEmulationEnabled=false, hasTouchScreen=false, platform=WIN8_1, acceptSslCerts=false, goog:chromeOptions={debuggerAddress=localhost:58461}, acceptInsecureCerts=false, webStorageEnabled=true, browserName=chrome, takesScreenshot=true, javascriptEnabled=true, setWindowRect=true, unexpectedAlertBehaviour=, applicationCacheEnabled=false, rotatable=false, networkConnectionEnabled=false, chrome={chromedriverVersion=2.43.600210 (68dcf5eebde37173d4027fa8635e332711d2874a), userDataDir=C:\Users\THIRUV~1.CHI\AppData\Local\Temp\scoped_dir7520_25071}, takesHeapSnapshot=true, pageLoadStrategy=normal, databaseEnabled=false, handlesAlerts=true, version=71.0.3578.98, browserConnectionEnabled=false, nativeEvents=true, locationContextEnabled=true, cssSelectorsEnabled=true}]
Session ID: d10e3229f0edd47081562587783fc3b5
at org.openqa.selenium.remote.ErrorHandler.createThrowable(ErrorHandler.java:206)
at org.openqa.selenium.remote.ErrorHandler.throwIfResponseFailed(ErrorHandler.java:158)
at org.openqa.selenium.remote.RemoteWebDriver.execute(RemoteWebDriver.java:678)
at org.openqa.selenium.remote.RemoteWebElement.execute(RemoteWebElement.java:327)
at org.openqa.selenium.remote.RemoteWebElement.click(RemoteWebElement.java:85)
at org.openqa.selenium.support.pagefactory.internal.LocatingElementHandler.invoke(LocatingElementHandler.java:51)
at com.sun.proxy.$Proxy18.click(Unknown Source)
at org.thecollective.pageobjects.pdp.PDPageObjects.clickOnMyBag(PDPageObjects.java:72)
at org.thecollective.modules.CheckoutModuleTest.veryfyPaymentTest(CheckoutModuleTest.java:112)
at org.thecollective.maincontroller.MainController.run(MainController.java:266)
... Removed 34 stack frames]]>
    </failure>
  </testcase> <!-- veryfyPaymentTest -->
  <testcase name="veryfyShippingAddresTest" time="22.692" classname="org.thecollective.modules.CheckoutModuleTest">
    <failure type="org.openqa.selenium.NoSuchElementException" message="no such element: Unable to locate element: {&amp;quot;method&amp;quot;:&amp;quot;xpath&amp;quot;,&amp;quot;selector&amp;quot;:&amp;quot;//a[@title=&amp;apos;Login&amp;apos;]&amp;quot;}
  (Session info: chrome=71.0.3578.98)
  (Driver info: chromedriver=2.43.600210 (68dcf5eebde37173d4027fa8635e332711d2874a),platform=Windows NT 6.3.9600 x86_64) (WARNING: The server did not provide any stacktrace information)
Command duration or timeout: 10.01 seconds
For documentation on this error, please visit: http://seleniumhq.org/exceptions/no_such_element.html
Build info: version: &amp;apos;2.53.0&amp;apos;, revision: &amp;apos;35ae25b1534ae328c771e0856c93e187490ca824&amp;apos;, time: &amp;apos;2016-03-15 10:43:46&amp;apos;
System info: host: &amp;apos;MGLT-CND6046GGC&amp;apos;, ip: &amp;apos;172.21.14.193&amp;apos;, os.name: &amp;apos;Windows 8.1&amp;apos;, os.arch: &amp;apos;amd64&amp;apos;, os.version: &amp;apos;6.3&amp;apos;, java.version: &amp;apos;1.8.0_131&amp;apos;
Driver info: org.openqa.selenium.chrome.ChromeDriver
Capabilities [{mobileEmulationEnabled=false, hasTouchScreen=false, platform=WIN8_1, acceptSslCerts=false, goog:chromeOptions={debuggerAddress=localhost:58461}, acceptInsecureCerts=false, webStorageEnabled=true, browserName=chrome, takesScreenshot=true, javascriptEnabled=true, setWindowRect=true, unexpectedAlertBehaviour=, applicationCacheEnabled=false, rotatable=false, networkConnectionEnabled=false, chrome={chromedriverVersion=2.43.600210 (68dcf5eebde37173d4027fa8635e332711d2874a), userDataDir=C:\Users\THIRUV~1.CHI\AppData\Local\Temp\scoped_dir7520_25071}, takesHeapSnapshot=true, pageLoadStrategy=normal, databaseEnabled=false, handlesAlerts=true, version=71.0.3578.98, browserConnectionEnabled=false, nativeEvents=true, locationContextEnabled=true, cssSelectorsEnabled=true}]
Session ID: d10e3229f0edd47081562587783fc3b5
*** Element info: {Using=xpath, value=//a[@title=&amp;apos;Login&amp;apos;]}">
      <![CDATA[org.openqa.selenium.NoSuchElementException: no such element: Unable to locate element: {"method":"xpath","selector":"//a[@title='Login']"}
  (Session info: chrome=71.0.3578.98)
  (Driver info: chromedriver=2.43.600210 (68dcf5eebde37173d4027fa8635e332711d2874a),platform=Windows NT 6.3.9600 x86_64) (WARNING: The server did not provide any stacktrace information)
Command duration or timeout: 10.01 seconds
For documentation on this error, please visit: http://seleniumhq.org/exceptions/no_such_element.html
Build info: version: '2.53.0', revision: '35ae25b1534ae328c771e0856c93e187490ca824', time: '2016-03-15 10:43:46'
System info: host: 'MGLT-CND6046GGC', ip: '172.21.14.193', os.name: 'Windows 8.1', os.arch: 'amd64', os.version: '6.3', java.version: '1.8.0_131'
Driver info: org.openqa.selenium.chrome.ChromeDriver
Capabilities [{mobileEmulationEnabled=false, hasTouchScreen=false, platform=WIN8_1, acceptSslCerts=false, goog:chromeOptions={debuggerAddress=localhost:58461}, acceptInsecureCerts=false, webStorageEnabled=true, browserName=chrome, takesScreenshot=true, javascriptEnabled=true, setWindowRect=true, unexpectedAlertBehaviour=, applicationCacheEnabled=false, rotatable=false, networkConnectionEnabled=false, chrome={chromedriverVersion=2.43.600210 (68dcf5eebde37173d4027fa8635e332711d2874a), userDataDir=C:\Users\THIRUV~1.CHI\AppData\Local\Temp\scoped_dir7520_25071}, takesHeapSnapshot=true, pageLoadStrategy=normal, databaseEnabled=false, handlesAlerts=true, version=71.0.3578.98, browserConnectionEnabled=false, nativeEvents=true, locationContextEnabled=true, cssSelectorsEnabled=true}]
Session ID: d10e3229f0edd47081562587783fc3b5
*** Element info: {Using=xpath, value=//a[@title='Login']}
at org.openqa.selenium.remote.ErrorHandler.createThrowable(ErrorHandler.java:206)
at org.openqa.selenium.remote.ErrorHandler.throwIfResponseFailed(ErrorHandler.java:158)
at org.openqa.selenium.remote.RemoteWebDriver.execute(RemoteWebDriver.java:678)
at org.openqa.selenium.remote.RemoteWebDriver.findElement(RemoteWebDriver.java:363)
at org.openqa.selenium.remote.RemoteWebDriver.findElementByXPath(RemoteWebDriver.java:500)
at org.openqa.selenium.By$ByXPath.findElement(By.java:361)
at org.openqa.selenium.remote.RemoteWebDriver.findElement(RemoteWebDriver.java:355)
at org.openqa.selenium.support.pagefactory.DefaultElementLocator.findElement(DefaultElementLocator.java:69)
at org.openqa.selenium.support.pagefactory.internal.LocatingElementHandler.invoke(LocatingElementHandler.java:38)
at com.sun.proxy.$Proxy18.getCoordinates(Unknown Source)
at org.openqa.selenium.interactions.internal.MouseAction.getActionLocation(MouseAction.java:51)
at org.openqa.selenium.interactions.MoveMouseAction.perform(MoveMouseAction.java:39)
at org.openqa.selenium.interactions.CompositeAction.perform(CompositeAction.java:50)
at org.thecollective.pageobjects.homepage.HomePageObjects.clickOnLoginLink(HomePageObjects.java:239)
at org.thecollective.modules.CheckoutModuleTest.veryfyShippingAddresTest(CheckoutModuleTest.java:46)
at org.thecollective.maincontroller.MainController.run(MainController.java:266)
... Removed 31 stack frames]]>
    </failure>
  </testcase> <!-- veryfyShippingAddresTest -->
  <testcase name="loginInvalid" time="11.776" classname="org.thecollective.modules.LoginModuleTest"/>
  <testcase name="loginInvalid" time="11.353" classname="org.thecollective.modules.LoginModuleTest"/>
  <testcase name="loginInvalid" time="11.32" classname="org.thecollective.modules.LoginModuleTest"/>
  <testcase name="loginInvalid" time="11.536" classname="org.thecollective.modules.LoginModuleTest"/>
  <testcase name="loginInvalid" time="10.701" classname="org.thecollective.modules.LoginModuleTest"/>
  <testcase name="loginInvalid" time="11.144" classname="org.thecollective.modules.LoginModuleTest"/>
  <testcase name="loginInvalid" time="12.627" classname="org.thecollective.modules.LoginModuleTest"/>
  <testcase name="loginInvalid" time="12.502" classname="org.thecollective.modules.LoginModuleTest"/>
  <testcase name="loginInvalid" time="11.992" classname="org.thecollective.modules.LoginModuleTest"/>
  <testcase name="loginInvalid" time="11.099" classname="org.thecollective.modules.LoginModuleTest"/>
  <testcase name="loginInvalid" time="11.282" classname="org.thecollective.modules.LoginModuleTest"/>
  <testcase name="loginValid" time="12.184" classname="org.thecollective.modules.LoginModuleTest"/>
  <testcase name="verifyLoginLinkInLandingPage" time="13.164" classname="org.thecollective.modules.LoginModuleTest">
    <failure type="org.openqa.selenium.NoSuchElementException" message="no such element: Unable to locate element: {&amp;quot;method&amp;quot;:&amp;quot;xpath&amp;quot;,&amp;quot;selector&amp;quot;:&amp;quot;//a[@title=&amp;apos;Login&amp;apos;]&amp;quot;}
  (Session info: chrome=71.0.3578.98)
  (Driver info: chromedriver=2.43.600210 (68dcf5eebde37173d4027fa8635e332711d2874a),platform=Windows NT 6.3.9600 x86_64) (WARNING: The server did not provide any stacktrace information)
Command duration or timeout: 10.07 seconds
For documentation on this error, please visit: http://seleniumhq.org/exceptions/no_such_element.html
Build info: version: &amp;apos;2.53.0&amp;apos;, revision: &amp;apos;35ae25b1534ae328c771e0856c93e187490ca824&amp;apos;, time: &amp;apos;2016-03-15 10:43:46&amp;apos;
System info: host: &amp;apos;MGLT-CND6046GGC&amp;apos;, ip: &amp;apos;172.21.14.193&amp;apos;, os.name: &amp;apos;Windows 8.1&amp;apos;, os.arch: &amp;apos;amd64&amp;apos;, os.version: &amp;apos;6.3&amp;apos;, java.version: &amp;apos;1.8.0_131&amp;apos;
Driver info: org.openqa.selenium.chrome.ChromeDriver
Capabilities [{mobileEmulationEnabled=false, hasTouchScreen=false, platform=WIN8_1, acceptSslCerts=false, goog:chromeOptions={debuggerAddress=localhost:58461}, acceptInsecureCerts=false, webStorageEnabled=true, browserName=chrome, takesScreenshot=true, javascriptEnabled=true, setWindowRect=true, unexpectedAlertBehaviour=, applicationCacheEnabled=false, rotatable=false, networkConnectionEnabled=false, chrome={chromedriverVersion=2.43.600210 (68dcf5eebde37173d4027fa8635e332711d2874a), userDataDir=C:\Users\THIRUV~1.CHI\AppData\Local\Temp\scoped_dir7520_25071}, takesHeapSnapshot=true, pageLoadStrategy=normal, databaseEnabled=false, handlesAlerts=true, version=71.0.3578.98, browserConnectionEnabled=false, nativeEvents=true, locationContextEnabled=true, cssSelectorsEnabled=true}]
Session ID: d10e3229f0edd47081562587783fc3b5
*** Element info: {Using=xpath, value=//a[@title=&amp;apos;Login&amp;apos;]}">
      <![CDATA[org.openqa.selenium.NoSuchElementException: no such element: Unable to locate element: {"method":"xpath","selector":"//a[@title='Login']"}
  (Session info: chrome=71.0.3578.98)
  (Driver info: chromedriver=2.43.600210 (68dcf5eebde37173d4027fa8635e332711d2874a),platform=Windows NT 6.3.9600 x86_64) (WARNING: The server did not provide any stacktrace information)
Command duration or timeout: 10.07 seconds
For documentation on this error, please visit: http://seleniumhq.org/exceptions/no_such_element.html
Build info: version: '2.53.0', revision: '35ae25b1534ae328c771e0856c93e187490ca824', time: '2016-03-15 10:43:46'
System info: host: 'MGLT-CND6046GGC', ip: '172.21.14.193', os.name: 'Windows 8.1', os.arch: 'amd64', os.version: '6.3', java.version: '1.8.0_131'
Driver info: org.openqa.selenium.chrome.ChromeDriver
Capabilities [{mobileEmulationEnabled=false, hasTouchScreen=false, platform=WIN8_1, acceptSslCerts=false, goog:chromeOptions={debuggerAddress=localhost:58461}, acceptInsecureCerts=false, webStorageEnabled=true, browserName=chrome, takesScreenshot=true, javascriptEnabled=true, setWindowRect=true, unexpectedAlertBehaviour=, applicationCacheEnabled=false, rotatable=false, networkConnectionEnabled=false, chrome={chromedriverVersion=2.43.600210 (68dcf5eebde37173d4027fa8635e332711d2874a), userDataDir=C:\Users\THIRUV~1.CHI\AppData\Local\Temp\scoped_dir7520_25071}, takesHeapSnapshot=true, pageLoadStrategy=normal, databaseEnabled=false, handlesAlerts=true, version=71.0.3578.98, browserConnectionEnabled=false, nativeEvents=true, locationContextEnabled=true, cssSelectorsEnabled=true}]
Session ID: d10e3229f0edd47081562587783fc3b5
*** Element info: {Using=xpath, value=//a[@title='Login']}
at org.openqa.selenium.remote.ErrorHandler.createThrowable(ErrorHandler.java:206)
at org.openqa.selenium.remote.ErrorHandler.throwIfResponseFailed(ErrorHandler.java:158)
at org.openqa.selenium.remote.RemoteWebDriver.execute(RemoteWebDriver.java:678)
at org.openqa.selenium.remote.RemoteWebDriver.findElement(RemoteWebDriver.java:363)
at org.openqa.selenium.remote.RemoteWebDriver.findElementByXPath(RemoteWebDriver.java:500)
at org.openqa.selenium.By$ByXPath.findElement(By.java:361)
at org.openqa.selenium.remote.RemoteWebDriver.findElement(RemoteWebDriver.java:355)
at org.openqa.selenium.support.pagefactory.DefaultElementLocator.findElement(DefaultElementLocator.java:69)
at org.openqa.selenium.support.pagefactory.internal.LocatingElementHandler.invoke(LocatingElementHandler.java:38)
at com.sun.proxy.$Proxy18.getCoordinates(Unknown Source)
at org.openqa.selenium.interactions.internal.MouseAction.getActionLocation(MouseAction.java:51)
at org.openqa.selenium.interactions.MoveMouseAction.perform(MoveMouseAction.java:39)
at org.openqa.selenium.interactions.CompositeAction.perform(CompositeAction.java:50)
at org.thecollective.pageobjects.homepage.HomePageObjects.verifyLoginLink(HomePageObjects.java:660)
at org.thecollective.modules.LoginModuleTest.verifyLoginLinkInLandingPage(LoginModuleTest.java:24)
at org.thecollective.maincontroller.MainController.run(MainController.java:266)
... Removed 30 stack frames]]>
    </failure>
  </testcase> <!-- verifyLoginLinkInLandingPage -->
  <testcase name="verifyLoginLinkInPListPage" time="9.122" classname="org.thecollective.modules.LoginModuleTest"/>
  <testcase name="logoComparision" time="0.0" classname="org.thecollective.modules.HomePageModuleTest">
    <ignored/>
  </testcase> <!-- logoComparision -->
  <testcase name="verifyHomePageFooterLinks" time="0.0" classname="org.thecollective.modules.HomePageModuleTest">
    <ignored/>
  </testcase> <!-- verifyHomePageFooterLinks -->
  <testcase name="@AfterSuite tearDown" time="0.0" classname="org.thecollective.maincontroller.MainController">
    <ignored/>
  </testcase> <!-- @AfterSuite tearDown -->
  <testcase name="@AfterSuite tearDown" time="0.0" classname="org.thecollective.maincontroller.MainController">
    <ignored/>
  </testcase> <!-- @AfterSuite tearDown -->
  <testcase name="@AfterSuite tearDown" time="0.0" classname="org.thecollective.maincontroller.MainController">
    <ignored/>
  </testcase> <!-- @AfterSuite tearDown -->
  <testcase name="@AfterSuite tearDown" time="0.0" classname="org.thecollective.maincontroller.MainController">
    <ignored/>
  </testcase> <!-- @AfterSuite tearDown -->
  <testcase name="@AfterSuite tearDown" time="0.0" classname="org.thecollective.maincontroller.MainController">
    <ignored/>
  </testcase> <!-- @AfterSuite tearDown -->
  <testcase name="@BeforeSuite beforeSuite" time="0.0" classname="org.thecollective.maincontroller.MainController">
    <ignored/>
  </testcase> <!-- @BeforeSuite beforeSuite -->
  <testcase name="@BeforeSuite beforeSuite" time="0.0" classname="org.thecollective.maincontroller.MainController">
    <ignored/>
  </testcase> <!-- @BeforeSuite beforeSuite -->
  <testcase name="@BeforeSuite beforeSuite" time="0.0" classname="org.thecollective.maincontroller.MainController">
    <ignored/>
  </testcase> <!-- @BeforeSuite beforeSuite -->
  <testcase name="@BeforeSuite beforeSuite" time="0.0" classname="org.thecollective.maincontroller.MainController">
    <ignored/>
  </testcase> <!-- @BeforeSuite beforeSuite -->
  <testcase name="@BeforeSuite beforeSuite" time="0.0" classname="org.thecollective.maincontroller.MainController">
    <ignored/>
  </testcase> <!-- @BeforeSuite beforeSuite -->
  <testcase name="verifyChangePassword" time="0.0" classname="org.thecollective.modules.MyAccountModuleTest">
    <ignored/>
  </testcase> <!-- verifyChangePassword -->
  <testcase name="@BeforeTest beforeTest" time="0.0" classname="org.thecollective.maincontroller.MainController">
    <ignored/>
  </testcase> <!-- @BeforeTest beforeTest -->
  <testcase name="@BeforeTest beforeTest" time="0.0" classname="org.thecollective.maincontroller.MainController">
    <ignored/>
  </testcase> <!-- @BeforeTest beforeTest -->
  <testcase name="@BeforeTest beforeTest" time="0.0" classname="org.thecollective.maincontroller.MainController">
    <ignored/>
  </testcase> <!-- @BeforeTest beforeTest -->
  <testcase name="@BeforeTest beforeTest" time="0.0" classname="org.thecollective.maincontroller.MainController">
    <ignored/>
  </testcase> <!-- @BeforeTest beforeTest -->
  <testcase name="@BeforeTest beforeTest" time="0.0" classname="org.thecollective.maincontroller.MainController">
    <ignored/>
  </testcase> <!-- @BeforeTest beforeTest -->
  <testcase name="verifyContentsOfHeaderLinks" time="0.0" classname="org.thecollective.modules.HomePageModuleTest">
    <ignored/>
  </testcase> <!-- verifyContentsOfHeaderLinks -->
</testsuite> <!-- Test -->
