<?xml version="1.0" encoding="UTF-8"?>
<!-- Generated by org.testng.reporters.JUnitXMLReporter -->
<testsuite hostname="MGLT-CND6046GGC" ignored="36" name="Test(failed)(failed)(failed)(failed)" tests="7" failures="3" timestamp="11 Sep 2018 08:27:39 GMT" time="232.603" errors="0">
  <testcase name="veryfyRemoveProductsTest" time="41.498" classname="org.thecollective.modules.CheckoutModuleTest"/>
  <testcase name="verifyOrderPlacementByCod" time="47.218" classname="org.thecollective.modules.CheckoutModuleTest"/>
  <testcase name="verifyLoginFunctionalityInCheckoutPage" time="26.553" classname="org.thecollective.modules.CheckoutModuleTest"/>
  <testcase name="veryfyShippingAddresTest" time="23.84" classname="org.thecollective.modules.CheckoutModuleTest">
    <failure type="org.openqa.selenium.NoSuchElementException" message="no such element: Unable to locate element: {&amp;quot;method&amp;quot;:&amp;quot;xpath&amp;quot;,&amp;quot;selector&amp;quot;:&amp;quot;//a[@title=&amp;apos;Login&amp;apos;]&amp;quot;}
  (Session info: chrome=68.0.3440.106)
  (Driver info: chromedriver=2.36.540470 (e522d04694c7ebea4ba8821272dbef4f9b818c91),platform=Windows NT 6.3.9600 x86_64) (WARNING: The server did not provide any stacktrace information)
Command duration or timeout: 10.05 seconds
For documentation on this error, please visit: http://seleniumhq.org/exceptions/no_such_element.html
Build info: version: &amp;apos;2.53.0&amp;apos;, revision: &amp;apos;35ae25b1534ae328c771e0856c93e187490ca824&amp;apos;, time: &amp;apos;2016-03-15 10:43:46&amp;apos;
System info: host: &amp;apos;MGLT-CND6046GGC&amp;apos;, ip: &amp;apos;172.21.18.194&amp;apos;, os.name: &amp;apos;Windows 8.1&amp;apos;, os.arch: &amp;apos;amd64&amp;apos;, os.version: &amp;apos;6.3&amp;apos;, java.version: &amp;apos;1.8.0_131&amp;apos;
Driver info: org.openqa.selenium.chrome.ChromeDriver
Capabilities [{applicationCacheEnabled=false, rotatable=false, mobileEmulationEnabled=false, networkConnectionEnabled=false, chrome={chromedriverVersion=2.36.540470 (e522d04694c7ebea4ba8821272dbef4f9b818c91), userDataDir=C:\Users\THIRUV~1.CHI\AppData\Local\Temp\scoped_dir18096_6747}, takesHeapSnapshot=true, pageLoadStrategy=normal, databaseEnabled=false, handlesAlerts=true, hasTouchScreen=false, version=68.0.3440.106, platform=WIN8_1, browserConnectionEnabled=false, nativeEvents=true, acceptSslCerts=false, acceptInsecureCerts=false, locationContextEnabled=true, webStorageEnabled=true, browserName=chrome, takesScreenshot=true, javascriptEnabled=true, cssSelectorsEnabled=true, setWindowRect=true, unexpectedAlertBehaviour=}]
Session ID: d1147f1247bb19730a6c32b88827ed3c
*** Element info: {Using=xpath, value=//a[@title=&amp;apos;Login&amp;apos;]}">
      <![CDATA[org.openqa.selenium.NoSuchElementException: no such element: Unable to locate element: {"method":"xpath","selector":"//a[@title='Login']"}
  (Session info: chrome=68.0.3440.106)
  (Driver info: chromedriver=2.36.540470 (e522d04694c7ebea4ba8821272dbef4f9b818c91),platform=Windows NT 6.3.9600 x86_64) (WARNING: The server did not provide any stacktrace information)
Command duration or timeout: 10.05 seconds
For documentation on this error, please visit: http://seleniumhq.org/exceptions/no_such_element.html
Build info: version: '2.53.0', revision: '35ae25b1534ae328c771e0856c93e187490ca824', time: '2016-03-15 10:43:46'
System info: host: 'MGLT-CND6046GGC', ip: '172.21.18.194', os.name: 'Windows 8.1', os.arch: 'amd64', os.version: '6.3', java.version: '1.8.0_131'
Driver info: org.openqa.selenium.chrome.ChromeDriver
Capabilities [{applicationCacheEnabled=false, rotatable=false, mobileEmulationEnabled=false, networkConnectionEnabled=false, chrome={chromedriverVersion=2.36.540470 (e522d04694c7ebea4ba8821272dbef4f9b818c91), userDataDir=C:\Users\THIRUV~1.CHI\AppData\Local\Temp\scoped_dir18096_6747}, takesHeapSnapshot=true, pageLoadStrategy=normal, databaseEnabled=false, handlesAlerts=true, hasTouchScreen=false, version=68.0.3440.106, platform=WIN8_1, browserConnectionEnabled=false, nativeEvents=true, acceptSslCerts=false, acceptInsecureCerts=false, locationContextEnabled=true, webStorageEnabled=true, browserName=chrome, takesScreenshot=true, javascriptEnabled=true, cssSelectorsEnabled=true, setWindowRect=true, unexpectedAlertBehaviour=}]
Session ID: d1147f1247bb19730a6c32b88827ed3c
*** Element info: {Using=xpath, value=//a[@title='Login']}
at org.openqa.selenium.remote.ErrorHandler.createThrowable(ErrorHandler.java:206)
at org.openqa.selenium.remote.ErrorHandler.throwIfResponseFailed(ErrorHandler.java:158)
at org.openqa.selenium.remote.RemoteWebDriver.execute(RemoteWebDriver.java:678)
at org.openqa.selenium.remote.RemoteWebDriver.findElement(RemoteWebDriver.java:363)
at org.openqa.selenium.remote.RemoteWebDriver.findElementByXPath(RemoteWebDriver.java:500)
at org.openqa.selenium.By$ByXPath.findElement(By.java:361)
at org.openqa.selenium.remote.RemoteWebDriver.findElement(RemoteWebDriver.java:355)
at org.openqa.selenium.support.pagefactory.DefaultElementLocator.findElement(DefaultElementLocator.java:69)
at org.openqa.selenium.support.pagefactory.internal.LocatingElementHandler.invoke(LocatingElementHandler.java:38)
at com.sun.proxy.$Proxy18.getCoordinates(Unknown Source)
at org.openqa.selenium.interactions.internal.MouseAction.getActionLocation(MouseAction.java:51)
at org.openqa.selenium.interactions.MoveMouseAction.perform(MoveMouseAction.java:39)
at org.openqa.selenium.interactions.CompositeAction.perform(CompositeAction.java:50)
at org.thecollective.pageobjects.homepage.HomePageObjects.clickOnLoginLink(HomePageObjects.java:248)
at org.thecollective.modules.CheckoutModuleTest.veryfyShippingAddresTest(CheckoutModuleTest.java:46)
at org.thecollective.maincontroller.MainController.run(MainController.java:220)
... Removed 31 stack frames]]>
    </failure>
  </testcase> <!-- veryfyShippingAddresTest -->
  <testcase name="verifyOrderPlacementByCCO" time="52.999" classname="org.thecollective.modules.CheckoutModuleTest">
    <failure type="java.lang.AssertionError" message="selected payment option :Credit Cardis not available expected [true] but found [false]">
      <![CDATA[java.lang.AssertionError: selected payment option :Credit Cardis not available expected [true] but found [false]
at org.thecollective.pageobjects.checkout.CheckoutPaymentPageObjects.verifyPaymentMethod(CheckoutPaymentPageObjects.java:74)
at org.thecollective.modules.CheckoutModuleTest.verifyOrderPlacementByCCO(CheckoutModuleTest.java:457)
at org.thecollective.maincontroller.MainController.run(MainController.java:220)
... Removed 30 stack frames]]>
    </failure>
  </testcase> <!-- verifyOrderPlacementByCCO -->
  <testcase name="verifyBrandsSubFilterFun" time="7.018" classname="org.thecollective.modules.PLPModuleTest">
    <failure type="java.util.NoSuchElementException">
      <![CDATA[java.util.NoSuchElementException
at java.util.TreeMap.key(TreeMap.java:1327)
at java.util.TreeMap.firstKey(TreeMap.java:290)
at java.util.TreeSet.first(TreeSet.java:394)
at org.thecollective.pageobjects.listpage.ListPageObjects.verifySearchWithinFun(ListPageObjects.java:485)
at org.thecollective.modules.PLPModuleTest.verifyBrandsSubFilterFun(PLPModuleTest.java:280)
at org.thecollective.maincontroller.MainController.run(MainController.java:220)
... Removed 27 stack frames]]>
    </failure>
  </testcase> <!-- verifyBrandsSubFilterFun -->
  <testcase name="verifyLoginLinkInLandingPage" time="1.389" classname="org.thecollective.modules.LoginModuleTest"/>
  <testcase name="verifySingleFilterForCatNavigation" time="0.0" classname="org.thecollective.modules.PLPModuleTest">
    <ignored/>
  </testcase> <!-- verifySingleFilterForCatNavigation -->
  <testcase name="verifyMultiFiltersForCatNavigation" time="0.0" classname="org.thecollective.modules.PLPModuleTest">
    <ignored/>
  </testcase> <!-- verifyMultiFiltersForCatNavigation -->
  <testcase name="updateQuantityTest" time="0.0" classname="org.thecollective.modules.CheckoutModuleTest">
    <ignored/>
  </testcase> <!-- updateQuantityTest -->
  <testcase name="verifyLoginFunctionalityInCouponsTabTest" time="0.0" classname="org.thecollective.modules.CheckoutModuleTest">
    <ignored/>
  </testcase> <!-- verifyLoginFunctionalityInCouponsTabTest -->
  <testcase name="veryfyCheckoutPageTest" time="0.0" classname="org.thecollective.modules.CheckoutModuleTest">
    <ignored/>
  </testcase> <!-- veryfyCheckoutPageTest -->
  <testcase name="verifyBrandsSubFilterSection" time="0.0" classname="org.thecollective.modules.PLPModuleTest">
    <ignored/>
  </testcase> <!-- verifyBrandsSubFilterSection -->
  <testcase name="verifyProductListPageBySearch" time="0.0" classname="org.thecollective.modules.PLPModuleTest">
    <ignored/>
  </testcase> <!-- verifyProductListPageBySearch -->
  <testcase name="verifyUpdatePriceTest" time="0.0" classname="org.thecollective.modules.CheckoutModuleTest">
    <ignored/>
  </testcase> <!-- verifyUpdatePriceTest -->
  <testcase name="loginInvalid" time="0.0" classname="org.thecollective.modules.LoginModuleTest">
    <ignored/>
  </testcase> <!-- loginInvalid -->
  <testcase name="verifySingleFilterPageRefreshForCatNavigation" time="0.0" classname="org.thecollective.modules.PLPModuleTest">
    <ignored/>
  </testcase> <!-- verifySingleFilterPageRefreshForCatNavigation -->
  <testcase name="verifyLoginByClickOnContinueInSummaryPage" time="0.0" classname="org.thecollective.modules.CheckoutModuleTest">
    <ignored/>
  </testcase> <!-- verifyLoginByClickOnContinueInSummaryPage -->
  <testcase name="@BeforeTest beforeTest" time="0.0" classname="org.thecollective.maincontroller.MainController">
    <ignored/>
  </testcase> <!-- @BeforeTest beforeTest -->
  <testcase name="@BeforeTest beforeTest" time="0.0" classname="org.thecollective.maincontroller.MainController">
    <ignored/>
  </testcase> <!-- @BeforeTest beforeTest -->
  <testcase name="verifySavedItemsToShoppingCartTest" time="0.0" classname="org.thecollective.modules.CheckoutModuleTest">
    <ignored/>
  </testcase> <!-- verifySavedItemsToShoppingCartTest -->
  <testcase name="verifyLeftNavFiltersForSearch" time="0.0" classname="org.thecollective.modules.PLPModuleTest">
    <ignored/>
  </testcase> <!-- verifyLeftNavFiltersForSearch -->
  <testcase name="veryfyPaymentTest" time="0.0" classname="org.thecollective.modules.CheckoutModuleTest">
    <ignored/>
  </testcase> <!-- veryfyPaymentTest -->
  <testcase name="verifyLoginLinkInCouponsTabTest" time="0.0" classname="org.thecollective.modules.CheckoutModuleTest">
    <ignored/>
  </testcase> <!-- verifyLoginLinkInCouponsTabTest -->
  <testcase name="loginValid" time="0.0" classname="org.thecollective.modules.LoginModuleTest">
    <ignored/>
  </testcase> <!-- loginValid -->
  <testcase name="verifyProductListByCatNavigation" time="0.0" classname="org.thecollective.modules.PLPModuleTest">
    <ignored/>
  </testcase> <!-- verifyProductListByCatNavigation -->
  <testcase name="verifyCouponsSectionCheckoutPage" time="0.0" classname="org.thecollective.modules.CheckoutModuleTest">
    <ignored/>
  </testcase> <!-- verifyCouponsSectionCheckoutPage -->
  <testcase name="verifyProductPriceBeforeUpdateTest" time="0.0" classname="org.thecollective.modules.CheckoutModuleTest">
    <ignored/>
  </testcase> <!-- verifyProductPriceBeforeUpdateTest -->
  <testcase name="verifyLoginLinkInPListPage" time="0.0" classname="org.thecollective.modules.LoginModuleTest">
    <ignored/>
  </testcase> <!-- verifyLoginLinkInPListPage -->
  <testcase name="@AfterSuite tearDown" time="0.0" classname="org.thecollective.maincontroller.MainController">
    <ignored/>
  </testcase> <!-- @AfterSuite tearDown -->
  <testcase name="@AfterSuite tearDown" time="0.0" classname="org.thecollective.maincontroller.MainController">
    <ignored/>
  </testcase> <!-- @AfterSuite tearDown -->
  <testcase name="@BeforeSuite beforeSuite" time="0.0" classname="org.thecollective.maincontroller.MainController">
    <ignored/>
  </testcase> <!-- @BeforeSuite beforeSuite -->
  <testcase name="@BeforeSuite beforeSuite" time="0.0" classname="org.thecollective.maincontroller.MainController">
    <ignored/>
  </testcase> <!-- @BeforeSuite beforeSuite -->
  <testcase name="verifyFilterFunctionalityForSearch" time="0.0" classname="org.thecollective.modules.PLPModuleTest">
    <ignored/>
  </testcase> <!-- verifyFilterFunctionalityForSearch -->
  <testcase name="verifySingleFilterByChangingSortByOption" time="0.0" classname="org.thecollective.modules.PLPModuleTest">
    <ignored/>
  </testcase> <!-- verifySingleFilterByChangingSortByOption -->
  <testcase name="verifyLeftNavFilters" time="0.0" classname="org.thecollective.modules.PLPModuleTest">
    <ignored/>
  </testcase> <!-- verifyLeftNavFilters -->
  <testcase name="verifyMultiFiltersRefreshForCatNavigation" time="0.0" classname="org.thecollective.modules.PLPModuleTest">
    <ignored/>
  </testcase> <!-- verifyMultiFiltersRefreshForCatNavigation -->
  <testcase name="verifyMultipleFilterByChnagingSortByOption" time="0.0" classname="org.thecollective.modules.PLPModuleTest">
    <ignored/>
  </testcase> <!-- verifyMultipleFilterByChnagingSortByOption -->
  <testcase name="verifyLoginPageFromCouponsTabTest" time="0.0" classname="org.thecollective.modules.CheckoutModuleTest">
    <ignored/>
  </testcase> <!-- verifyLoginPageFromCouponsTabTest -->
  <testcase name="verifyMultipleFilterWithPageRefresh" time="0.0" classname="org.thecollective.modules.PLPModuleTest">
    <ignored/>
  </testcase> <!-- verifyMultipleFilterWithPageRefresh -->
  <testcase name="verifyLeftNavFiltersForCatNavigation" time="0.0" classname="org.thecollective.modules.PLPModuleTest">
    <ignored/>
  </testcase> <!-- verifyLeftNavFiltersForCatNavigation -->
  <testcase name="verifyMultipleFilterFunctionalityForSearch" time="0.0" classname="org.thecollective.modules.PLPModuleTest">
    <ignored/>
  </testcase> <!-- verifyMultipleFilterFunctionalityForSearch -->
  <testcase name="verifySingleFilterFunWithPageRefresh" time="0.0" classname="org.thecollective.modules.PLPModuleTest">
    <ignored/>
  </testcase> <!-- verifySingleFilterFunWithPageRefresh -->
</testsuite> <!-- Test(failed)(failed)(failed)(failed) -->
