<!DOCTYPE html PUBLIC "-//W3C//DTD XHTML 1.1//EN" "http://www.w3.org/TR/xhtml11/DTD/xhtml11.dtd">
<html xmlns="http://www.w3.org/1999/xhtml">
<head>
<meta http-equiv="content-type" content="text/html; charset=UTF-8"/>
<title>TestNG Report</title>
<style type="text/css">table {margin-bottom:10px;border-collapse:collapse;empty-cells:show}th,td {border:1px solid #009;padding:.25em .5em}th {vertical-align:bottom}td {vertical-align:top}table a {font-weight:bold}.stripe td {background-color: #E6EBF9}.num {text-align:right}.passedodd td {background-color: #3F3}.passedeven td {background-color: #0A0}.skippedodd td {background-color: #DDD}.skippedeven td {background-color: #CCC}.failedodd td,.attn {background-color: #F33}.failedeven td,.stripe .attn {background-color: #D00}.stacktrace {white-space:pre;font-family:monospace}.totop {font-size:85%;text-align:center;border-bottom:2px solid #000}.invisible {display:none}</style>
</head>
<body>
<table>
<tr><th>Test</th><th># Passed</th><th># Skipped</th><th># Failed</th><th>Time (ms)</th><th>Included Groups</th><th>Excluded Groups</th></tr>
<tr><th colspan="7">Failed suite [Suite]</th></tr>
<tr><td><a href="#t0">Test(failed)</a></td><td class="num">8</td><td class="num">0</td><td class="num attn">11</td><td class="num">799,755</td><td></td><td></td></tr>
</table>
<table id='summary'><thead><tr><th>Class</th><th>Method</th><th>Start</th><th>Time (ms)</th></tr></thead><tbody><tr><th colspan="4">Failed suite [Suite]</th></tr></tbody><tbody id="t0"><tr><th colspan="4">Test(failed) &#8212; failed</th></tr><tr class="failedeven"><td rowspan="8">org.thecollective.modules.CheckoutModuleTest</td><td><a href="#m0">verifyCouponsFunctionality</a></td><td rowspan="1">1551246128842</td><td rowspan="1">53985</td></tr><tr class="failedeven"><td><a href="#m1">verifyCouponsSectionCheckoutPage</a></td><td rowspan="1">1551245936822</td><td rowspan="1">49383</td></tr><tr class="failedeven"><td><a href="#m2">verifyLoginByClickOnContinueInSummaryPage</a></td><td rowspan="1">1551245879144</td><td rowspan="1">51398</td></tr><tr class="failedeven"><td><a href="#m3">verifyLoginFunctionalityInCheckoutPage</a></td><td rowspan="1">1551246009340</td><td rowspan="1">51026</td></tr><tr class="failedeven"><td><a href="#m4">verifyOrderPlacementByCCO</a></td><td rowspan="1">1551246224947</td><td rowspan="1">27016</td></tr><tr class="failedeven"><td><a href="#m5">verifyOrderPlacementByCod</a></td><td rowspan="1">1551245991915</td><td rowspan="1">11749</td></tr><tr class="failedeven"><td><a href="#m6">verifyUpdatePriceTest</a></td><td rowspan="1">1551245714781</td><td rowspan="1">89978</td></tr><tr class="failedeven"><td><a href="#m7">veryfyPaymentTest</a></td><td rowspan="1">1551246188368</td><td rowspan="1">30929</td></tr><tr class="failedodd"><td rowspan="1">org.thecollective.modules.HomePageModuleTest</td><td><a href="#m8">verifyTheCollectiveStores</a></td><td rowspan="1">1551245655753</td><td rowspan="1">9388</td></tr><tr class="failedeven"><td rowspan="2">org.thecollective.modules.PLPModuleTest</td><td><a href="#m9">verifyPriceFilter</a></td><td rowspan="1">1551246404096</td><td rowspan="1">7048</td></tr><tr class="failedeven"><td><a href="#m10">verifySingleFilterByChangingSortByOption</a></td><td rowspan="1">1551246383464</td><td rowspan="1">14172</td></tr><tr><th colspan="4">Test(failed) &#8212; passed</th></tr><tr class="passedeven"><td rowspan="2">org.thecollective.modules.CheckoutModuleTest</td><td><a href="#m11">veryfyRemoveProductsTest</a></td><td rowspan="1">1551245810564</td><td rowspan="1">63106</td></tr><tr class="passedeven"><td><a href="#m12">veryfyShippingAddresTest</a></td><td rowspan="1">1551246065685</td><td rowspan="1">57494</td></tr><tr class="passedodd"><td rowspan="1">org.thecollective.modules.HomePageModuleTest</td><td><a href="#m13">verifyFooterLinksFunctionality</a></td><td rowspan="1">1551245669802</td><td rowspan="1">39683</td></tr><tr class="passedeven"><td rowspan="1">org.thecollective.modules.LoginModuleTest</td><td><a href="#m14">verifyLoginLinkInLandingPage</a></td><td rowspan="1">1551246258513</td><td rowspan="1">1372</td></tr><tr class="passedodd"><td rowspan="1">org.thecollective.modules.MyAccountModuleTest</td><td><a href="#m15">verifyLogoutFunInMyAccountPage</a></td><td rowspan="1">1551246265704</td><td rowspan="1">20118</td></tr><tr class="passedeven"><td rowspan="2">org.thecollective.modules.PDPModuleTest</td><td><a href="#m16">verifyMyWishListFunctionality</a></td><td rowspan="1">1551246338641</td><td rowspan="1">38362</td></tr><tr class="passedeven"><td><a href="#m17">verifyMyWishListFunctionalityAfterLogin</a></td><td rowspan="1">1551246292215</td><td rowspan="1">40609</td></tr><tr class="passedodd"><td rowspan="1">org.thecollective.modules.PLPModuleTest</td><td><a href="#m18">verifySingleFilterFunWithPageRefresh</a></td><td rowspan="1">1551246416489</td><td rowspan="1">15429</td></tr></tbody>
</table>
<h2>Test(failed)</h2><h3 id="m0">org.thecollective.modules.CheckoutModuleTest#verifyCouponsFunctionality</h3><table class="result"><tr><th>Exception</th></tr><tr><td><div class="stacktrace">org.openqa.selenium.WebDriverException: unknown error: Element &lt;img alt=&quot;logo&quot; src=&quot;https://assets.abfrlcdn.com/img/app/thecollective/tc-logo.jpg&quot; class=&quot; b-error b-error b-error b-error b-error b-error&quot;&gt; is not clickable at point (682, 25). Other element would receive the click: &lt;div class=&quot;modal fade trendin-error-alert in&quot; id=&quot;divTrendinAlert&quot; data-backdrop=&quot;static&quot; aria-hidden=&quot;false&quot; style=&quot;display: block;&quot;&gt;...&lt;/div&gt;
  (Session info: chrome=71.0.3578.98)
  (Driver info: chromedriver=2.43.600210 (68dcf5eebde37173d4027fa8635e332711d2874a),platform=Windows NT 6.3.9600 x86_64) (WARNING: The server did not provide any stacktrace information)
Command duration or timeout: 133 milliseconds
Build info: version: &apos;2.53.0&apos;, revision: &apos;35ae25b1534ae328c771e0856c93e187490ca824&apos;, time: &apos;2016-03-15 10:43:46&apos;
System info: host: &apos;MGLT-CND6046GGC&apos;, ip: &apos;172.21.14.193&apos;, os.name: &apos;Windows 8.1&apos;, os.arch: &apos;amd64&apos;, os.version: &apos;6.3&apos;, java.version: &apos;1.8.0_131&apos;
Driver info: org.openqa.selenium.chrome.ChromeDriver
Capabilities [{mobileEmulationEnabled=false, hasTouchScreen=false, platform=WIN8_1, acceptSslCerts=false, goog:chromeOptions={debuggerAddress=localhost:50043}, acceptInsecureCerts=false, webStorageEnabled=true, browserName=chrome, takesScreenshot=true, javascriptEnabled=true, setWindowRect=true, unexpectedAlertBehaviour=, applicationCacheEnabled=false, rotatable=false, networkConnectionEnabled=false, chrome={chromedriverVersion=2.43.600210 (68dcf5eebde37173d4027fa8635e332711d2874a), userDataDir=C:\Users\THIRUV~1.CHI\AppData\Local\Temp\scoped_dir1596_2443}, takesHeapSnapshot=true, pageLoadStrategy=normal, databaseEnabled=false, handlesAlerts=true, version=71.0.3578.98, browserConnectionEnabled=false, nativeEvents=true, locationContextEnabled=true, cssSelectorsEnabled=true}]
Session ID: a5075a269d3d8c6692172da3c2c5d80b
	at org.openqa.selenium.remote.ErrorHandler.createThrowable(ErrorHandler.java:206)
	at org.openqa.selenium.remote.ErrorHandler.throwIfResponseFailed(ErrorHandler.java:158)
	at org.openqa.selenium.remote.RemoteWebDriver.execute(RemoteWebDriver.java:678)
	at org.openqa.selenium.remote.RemoteWebElement.execute(RemoteWebElement.java:327)
	at org.openqa.selenium.remote.RemoteWebElement.click(RemoteWebElement.java:85)
	at org.openqa.selenium.support.pagefactory.internal.LocatingElementHandler.invoke(LocatingElementHandler.java:51)
	at com.sun.proxy.$Proxy18.click(Unknown Source)
	at org.thecollective.pageobjects.homepage.HomePageObjects.clickLogo(HomePageObjects.java:422)
	at org.thecollective.modules.CheckoutModuleTest.verifyCouponsFunctionality(CheckoutModuleTest.java:407)
	at org.thecollective.maincontroller.MainController.run(MainController.java:266)
... Removed 34 stack frames</div></td></tr></table><p class="totop"><a href="#summary">back to summary</a></p>
<h3 id="m1">org.thecollective.modules.CheckoutModuleTest#verifyCouponsSectionCheckoutPage</h3><table class="result"><tr><th>Exception</th></tr><tr><td><div class="stacktrace">org.openqa.selenium.WebDriverException: unknown error: Element &lt;a href=&quot;/checkoutsummary?step=1&amp;amp;id=1600206&quot; title=&quot;My Bag&quot; class=&quot;shopping_cart_count aCheckoutLink&quot;&gt;...&lt;/a&gt; is not clickable at point (1329, 24). Other element would receive the click: &lt;div class=&quot;modal fade trendin-error-alert in&quot; id=&quot;divTrendinAlert&quot; data-backdrop=&quot;static&quot; aria-hidden=&quot;false&quot; style=&quot;display: block;&quot;&gt;...&lt;/div&gt;
  (Session info: chrome=71.0.3578.98)
  (Driver info: chromedriver=2.43.600210 (68dcf5eebde37173d4027fa8635e332711d2874a),platform=Windows NT 6.3.9600 x86_64) (WARNING: The server did not provide any stacktrace information)
Command duration or timeout: 81 milliseconds
Build info: version: &apos;2.53.0&apos;, revision: &apos;35ae25b1534ae328c771e0856c93e187490ca824&apos;, time: &apos;2016-03-15 10:43:46&apos;
System info: host: &apos;MGLT-CND6046GGC&apos;, ip: &apos;172.21.14.193&apos;, os.name: &apos;Windows 8.1&apos;, os.arch: &apos;amd64&apos;, os.version: &apos;6.3&apos;, java.version: &apos;1.8.0_131&apos;
Driver info: org.openqa.selenium.chrome.ChromeDriver
Capabilities [{mobileEmulationEnabled=false, hasTouchScreen=false, platform=WIN8_1, acceptSslCerts=false, goog:chromeOptions={debuggerAddress=localhost:50043}, acceptInsecureCerts=false, webStorageEnabled=true, browserName=chrome, takesScreenshot=true, javascriptEnabled=true, setWindowRect=true, unexpectedAlertBehaviour=, applicationCacheEnabled=false, rotatable=false, networkConnectionEnabled=false, chrome={chromedriverVersion=2.43.600210 (68dcf5eebde37173d4027fa8635e332711d2874a), userDataDir=C:\Users\THIRUV~1.CHI\AppData\Local\Temp\scoped_dir1596_2443}, takesHeapSnapshot=true, pageLoadStrategy=normal, databaseEnabled=false, handlesAlerts=true, version=71.0.3578.98, browserConnectionEnabled=false, nativeEvents=true, locationContextEnabled=true, cssSelectorsEnabled=true}]
Session ID: a5075a269d3d8c6692172da3c2c5d80b
	at org.openqa.selenium.remote.ErrorHandler.createThrowable(ErrorHandler.java:206)
	at org.openqa.selenium.remote.ErrorHandler.throwIfResponseFailed(ErrorHandler.java:158)
	at org.openqa.selenium.remote.RemoteWebDriver.execute(RemoteWebDriver.java:678)
	at org.openqa.selenium.remote.RemoteWebElement.execute(RemoteWebElement.java:327)
	at org.openqa.selenium.remote.RemoteWebElement.click(RemoteWebElement.java:85)
	at org.openqa.selenium.support.pagefactory.internal.LocatingElementHandler.invoke(LocatingElementHandler.java:51)
	at com.sun.proxy.$Proxy18.click(Unknown Source)
	at org.thecollective.pageobjects.pdp.PDPageObjects.clickOnMyBag(PDPageObjects.java:72)
	at org.thecollective.modules.CheckoutModuleTest.verifyCouponsSectionCheckoutPage(CheckoutModuleTest.java:357)
	at org.thecollective.maincontroller.MainController.run(MainController.java:266)
... Removed 35 stack frames</div></td></tr></table><p class="totop"><a href="#summary">back to summary</a></p>
<h3 id="m2">org.thecollective.modules.CheckoutModuleTest#verifyLoginByClickOnContinueInSummaryPage</h3><table class="result"><tr><th>Exception</th></tr><tr><td><div class="stacktrace">java.lang.AssertionError: expected [9,375] but found [12,500.00]
	at org.thecollective.pageobjects.checkout.CheckoutSummaryPageObjects.verifyOrdrSummaryPrice(CheckoutSummaryPageObjects.java:284)
	at org.thecollective.modules.CheckoutModuleTest.verifyLoginByClickOnContinueInSummaryPage(CheckoutModuleTest.java:304)
	at org.thecollective.maincontroller.MainController.run(MainController.java:266)
... Removed 33 stack frames</div></td></tr></table><p class="totop"><a href="#summary">back to summary</a></p>
<h3 id="m3">org.thecollective.modules.CheckoutModuleTest#verifyLoginFunctionalityInCheckoutPage</h3><table class="result"><tr><th>Exception</th></tr><tr><td><div class="stacktrace">java.lang.AssertionError: expected [9,375] but found [12,500.00]
	at org.thecollective.pageobjects.checkout.CheckoutSummaryPageObjects.verifyOrdrSummaryPrice(CheckoutSummaryPageObjects.java:284)
	at org.thecollective.modules.CheckoutModuleTest.verifyLoginFunctionalityInCheckoutPage(CheckoutModuleTest.java:328)
	at org.thecollective.maincontroller.MainController.run(MainController.java:266)
... Removed 33 stack frames</div></td></tr></table><p class="totop"><a href="#summary">back to summary</a></p>
<h3 id="m4">org.thecollective.modules.CheckoutModuleTest#verifyOrderPlacementByCCO</h3><table class="result"><tr><th>Exception</th></tr><tr><td><div class="stacktrace">org.openqa.selenium.NoSuchElementException: no such element: Unable to locate element: {&quot;method&quot;:&quot;xpath&quot;,&quot;selector&quot;:&quot;//span[contains(.,&apos;Logout&apos;)]&quot;}
  (Session info: chrome=71.0.3578.98)
  (Driver info: chromedriver=2.43.600210 (68dcf5eebde37173d4027fa8635e332711d2874a),platform=Windows NT 6.3.9600 x86_64) (WARNING: The server did not provide any stacktrace information)
Command duration or timeout: 10.07 seconds
For documentation on this error, please visit: http://seleniumhq.org/exceptions/no_such_element.html
Build info: version: &apos;2.53.0&apos;, revision: &apos;35ae25b1534ae328c771e0856c93e187490ca824&apos;, time: &apos;2016-03-15 10:43:46&apos;
System info: host: &apos;MGLT-CND6046GGC&apos;, ip: &apos;172.21.14.193&apos;, os.name: &apos;Windows 8.1&apos;, os.arch: &apos;amd64&apos;, os.version: &apos;6.3&apos;, java.version: &apos;1.8.0_131&apos;
Driver info: org.openqa.selenium.chrome.ChromeDriver
Capabilities [{mobileEmulationEnabled=false, hasTouchScreen=false, platform=WIN8_1, acceptSslCerts=false, goog:chromeOptions={debuggerAddress=localhost:50043}, acceptInsecureCerts=false, webStorageEnabled=true, browserName=chrome, takesScreenshot=true, javascriptEnabled=true, setWindowRect=true, unexpectedAlertBehaviour=, applicationCacheEnabled=false, rotatable=false, networkConnectionEnabled=false, chrome={chromedriverVersion=2.43.600210 (68dcf5eebde37173d4027fa8635e332711d2874a), userDataDir=C:\Users\THIRUV~1.CHI\AppData\Local\Temp\scoped_dir1596_2443}, takesHeapSnapshot=true, pageLoadStrategy=normal, databaseEnabled=false, handlesAlerts=true, version=71.0.3578.98, browserConnectionEnabled=false, nativeEvents=true, locationContextEnabled=true, cssSelectorsEnabled=true}]
Session ID: a5075a269d3d8c6692172da3c2c5d80b
*** Element info: {Using=xpath, value=//span[contains(.,&apos;Logout&apos;)]}
	at org.openqa.selenium.remote.ErrorHandler.createThrowable(ErrorHandler.java:206)
	at org.openqa.selenium.remote.ErrorHandler.throwIfResponseFailed(ErrorHandler.java:158)
	at org.openqa.selenium.remote.RemoteWebDriver.execute(RemoteWebDriver.java:678)
	at org.openqa.selenium.remote.RemoteWebDriver.findElement(RemoteWebDriver.java:363)
	at org.openqa.selenium.remote.RemoteWebDriver.findElementByXPath(RemoteWebDriver.java:500)
	at org.openqa.selenium.By$ByXPath.findElement(By.java:361)
	at org.openqa.selenium.remote.RemoteWebDriver.findElement(RemoteWebDriver.java:355)
	at org.openqa.selenium.support.pagefactory.DefaultElementLocator.findElement(DefaultElementLocator.java:69)
	at org.openqa.selenium.support.pagefactory.internal.LocatingElementHandler.invoke(LocatingElementHandler.java:38)
	at com.sun.proxy.$Proxy18.getCoordinates(Unknown Source)
	at org.openqa.selenium.interactions.internal.MouseAction.getActionLocation(MouseAction.java:51)
	at org.openqa.selenium.interactions.MoveMouseAction.perform(MoveMouseAction.java:39)
	at org.openqa.selenium.interactions.CompositeAction.perform(CompositeAction.java:50)
	at org.thecollective.pageobjects.homepage.HomePageObjects.logout(HomePageObjects.java:472)
	at org.thecollective.modules.CheckoutModuleTest.verifyOrderPlacementByCCO(CheckoutModuleTest.java:515)
	at org.thecollective.maincontroller.MainController.run(MainController.java:266)
... Removed 31 stack frames</div></td></tr></table><p class="totop"><a href="#summary">back to summary</a></p>
<h3 id="m5">org.thecollective.modules.CheckoutModuleTest#verifyOrderPlacementByCod</h3><table class="result"><tr><th>Exception</th></tr><tr><td><div class="stacktrace">org.openqa.selenium.NoSuchElementException: no such element: Unable to locate element: {&quot;method&quot;:&quot;xpath&quot;,&quot;selector&quot;:&quot;//a[@title=&apos;Login&apos;]&quot;}
  (Session info: chrome=71.0.3578.98)
  (Driver info: chromedriver=2.43.600210 (68dcf5eebde37173d4027fa8635e332711d2874a),platform=Windows NT 6.3.9600 x86_64) (WARNING: The server did not provide any stacktrace information)
Command duration or timeout: 10.04 seconds
For documentation on this error, please visit: http://seleniumhq.org/exceptions/no_such_element.html
Build info: version: &apos;2.53.0&apos;, revision: &apos;35ae25b1534ae328c771e0856c93e187490ca824&apos;, time: &apos;2016-03-15 10:43:46&apos;
System info: host: &apos;MGLT-CND6046GGC&apos;, ip: &apos;172.21.14.193&apos;, os.name: &apos;Windows 8.1&apos;, os.arch: &apos;amd64&apos;, os.version: &apos;6.3&apos;, java.version: &apos;1.8.0_131&apos;
Driver info: org.openqa.selenium.chrome.ChromeDriver
Capabilities [{mobileEmulationEnabled=false, hasTouchScreen=false, platform=WIN8_1, acceptSslCerts=false, goog:chromeOptions={debuggerAddress=localhost:50043}, acceptInsecureCerts=false, webStorageEnabled=true, browserName=chrome, takesScreenshot=true, javascriptEnabled=true, setWindowRect=true, unexpectedAlertBehaviour=, applicationCacheEnabled=false, rotatable=false, networkConnectionEnabled=false, chrome={chromedriverVersion=2.43.600210 (68dcf5eebde37173d4027fa8635e332711d2874a), userDataDir=C:\Users\THIRUV~1.CHI\AppData\Local\Temp\scoped_dir1596_2443}, takesHeapSnapshot=true, pageLoadStrategy=normal, databaseEnabled=false, handlesAlerts=true, version=71.0.3578.98, browserConnectionEnabled=false, nativeEvents=true, locationContextEnabled=true, cssSelectorsEnabled=true}]
Session ID: a5075a269d3d8c6692172da3c2c5d80b
*** Element info: {Using=xpath, value=//a[@title=&apos;Login&apos;]}
	at org.openqa.selenium.remote.ErrorHandler.createThrowable(ErrorHandler.java:206)
	at org.openqa.selenium.remote.ErrorHandler.throwIfResponseFailed(ErrorHandler.java:158)
	at org.openqa.selenium.remote.RemoteWebDriver.execute(RemoteWebDriver.java:678)
	at org.openqa.selenium.remote.RemoteWebDriver.findElement(RemoteWebDriver.java:363)
	at org.openqa.selenium.remote.RemoteWebDriver.findElementByXPath(RemoteWebDriver.java:500)
	at org.openqa.selenium.By$ByXPath.findElement(By.java:361)
	at org.openqa.selenium.remote.RemoteWebDriver.findElement(RemoteWebDriver.java:355)
	at org.openqa.selenium.support.pagefactory.DefaultElementLocator.findElement(DefaultElementLocator.java:69)
	at org.openqa.selenium.support.pagefactory.internal.LocatingElementHandler.invoke(LocatingElementHandler.java:38)
	at com.sun.proxy.$Proxy18.getCoordinates(Unknown Source)
	at org.openqa.selenium.interactions.internal.MouseAction.getActionLocation(MouseAction.java:51)
	at org.openqa.selenium.interactions.MoveMouseAction.perform(MoveMouseAction.java:39)
	at org.openqa.selenium.interactions.CompositeAction.perform(CompositeAction.java:50)
	at org.thecollective.pageobjects.homepage.HomePageObjects.clickOnLoginLink(HomePageObjects.java:239)
	at org.thecollective.modules.CheckoutModuleTest.verifyOrderPlacementByCod(CheckoutModuleTest.java:420)
	at org.thecollective.maincontroller.MainController.run(MainController.java:266)
... Removed 31 stack frames</div></td></tr></table><p class="totop"><a href="#summary">back to summary</a></p>
<h3 id="m6">org.thecollective.modules.CheckoutModuleTest#verifyUpdatePriceTest</h3><table class="result"><tr><th>Exception</th></tr><tr><td><div class="stacktrace">org.openqa.selenium.NoSuchElementException: Cannot locate element with text: 2
For documentation on this error, please visit: http://seleniumhq.org/exceptions/no_such_element.html
Build info: version: &apos;2.53.0&apos;, revision: &apos;35ae25b1534ae328c771e0856c93e187490ca824&apos;, time: &apos;2016-03-15 10:43:46&apos;
System info: host: &apos;MGLT-CND6046GGC&apos;, ip: &apos;172.21.14.193&apos;, os.name: &apos;Windows 8.1&apos;, os.arch: &apos;amd64&apos;, os.version: &apos;6.3&apos;, java.version: &apos;1.8.0_131&apos;
Driver info: driver.version: unknown
	at org.openqa.selenium.support.ui.Select.selectByVisibleText(Select.java:151)
	at org.thecollective.pageobjects.checkout.CheckoutSummaryPageObjects.updateTheQuantity(CheckoutSummaryPageObjects.java:177)
	at org.thecollective.modules.CheckoutModuleTest.verifyUpdatePriceTest(CheckoutModuleTest.java:196)
	at org.thecollective.maincontroller.MainController.run(MainController.java:266)
... Removed 27 stack frames</div></td></tr></table><p class="totop"><a href="#summary">back to summary</a></p>
<h3 id="m7">org.thecollective.modules.CheckoutModuleTest#veryfyPaymentTest</h3><table class="result"><tr><th>Exception</th></tr><tr><td><div class="stacktrace">org.openqa.selenium.WebDriverException: unknown error: Element &lt;a href=&quot;/checkoutsummary?step=1&amp;amp;id=1600206&quot; title=&quot;My Bag&quot; class=&quot;shopping_cart_count aCheckoutLink&quot;&gt;...&lt;/a&gt; is not clickable at point (1329, 24). Other element would receive the click: &lt;div class=&quot;modal fade trendin-error-alert in&quot; id=&quot;divTrendinAlert&quot; data-backdrop=&quot;static&quot; aria-hidden=&quot;false&quot; style=&quot;display: block;&quot;&gt;...&lt;/div&gt;
  (Session info: chrome=71.0.3578.98)
  (Driver info: chromedriver=2.43.600210 (68dcf5eebde37173d4027fa8635e332711d2874a),platform=Windows NT 6.3.9600 x86_64) (WARNING: The server did not provide any stacktrace information)
Command duration or timeout: 74 milliseconds
Build info: version: &apos;2.53.0&apos;, revision: &apos;35ae25b1534ae328c771e0856c93e187490ca824&apos;, time: &apos;2016-03-15 10:43:46&apos;
System info: host: &apos;MGLT-CND6046GGC&apos;, ip: &apos;172.21.14.193&apos;, os.name: &apos;Windows 8.1&apos;, os.arch: &apos;amd64&apos;, os.version: &apos;6.3&apos;, java.version: &apos;1.8.0_131&apos;
Driver info: org.openqa.selenium.chrome.ChromeDriver
Capabilities [{mobileEmulationEnabled=false, hasTouchScreen=false, platform=WIN8_1, acceptSslCerts=false, goog:chromeOptions={debuggerAddress=localhost:50043}, acceptInsecureCerts=false, webStorageEnabled=true, browserName=chrome, takesScreenshot=true, javascriptEnabled=true, setWindowRect=true, unexpectedAlertBehaviour=, applicationCacheEnabled=false, rotatable=false, networkConnectionEnabled=false, chrome={chromedriverVersion=2.43.600210 (68dcf5eebde37173d4027fa8635e332711d2874a), userDataDir=C:\Users\THIRUV~1.CHI\AppData\Local\Temp\scoped_dir1596_2443}, takesHeapSnapshot=true, pageLoadStrategy=normal, databaseEnabled=false, handlesAlerts=true, version=71.0.3578.98, browserConnectionEnabled=false, nativeEvents=true, locationContextEnabled=true, cssSelectorsEnabled=true}]
Session ID: a5075a269d3d8c6692172da3c2c5d80b
	at org.openqa.selenium.remote.ErrorHandler.createThrowable(ErrorHandler.java:206)
	at org.openqa.selenium.remote.ErrorHandler.throwIfResponseFailed(ErrorHandler.java:158)
	at org.openqa.selenium.remote.RemoteWebDriver.execute(RemoteWebDriver.java:678)
	at org.openqa.selenium.remote.RemoteWebElement.execute(RemoteWebElement.java:327)
	at org.openqa.selenium.remote.RemoteWebElement.click(RemoteWebElement.java:85)
	at org.openqa.selenium.support.pagefactory.internal.LocatingElementHandler.invoke(LocatingElementHandler.java:51)
	at com.sun.proxy.$Proxy18.click(Unknown Source)
	at org.thecollective.pageobjects.pdp.PDPageObjects.clickOnMyBag(PDPageObjects.java:72)
	at org.thecollective.modules.CheckoutModuleTest.veryfyPaymentTest(CheckoutModuleTest.java:112)
	at org.thecollective.maincontroller.MainController.run(MainController.java:266)
... Removed 34 stack frames</div></td></tr></table><p class="totop"><a href="#summary">back to summary</a></p>
<h3 id="m8">org.thecollective.modules.HomePageModuleTest#verifyTheCollectiveStores</h3><table class="result"><tr><th>Exception</th></tr><tr><td><div class="stacktrace">java.lang.AssertionError: expected [PUNE] but found []
	at org.thecollective.pageobjects.homepage.StoresPageObjects.verifyAvailableStores(StoresPageObjects.java:42)
	at org.thecollective.modules.HomePageModuleTest.verifyTheCollectiveStores(HomePageModuleTest.java:65)
	at org.thecollective.maincontroller.MainController.run(MainController.java:266)
... Removed 33 stack frames</div></td></tr></table><p class="totop"><a href="#summary">back to summary</a></p>
<h3 id="m9">org.thecollective.modules.PLPModuleTest#verifyPriceFilter</h3><table class="result"><tr><th>Exception</th></tr><tr><td><div class="stacktrace">java.lang.NumberFormatException: For input string: &quot;&quot;
	at java.lang.NumberFormatException.forInputString(NumberFormatException.java:65)
	at java.lang.Integer.parseInt(Integer.java:592)
	at java.lang.Integer.parseInt(Integer.java:615)
	at org.thecollective.pageobjects.listpage.ListPageObjects.verifyListPageAfterApplyPriceFilter(ListPageObjects.java:562)
	at org.thecollective.modules.PLPModuleTest.verifyPriceFilter(PLPModuleTest.java:295)
	at org.thecollective.maincontroller.MainController.run(MainController.java:266)
... Removed 27 stack frames</div></td></tr></table><p class="totop"><a href="#summary">back to summary</a></p>
<h3 id="m10">org.thecollective.modules.PLPModuleTest#verifySingleFilterByChangingSortByOption</h3><table class="result"><tr><th>Exception</th></tr><tr><td><div class="stacktrace">java.lang.AssertionError: applied filter not shown expected [true] but found [false]
	at org.thecollective.pageobjects.listpage.ListPageObjects.verifySingleCheckedFilter(ListPageObjects.java:438)
	at org.thecollective.modules.PLPModuleTest.verifySingleFilterByChangingSortByOption(PLPModuleTest.java:141)
	at org.thecollective.maincontroller.MainController.run(MainController.java:266)
... Removed 30 stack frames</div></td></tr></table><p class="totop"><a href="#summary">back to summary</a></p>
<h3 id="m11">org.thecollective.modules.CheckoutModuleTest#veryfyRemoveProductsTest</h3><table class="result"><tr><th class="invisible"/></tr></table><p class="totop"><a href="#summary">back to summary</a></p>
<h3 id="m12">org.thecollective.modules.CheckoutModuleTest#veryfyShippingAddresTest</h3><table class="result"><tr><th class="invisible"/></tr></table><p class="totop"><a href="#summary">back to summary</a></p>
<h3 id="m13">org.thecollective.modules.HomePageModuleTest#verifyFooterLinksFunctionality</h3><table class="result"><tr><th class="invisible"/></tr></table><p class="totop"><a href="#summary">back to summary</a></p>
<h3 id="m14">org.thecollective.modules.LoginModuleTest#verifyLoginLinkInLandingPage</h3><table class="result"><tr><th class="invisible"/></tr></table><p class="totop"><a href="#summary">back to summary</a></p>
<h3 id="m15">org.thecollective.modules.MyAccountModuleTest#verifyLogoutFunInMyAccountPage</h3><table class="result"><tr><th class="invisible"/></tr></table><p class="totop"><a href="#summary">back to summary</a></p>
<h3 id="m16">org.thecollective.modules.PDPModuleTest#verifyMyWishListFunctionality</h3><table class="result"><tr><th class="invisible"/></tr></table><p class="totop"><a href="#summary">back to summary</a></p>
<h3 id="m17">org.thecollective.modules.PDPModuleTest#verifyMyWishListFunctionalityAfterLogin</h3><table class="result"><tr><th class="invisible"/></tr></table><p class="totop"><a href="#summary">back to summary</a></p>
<h3 id="m18">org.thecollective.modules.PLPModuleTest#verifySingleFilterFunWithPageRefresh</h3><table class="result"><tr><th class="invisible"/></tr></table><p class="totop"><a href="#summary">back to summary</a></p>
</body>
</html>
