<?xml version="1.0" encoding="UTF-8"?>
<testng-results skipped="0" failed="11" ignored="68" total="87" passed="8">
  <reporter-output>
  </reporter-output>
  <suite name="Failed suite [Suite]" duration-ms="799755" started-at="2019-02-27T05:33:52Z" finished-at="2019-02-27T05:47:11Z">
    <groups>
      <group name="MyAccountModule">
        <method signature="MyAccountModuleTest.verifyLogoutFunInMyAccountPage()[pri:0, instance:org.thecollective.modules.MyAccountModuleTest@7d836c4a]" name="verifyLogoutFunInMyAccountPage" class="org.thecollective.modules.MyAccountModuleTest"/>
      </group> <!-- MyAccountModule -->
      <group name="HomePageModule">
        <method signature="CheckoutModuleTest.verifyLoginByClickOnContinueInSummaryPage()[pri:0, instance:org.thecollective.modules.CheckoutModuleTest@2e590e36]" name="verifyLoginByClickOnContinueInSummaryPage" class="org.thecollective.modules.CheckoutModuleTest"/>
        <method signature="CheckoutModuleTest.verifyUpdatePriceTest()[pri:0, instance:org.thecollective.modules.CheckoutModuleTest@2e590e36]" name="verifyUpdatePriceTest" class="org.thecollective.modules.CheckoutModuleTest"/>
        <method signature="CheckoutModuleTest.verifyCouponsFunctionality()[pri:0, instance:org.thecollective.modules.CheckoutModuleTest@2e590e36]" name="verifyCouponsFunctionality" class="org.thecollective.modules.CheckoutModuleTest"/>
        <method signature="CheckoutModuleTest.verifyCouponsSectionCheckoutPage()[pri:0, instance:org.thecollective.modules.CheckoutModuleTest@2e590e36]" name="verifyCouponsSectionCheckoutPage" class="org.thecollective.modules.CheckoutModuleTest"/>
        <method signature="CheckoutModuleTest.verifyLoginFunctionalityInCheckoutPage()[pri:0, instance:org.thecollective.modules.CheckoutModuleTest@2e590e36]" name="verifyLoginFunctionalityInCheckoutPage" class="org.thecollective.modules.CheckoutModuleTest"/>
        <method signature="CheckoutModuleTest.verifyOrderPlacementByCod()[pri:0, instance:org.thecollective.modules.CheckoutModuleTest@2e590e36]" name="verifyOrderPlacementByCod" class="org.thecollective.modules.CheckoutModuleTest"/>
        <method signature="CheckoutModuleTest.veryfyShippingAddresTest()[pri:0, instance:org.thecollective.modules.CheckoutModuleTest@2e590e36]" name="veryfyShippingAddresTest" class="org.thecollective.modules.CheckoutModuleTest"/>
        <method signature="HomePageModuleTest.verifyFooterLinksFunctionality()[pri:0, instance:org.thecollective.modules.HomePageModuleTest@28200d43]" name="verifyFooterLinksFunctionality" class="org.thecollective.modules.HomePageModuleTest"/>
        <method signature="HomePageModuleTest.verifyTheCollectiveStores()[pri:0, instance:org.thecollective.modules.HomePageModuleTest@28200d43]" name="verifyTheCollectiveStores" class="org.thecollective.modules.HomePageModuleTest"/>
      </group> <!-- HomePageModule -->
      <group name="regression">
        <method signature="CheckoutModuleTest.verifyLoginByClickOnContinueInSummaryPage()[pri:0, instance:org.thecollective.modules.CheckoutModuleTest@2e590e36]" name="verifyLoginByClickOnContinueInSummaryPage" class="org.thecollective.modules.CheckoutModuleTest"/>
        <method signature="CheckoutModuleTest.verifyUpdatePriceTest()[pri:0, instance:org.thecollective.modules.CheckoutModuleTest@2e590e36]" name="verifyUpdatePriceTest" class="org.thecollective.modules.CheckoutModuleTest"/>
        <method signature="CheckoutModuleTest.verifyCouponsFunctionality()[pri:0, instance:org.thecollective.modules.CheckoutModuleTest@2e590e36]" name="verifyCouponsFunctionality" class="org.thecollective.modules.CheckoutModuleTest"/>
        <method signature="CheckoutModuleTest.verifyCouponsSectionCheckoutPage()[pri:0, instance:org.thecollective.modules.CheckoutModuleTest@2e590e36]" name="verifyCouponsSectionCheckoutPage" class="org.thecollective.modules.CheckoutModuleTest"/>
        <method signature="CheckoutModuleTest.verifyLoginFunctionalityInCheckoutPage()[pri:0, instance:org.thecollective.modules.CheckoutModuleTest@2e590e36]" name="verifyLoginFunctionalityInCheckoutPage" class="org.thecollective.modules.CheckoutModuleTest"/>
        <method signature="CheckoutModuleTest.verifyOrderPlacementByCCO()[pri:0, instance:org.thecollective.modules.CheckoutModuleTest@2e590e36]" name="verifyOrderPlacementByCCO" class="org.thecollective.modules.CheckoutModuleTest"/>
        <method signature="CheckoutModuleTest.verifyOrderPlacementByCod()[pri:0, instance:org.thecollective.modules.CheckoutModuleTest@2e590e36]" name="verifyOrderPlacementByCod" class="org.thecollective.modules.CheckoutModuleTest"/>
        <method signature="CheckoutModuleTest.veryfyShippingAddresTest()[pri:0, instance:org.thecollective.modules.CheckoutModuleTest@2e590e36]" name="veryfyShippingAddresTest" class="org.thecollective.modules.CheckoutModuleTest"/>
        <method signature="MyAccountModuleTest.verifyLogoutFunInMyAccountPage()[pri:0, instance:org.thecollective.modules.MyAccountModuleTest@7d836c4a]" name="verifyLogoutFunInMyAccountPage" class="org.thecollective.modules.MyAccountModuleTest"/>
        <method signature="PDPModuleTest.verifyMyWishListFunctionality()[pri:0, instance:org.thecollective.modules.PDPModuleTest@485547ac]" name="verifyMyWishListFunctionality" class="org.thecollective.modules.PDPModuleTest"/>
        <method signature="PDPModuleTest.verifyMyWishListFunctionalityAfterLogin()[pri:0, instance:org.thecollective.modules.PDPModuleTest@485547ac]" name="verifyMyWishListFunctionalityAfterLogin" class="org.thecollective.modules.PDPModuleTest"/>
        <method signature="HomePageModuleTest.verifyFooterLinksFunctionality()[pri:0, instance:org.thecollective.modules.HomePageModuleTest@28200d43]" name="verifyFooterLinksFunctionality" class="org.thecollective.modules.HomePageModuleTest"/>
        <method signature="HomePageModuleTest.verifyTheCollectiveStores()[pri:0, instance:org.thecollective.modules.HomePageModuleTest@28200d43]" name="verifyTheCollectiveStores" class="org.thecollective.modules.HomePageModuleTest"/>
      </group> <!-- regression -->
      <group name="Checkout Module">
        <method signature="CheckoutModuleTest.verifyOrderPlacementByCCO()[pri:0, instance:org.thecollective.modules.CheckoutModuleTest@2e590e36]" name="verifyOrderPlacementByCCO" class="org.thecollective.modules.CheckoutModuleTest"/>
      </group> <!-- Checkout Module -->
      <group name="smoke">
        <method signature="CheckoutModuleTest.verifyLoginByClickOnContinueInSummaryPage()[pri:0, instance:org.thecollective.modules.CheckoutModuleTest@2e590e36]" name="verifyLoginByClickOnContinueInSummaryPage" class="org.thecollective.modules.CheckoutModuleTest"/>
        <method signature="CheckoutModuleTest.verifyUpdatePriceTest()[pri:0, instance:org.thecollective.modules.CheckoutModuleTest@2e590e36]" name="verifyUpdatePriceTest" class="org.thecollective.modules.CheckoutModuleTest"/>
        <method signature="CheckoutModuleTest.verifyCouponsFunctionality()[pri:0, instance:org.thecollective.modules.CheckoutModuleTest@2e590e36]" name="verifyCouponsFunctionality" class="org.thecollective.modules.CheckoutModuleTest"/>
        <method signature="CheckoutModuleTest.verifyCouponsSectionCheckoutPage()[pri:0, instance:org.thecollective.modules.CheckoutModuleTest@2e590e36]" name="verifyCouponsSectionCheckoutPage" class="org.thecollective.modules.CheckoutModuleTest"/>
        <method signature="CheckoutModuleTest.verifyLoginFunctionalityInCheckoutPage()[pri:0, instance:org.thecollective.modules.CheckoutModuleTest@2e590e36]" name="verifyLoginFunctionalityInCheckoutPage" class="org.thecollective.modules.CheckoutModuleTest"/>
        <method signature="CheckoutModuleTest.verifyOrderPlacementByCCO()[pri:0, instance:org.thecollective.modules.CheckoutModuleTest@2e590e36]" name="verifyOrderPlacementByCCO" class="org.thecollective.modules.CheckoutModuleTest"/>
        <method signature="CheckoutModuleTest.verifyOrderPlacementByCod()[pri:0, instance:org.thecollective.modules.CheckoutModuleTest@2e590e36]" name="verifyOrderPlacementByCod" class="org.thecollective.modules.CheckoutModuleTest"/>
        <method signature="CheckoutModuleTest.veryfyShippingAddresTest()[pri:0, instance:org.thecollective.modules.CheckoutModuleTest@2e590e36]" name="veryfyShippingAddresTest" class="org.thecollective.modules.CheckoutModuleTest"/>
        <method signature="MyAccountModuleTest.verifyLogoutFunInMyAccountPage()[pri:0, instance:org.thecollective.modules.MyAccountModuleTest@7d836c4a]" name="verifyLogoutFunInMyAccountPage" class="org.thecollective.modules.MyAccountModuleTest"/>
        <method signature="PDPModuleTest.verifyMyWishListFunctionality()[pri:0, instance:org.thecollective.modules.PDPModuleTest@485547ac]" name="verifyMyWishListFunctionality" class="org.thecollective.modules.PDPModuleTest"/>
        <method signature="PDPModuleTest.verifyMyWishListFunctionalityAfterLogin()[pri:0, instance:org.thecollective.modules.PDPModuleTest@485547ac]" name="verifyMyWishListFunctionalityAfterLogin" class="org.thecollective.modules.PDPModuleTest"/>
        <method signature="HomePageModuleTest.verifyFooterLinksFunctionality()[pri:0, instance:org.thecollective.modules.HomePageModuleTest@28200d43]" name="verifyFooterLinksFunctionality" class="org.thecollective.modules.HomePageModuleTest"/>
        <method signature="HomePageModuleTest.verifyTheCollectiveStores()[pri:0, instance:org.thecollective.modules.HomePageModuleTest@28200d43]" name="verifyTheCollectiveStores" class="org.thecollective.modules.HomePageModuleTest"/>
      </group> <!-- smoke -->
      <group name="PDPModule">
        <method signature="PDPModuleTest.verifyMyWishListFunctionality()[pri:0, instance:org.thecollective.modules.PDPModuleTest@485547ac]" name="verifyMyWishListFunctionality" class="org.thecollective.modules.PDPModuleTest"/>
        <method signature="PDPModuleTest.verifyMyWishListFunctionalityAfterLogin()[pri:0, instance:org.thecollective.modules.PDPModuleTest@485547ac]" name="verifyMyWishListFunctionalityAfterLogin" class="org.thecollective.modules.PDPModuleTest"/>
      </group> <!-- PDPModule -->
    </groups>
    <test name="Test(failed)" duration-ms="799755" started-at="2019-02-27T05:33:52Z" finished-at="2019-02-27T05:47:11Z">
      <class name="org.thecollective.modules.PDPModuleTest">
        <test-method status="PASS" signature="setUp()[pri:0, instance:org.thecollective.modules.PDPModuleTest@485547ac]" name="setUp" is-config="true" duration-ms="6389" started-at="2019-02-27T05:44:45Z" finished-at="2019-02-27T05:44:52Z">
          <reporter-output>
          </reporter-output>
        </test-method> <!-- setUp -->
        <test-method status="PASS" signature="startRecording(java.lang.reflect.Method)[pri:0, instance:org.thecollective.modules.PDPModuleTest@485547ac]" name="startRecording" is-config="true" duration-ms="1" started-at="2019-02-27T05:44:52Z" finished-at="2019-02-27T05:44:52Z">
          <params>
            <param index="0">
              <value>
                <![CDATA[public void org.thecollective.modules.PDPModuleTest.verifyMyWishListFunctionalityAfterLogin() throws java.awt.AWTException,java.lang.InterruptedException]]>
              </value>
            </param>
          </params>
          <reporter-output>
          </reporter-output>
        </test-method> <!-- startRecording -->
        <test-method status="PASS" signature="verifyMyWishListFunctionalityAfterLogin()[pri:0, instance:org.thecollective.modules.PDPModuleTest@485547ac]" name="verifyMyWishListFunctionalityAfterLogin" duration-ms="40609" started-at="2019-02-27T05:44:52Z" finished-at="2019-02-27T05:45:32Z">
          <reporter-output>
          </reporter-output>
        </test-method> <!-- verifyMyWishListFunctionalityAfterLogin -->
        <test-method status="PASS" signature="stopRecording(org.testng.ITestResult)[pri:0, instance:org.thecollective.modules.PDPModuleTest@485547ac]" name="stopRecording" is-config="true" duration-ms="2" started-at="2019-02-27T05:45:32Z" finished-at="2019-02-27T05:45:32Z">
          <params>
            <param index="0">
              <value>
                <![CDATA[[TestResult name=verifyMyWishListFunctionalityAfterLogin status=SUCCESS method=PDPModuleTest.verifyMyWishListFunctionalityAfterLogin()[pri:0, instance:org.thecollective.modules.PDPModuleTest@485547ac] output={null}]]]>
              </value>
            </param>
          </params>
          <reporter-output>
          </reporter-output>
        </test-method> <!-- stopRecording -->
        <test-method status="PASS" signature="setUp()[pri:0, instance:org.thecollective.modules.PDPModuleTest@485547ac]" name="setUp" is-config="true" duration-ms="5809" started-at="2019-02-27T05:45:32Z" finished-at="2019-02-27T05:45:38Z">
          <reporter-output>
          </reporter-output>
        </test-method> <!-- setUp -->
        <test-method status="PASS" signature="startRecording(java.lang.reflect.Method)[pri:0, instance:org.thecollective.modules.PDPModuleTest@485547ac]" name="startRecording" is-config="true" duration-ms="2" started-at="2019-02-27T05:45:38Z" finished-at="2019-02-27T05:45:38Z">
          <params>
            <param index="0">
              <value>
                <![CDATA[public void org.thecollective.modules.PDPModuleTest.verifyMyWishListFunctionality() throws java.awt.AWTException,java.lang.InterruptedException]]>
              </value>
            </param>
          </params>
          <reporter-output>
          </reporter-output>
        </test-method> <!-- startRecording -->
        <test-method status="PASS" signature="verifyMyWishListFunctionality()[pri:0, instance:org.thecollective.modules.PDPModuleTest@485547ac]" name="verifyMyWishListFunctionality" duration-ms="38362" started-at="2019-02-27T05:45:38Z" finished-at="2019-02-27T05:46:17Z">
          <reporter-output>
          </reporter-output>
        </test-method> <!-- verifyMyWishListFunctionality -->
        <test-method status="PASS" signature="stopRecording(org.testng.ITestResult)[pri:0, instance:org.thecollective.modules.PDPModuleTest@485547ac]" name="stopRecording" is-config="true" duration-ms="1" started-at="2019-02-27T05:46:17Z" finished-at="2019-02-27T05:46:17Z">
          <params>
            <param index="0">
              <value>
                <![CDATA[[TestResult name=verifyMyWishListFunctionality status=SUCCESS method=PDPModuleTest.verifyMyWishListFunctionality()[pri:0, instance:org.thecollective.modules.PDPModuleTest@485547ac] output={null}]]]>
              </value>
            </param>
          </params>
          <reporter-output>
          </reporter-output>
        </test-method> <!-- stopRecording -->
      </class> <!-- org.thecollective.modules.PDPModuleTest -->
      <class name="org.thecollective.modules.LoginModuleTest">
        <test-method status="PASS" signature="setUp()[pri:0, instance:org.thecollective.modules.LoginModuleTest@4a225014]" name="setUp" is-config="true" duration-ms="6535" started-at="2019-02-27T05:44:11Z" finished-at="2019-02-27T05:44:18Z">
          <reporter-output>
          </reporter-output>
        </test-method> <!-- setUp -->
        <test-method status="PASS" signature="startRecording(java.lang.reflect.Method)[pri:0, instance:org.thecollective.modules.LoginModuleTest@4a225014]" name="startRecording" is-config="true" duration-ms="0" started-at="2019-02-27T05:44:18Z" finished-at="2019-02-27T05:44:18Z">
          <params>
            <param index="0">
              <value>
                <![CDATA[public void org.thecollective.modules.LoginModuleTest.verifyLoginLinkInLandingPage() throws java.lang.InterruptedException]]>
              </value>
            </param>
          </params>
          <reporter-output>
          </reporter-output>
        </test-method> <!-- startRecording -->
        <test-method status="PASS" signature="verifyLoginLinkInLandingPage()[pri:0, instance:org.thecollective.modules.LoginModuleTest@4a225014]" name="verifyLoginLinkInLandingPage" duration-ms="1372" started-at="2019-02-27T05:44:18Z" finished-at="2019-02-27T05:44:19Z">
          <reporter-output>
          </reporter-output>
        </test-method> <!-- verifyLoginLinkInLandingPage -->
        <test-method status="PASS" signature="stopRecording(org.testng.ITestResult)[pri:0, instance:org.thecollective.modules.LoginModuleTest@4a225014]" name="stopRecording" is-config="true" duration-ms="1" started-at="2019-02-27T05:44:19Z" finished-at="2019-02-27T05:44:19Z">
          <params>
            <param index="0">
              <value>
                <![CDATA[[TestResult name=verifyLoginLinkInLandingPage status=SUCCESS method=LoginModuleTest.verifyLoginLinkInLandingPage()[pri:0, instance:org.thecollective.modules.LoginModuleTest@4a225014] output={null}]]]>
              </value>
            </param>
          </params>
          <reporter-output>
          </reporter-output>
        </test-method> <!-- stopRecording -->
      </class> <!-- org.thecollective.modules.LoginModuleTest -->
      <class name="org.thecollective.modules.PLPModuleTest">
        <test-method status="PASS" signature="setUp()[pri:0, instance:org.thecollective.modules.PLPModuleTest@6d77d269]" name="setUp" is-config="true" duration-ms="6456" started-at="2019-02-27T05:46:17Z" finished-at="2019-02-27T05:46:23Z">
          <reporter-output>
          </reporter-output>
        </test-method> <!-- setUp -->
        <test-method status="PASS" signature="startRecording(java.lang.reflect.Method)[pri:0, instance:org.thecollective.modules.PLPModuleTest@6d77d269]" name="startRecording" is-config="true" duration-ms="1" started-at="2019-02-27T05:46:23Z" finished-at="2019-02-27T05:46:23Z">
          <params>
            <param index="0">
              <value>
                <![CDATA[public void org.thecollective.modules.PLPModuleTest.verifySingleFilterByChangingSortByOption() throws java.awt.AWTException,java.lang.InterruptedException,java.lang.Exception]]>
              </value>
            </param>
          </params>
          <reporter-output>
          </reporter-output>
        </test-method> <!-- startRecording -->
        <test-method status="FAIL" signature="verifySingleFilterByChangingSortByOption()[pri:0, instance:org.thecollective.modules.PLPModuleTest@6d77d269]" name="verifySingleFilterByChangingSortByOption" duration-ms="14172" started-at="2019-02-27T05:46:23Z" finished-at="2019-02-27T05:46:37Z">
          <exception class="java.lang.AssertionError">
            <message>
              <![CDATA[applied filter not shown expected [true] but found [false]]]>
            </message>
            <full-stacktrace>
              <![CDATA[java.lang.AssertionError: applied filter not shown expected [true] but found [false]
at org.testng.Assert.fail(Assert.java:96)
at org.testng.Assert.failNotEquals(Assert.java:776)
at org.testng.Assert.assertTrue(Assert.java:44)
at org.thecollective.pageobjects.listpage.ListPageObjects.verifySingleCheckedFilter(ListPageObjects.java:438)
at org.thecollective.modules.PLPModuleTest.verifySingleFilterByChangingSortByOption(PLPModuleTest.java:141)
at sun.reflect.NativeMethodAccessorImpl.invoke0(Native Method)
at sun.reflect.NativeMethodAccessorImpl.invoke(NativeMethodAccessorImpl.java:62)
at sun.reflect.DelegatingMethodAccessorImpl.invoke(DelegatingMethodAccessorImpl.java:43)
at java.lang.reflect.Method.invoke(Method.java:498)
at org.testng.internal.MethodInvocationHelper.invokeMethod(MethodInvocationHelper.java:124)
at org.testng.internal.MethodInvocationHelper$1.runTestMethod(MethodInvocationHelper.java:230)
at org.thecollective.maincontroller.MainController.run(MainController.java:266)
at org.testng.internal.MethodInvocationHelper.invokeHookable(MethodInvocationHelper.java:242)
at org.testng.internal.Invoker.invokeMethod(Invoker.java:576)
at org.testng.internal.Invoker.invokeTestMethod(Invoker.java:716)
at org.testng.internal.Invoker.invokeTestMethods(Invoker.java:988)
at org.testng.internal.TestMethodWorker.invokeTestMethods(TestMethodWorker.java:125)
at org.testng.internal.TestMethodWorker.run(TestMethodWorker.java:109)
at org.testng.TestRunner.privateRun(TestRunner.java:648)
at org.testng.TestRunner.run(TestRunner.java:505)
at org.testng.SuiteRunner.runTest(SuiteRunner.java:455)
at org.testng.SuiteRunner.runSequentially(SuiteRunner.java:450)
at org.testng.SuiteRunner.privateRun(SuiteRunner.java:415)
at org.testng.SuiteRunner.run(SuiteRunner.java:364)
at org.testng.SuiteRunnerWorker.runSuite(SuiteRunnerWorker.java:52)
at org.testng.SuiteRunnerWorker.run(SuiteRunnerWorker.java:84)
at org.testng.TestNG.runSuitesSequentially(TestNG.java:1208)
at org.testng.TestNG.runSuitesLocally(TestNG.java:1137)
at org.testng.TestNG.runSuites(TestNG.java:1049)
at org.testng.TestNG.run(TestNG.java:1017)
at org.testng.remote.AbstractRemoteTestNG.run(AbstractRemoteTestNG.java:114)
at org.testng.remote.RemoteTestNG.initAndRun(RemoteTestNG.java:251)
at org.testng.remote.RemoteTestNG.main(RemoteTestNG.java:77)
]]>
            </full-stacktrace>
          </exception> <!-- java.lang.AssertionError -->
          <reporter-output>
          </reporter-output>
        </test-method> <!-- verifySingleFilterByChangingSortByOption -->
        <test-method status="PASS" signature="stopRecording(org.testng.ITestResult)[pri:0, instance:org.thecollective.modules.PLPModuleTest@6d77d269]" name="stopRecording" is-config="true" duration-ms="1" started-at="2019-02-27T05:46:37Z" finished-at="2019-02-27T05:46:37Z">
          <params>
            <param index="0">
              <value>
                <![CDATA[[TestResult name=verifySingleFilterByChangingSortByOption status=FAILURE method=PLPModuleTest.verifySingleFilterByChangingSortByOption()[pri:0, instance:org.thecollective.modules.PLPModuleTest@6d77d269] output={null}]]]>
              </value>
            </param>
          </params>
          <reporter-output>
          </reporter-output>
        </test-method> <!-- stopRecording -->
        <test-method status="PASS" signature="setUp()[pri:0, instance:org.thecollective.modules.PLPModuleTest@6d77d269]" name="setUp" is-config="true" duration-ms="6456" started-at="2019-02-27T05:46:37Z" finished-at="2019-02-27T05:46:44Z">
          <reporter-output>
          </reporter-output>
        </test-method> <!-- setUp -->
        <test-method status="PASS" signature="startRecording(java.lang.reflect.Method)[pri:0, instance:org.thecollective.modules.PLPModuleTest@6d77d269]" name="startRecording" is-config="true" duration-ms="0" started-at="2019-02-27T05:46:44Z" finished-at="2019-02-27T05:46:44Z">
          <params>
            <param index="0">
              <value>
                <![CDATA[public void org.thecollective.modules.PLPModuleTest.verifyPriceFilter() throws java.awt.AWTException,java.lang.InterruptedException,java.lang.Exception]]>
              </value>
            </param>
          </params>
          <reporter-output>
          </reporter-output>
        </test-method> <!-- startRecording -->
        <test-method status="FAIL" signature="verifyPriceFilter()[pri:0, instance:org.thecollective.modules.PLPModuleTest@6d77d269]" name="verifyPriceFilter" duration-ms="7048" started-at="2019-02-27T05:46:44Z" finished-at="2019-02-27T05:46:51Z">
          <exception class="java.lang.NumberFormatException">
            <message>
              <![CDATA[For input string: ""]]>
            </message>
            <full-stacktrace>
              <![CDATA[java.lang.NumberFormatException: For input string: ""
at java.lang.NumberFormatException.forInputString(NumberFormatException.java:65)
at java.lang.Integer.parseInt(Integer.java:592)
at java.lang.Integer.parseInt(Integer.java:615)
at org.thecollective.pageobjects.listpage.ListPageObjects.verifyListPageAfterApplyPriceFilter(ListPageObjects.java:562)
at org.thecollective.modules.PLPModuleTest.verifyPriceFilter(PLPModuleTest.java:295)
at sun.reflect.NativeMethodAccessorImpl.invoke0(Native Method)
at sun.reflect.NativeMethodAccessorImpl.invoke(NativeMethodAccessorImpl.java:62)
at sun.reflect.DelegatingMethodAccessorImpl.invoke(DelegatingMethodAccessorImpl.java:43)
at java.lang.reflect.Method.invoke(Method.java:498)
at org.testng.internal.MethodInvocationHelper.invokeMethod(MethodInvocationHelper.java:124)
at org.testng.internal.MethodInvocationHelper$1.runTestMethod(MethodInvocationHelper.java:230)
at org.thecollective.maincontroller.MainController.run(MainController.java:266)
at org.testng.internal.MethodInvocationHelper.invokeHookable(MethodInvocationHelper.java:242)
at org.testng.internal.Invoker.invokeMethod(Invoker.java:576)
at org.testng.internal.Invoker.invokeTestMethod(Invoker.java:716)
at org.testng.internal.Invoker.invokeTestMethods(Invoker.java:988)
at org.testng.internal.TestMethodWorker.invokeTestMethods(TestMethodWorker.java:125)
at org.testng.internal.TestMethodWorker.run(TestMethodWorker.java:109)
at org.testng.TestRunner.privateRun(TestRunner.java:648)
at org.testng.TestRunner.run(TestRunner.java:505)
at org.testng.SuiteRunner.runTest(SuiteRunner.java:455)
at org.testng.SuiteRunner.runSequentially(SuiteRunner.java:450)
at org.testng.SuiteRunner.privateRun(SuiteRunner.java:415)
at org.testng.SuiteRunner.run(SuiteRunner.java:364)
at org.testng.SuiteRunnerWorker.runSuite(SuiteRunnerWorker.java:52)
at org.testng.SuiteRunnerWorker.run(SuiteRunnerWorker.java:84)
at org.testng.TestNG.runSuitesSequentially(TestNG.java:1208)
at org.testng.TestNG.runSuitesLocally(TestNG.java:1137)
at org.testng.TestNG.runSuites(TestNG.java:1049)
at org.testng.TestNG.run(TestNG.java:1017)
at org.testng.remote.AbstractRemoteTestNG.run(AbstractRemoteTestNG.java:114)
at org.testng.remote.RemoteTestNG.initAndRun(RemoteTestNG.java:251)
at org.testng.remote.RemoteTestNG.main(RemoteTestNG.java:77)
]]>
            </full-stacktrace>
          </exception> <!-- java.lang.NumberFormatException -->
          <reporter-output>
          </reporter-output>
        </test-method> <!-- verifyPriceFilter -->
        <test-method status="PASS" signature="stopRecording(org.testng.ITestResult)[pri:0, instance:org.thecollective.modules.PLPModuleTest@6d77d269]" name="stopRecording" is-config="true" duration-ms="1" started-at="2019-02-27T05:46:51Z" finished-at="2019-02-27T05:46:51Z">
          <params>
            <param index="0">
              <value>
                <![CDATA[[TestResult name=verifyPriceFilter status=FAILURE method=PLPModuleTest.verifyPriceFilter()[pri:0, instance:org.thecollective.modules.PLPModuleTest@6d77d269] output={null}]]]>
              </value>
            </param>
          </params>
          <reporter-output>
          </reporter-output>
        </test-method> <!-- stopRecording -->
        <test-method status="PASS" signature="setUp()[pri:0, instance:org.thecollective.modules.PLPModuleTest@6d77d269]" name="setUp" is-config="true" duration-ms="5341" started-at="2019-02-27T05:46:51Z" finished-at="2019-02-27T05:46:56Z">
          <reporter-output>
          </reporter-output>
        </test-method> <!-- setUp -->
        <test-method status="PASS" signature="startRecording(java.lang.reflect.Method)[pri:0, instance:org.thecollective.modules.PLPModuleTest@6d77d269]" name="startRecording" is-config="true" duration-ms="1" started-at="2019-02-27T05:46:56Z" finished-at="2019-02-27T05:46:56Z">
          <params>
            <param index="0">
              <value>
                <![CDATA[public void org.thecollective.modules.PLPModuleTest.verifySingleFilterFunWithPageRefresh() throws java.awt.AWTException,java.lang.InterruptedException,java.lang.Exception]]>
              </value>
            </param>
          </params>
          <reporter-output>
          </reporter-output>
        </test-method> <!-- startRecording -->
        <test-method status="PASS" signature="verifySingleFilterFunWithPageRefresh()[pri:0, instance:org.thecollective.modules.PLPModuleTest@6d77d269]" name="verifySingleFilterFunWithPageRefresh" duration-ms="15429" started-at="2019-02-27T05:46:56Z" finished-at="2019-02-27T05:47:11Z">
          <reporter-output>
          </reporter-output>
        </test-method> <!-- verifySingleFilterFunWithPageRefresh -->
        <test-method status="PASS" signature="stopRecording(org.testng.ITestResult)[pri:0, instance:org.thecollective.modules.PLPModuleTest@6d77d269]" name="stopRecording" is-config="true" duration-ms="0" started-at="2019-02-27T05:47:11Z" finished-at="2019-02-27T05:47:11Z">
          <params>
            <param index="0">
              <value>
                <![CDATA[[TestResult name=verifySingleFilterFunWithPageRefresh status=SUCCESS method=PLPModuleTest.verifySingleFilterFunWithPageRefresh()[pri:0, instance:org.thecollective.modules.PLPModuleTest@6d77d269] output={null}]]]>
              </value>
            </param>
          </params>
          <reporter-output>
          </reporter-output>
        </test-method> <!-- stopRecording -->
      </class> <!-- org.thecollective.modules.PLPModuleTest -->
      <class name="org.thecollective.modules.CheckoutModuleTest">
        <test-method status="PASS" signature="setUp()[pri:0, instance:org.thecollective.modules.CheckoutModuleTest@2e590e36]" name="setUp" is-config="true" duration-ms="5279" started-at="2019-02-27T05:35:09Z" finished-at="2019-02-27T05:35:14Z">
          <reporter-output>
          </reporter-output>
        </test-method> <!-- setUp -->
        <test-method status="PASS" signature="startRecording(java.lang.reflect.Method)[pri:0, instance:org.thecollective.modules.CheckoutModuleTest@2e590e36]" name="startRecording" is-config="true" duration-ms="1" started-at="2019-02-27T05:35:14Z" finished-at="2019-02-27T05:35:14Z">
          <params>
            <param index="0">
              <value>
                <![CDATA[public void org.thecollective.modules.CheckoutModuleTest.verifyUpdatePriceTest() throws java.lang.InterruptedException]]>
              </value>
            </param>
          </params>
          <reporter-output>
          </reporter-output>
        </test-method> <!-- startRecording -->
        <test-method status="FAIL" signature="verifyUpdatePriceTest()[pri:0, instance:org.thecollective.modules.CheckoutModuleTest@2e590e36]" name="verifyUpdatePriceTest" duration-ms="89978" started-at="2019-02-27T05:35:14Z" finished-at="2019-02-27T05:36:44Z">
          <exception class="org.openqa.selenium.NoSuchElementException">
            <message>
              <![CDATA[Cannot locate element with text: 2
For documentation on this error, please visit: http://seleniumhq.org/exceptions/no_such_element.html
Build info: version: '2.53.0', revision: '35ae25b1534ae328c771e0856c93e187490ca824', time: '2016-03-15 10:43:46'
System info: host: 'MGLT-CND6046GGC', ip: '172.21.14.193', os.name: 'Windows 8.1', os.arch: 'amd64', os.version: '6.3', java.version: '1.8.0_131'
Driver info: driver.version: unknown]]>
            </message>
            <full-stacktrace>
              <![CDATA[org.openqa.selenium.NoSuchElementException: Cannot locate element with text: 2
For documentation on this error, please visit: http://seleniumhq.org/exceptions/no_such_element.html
Build info: version: '2.53.0', revision: '35ae25b1534ae328c771e0856c93e187490ca824', time: '2016-03-15 10:43:46'
System info: host: 'MGLT-CND6046GGC', ip: '172.21.14.193', os.name: 'Windows 8.1', os.arch: 'amd64', os.version: '6.3', java.version: '1.8.0_131'
Driver info: driver.version: unknown
at org.openqa.selenium.support.ui.Select.selectByVisibleText(Select.java:151)
at org.thecollective.pageobjects.checkout.CheckoutSummaryPageObjects.updateTheQuantity(CheckoutSummaryPageObjects.java:177)
at org.thecollective.modules.CheckoutModuleTest.verifyUpdatePriceTest(CheckoutModuleTest.java:196)
at sun.reflect.NativeMethodAccessorImpl.invoke0(Native Method)
at sun.reflect.NativeMethodAccessorImpl.invoke(NativeMethodAccessorImpl.java:62)
at sun.reflect.DelegatingMethodAccessorImpl.invoke(DelegatingMethodAccessorImpl.java:43)
at java.lang.reflect.Method.invoke(Method.java:498)
at org.testng.internal.MethodInvocationHelper.invokeMethod(MethodInvocationHelper.java:124)
at org.testng.internal.MethodInvocationHelper$1.runTestMethod(MethodInvocationHelper.java:230)
at org.thecollective.maincontroller.MainController.run(MainController.java:266)
at org.testng.internal.MethodInvocationHelper.invokeHookable(MethodInvocationHelper.java:242)
at org.testng.internal.Invoker.invokeMethod(Invoker.java:576)
at org.testng.internal.Invoker.invokeTestMethod(Invoker.java:716)
at org.testng.internal.Invoker.invokeTestMethods(Invoker.java:988)
at org.testng.internal.TestMethodWorker.invokeTestMethods(TestMethodWorker.java:125)
at org.testng.internal.TestMethodWorker.run(TestMethodWorker.java:109)
at org.testng.TestRunner.privateRun(TestRunner.java:648)
at org.testng.TestRunner.run(TestRunner.java:505)
at org.testng.SuiteRunner.runTest(SuiteRunner.java:455)
at org.testng.SuiteRunner.runSequentially(SuiteRunner.java:450)
at org.testng.SuiteRunner.privateRun(SuiteRunner.java:415)
at org.testng.SuiteRunner.run(SuiteRunner.java:364)
at org.testng.SuiteRunnerWorker.runSuite(SuiteRunnerWorker.java:52)
at org.testng.SuiteRunnerWorker.run(SuiteRunnerWorker.java:84)
at org.testng.TestNG.runSuitesSequentially(TestNG.java:1208)
at org.testng.TestNG.runSuitesLocally(TestNG.java:1137)
at org.testng.TestNG.runSuites(TestNG.java:1049)
at org.testng.TestNG.run(TestNG.java:1017)
at org.testng.remote.AbstractRemoteTestNG.run(AbstractRemoteTestNG.java:114)
at org.testng.remote.RemoteTestNG.initAndRun(RemoteTestNG.java:251)
at org.testng.remote.RemoteTestNG.main(RemoteTestNG.java:77)
]]>
            </full-stacktrace>
          </exception> <!-- org.openqa.selenium.NoSuchElementException -->
          <reporter-output>
          </reporter-output>
        </test-method> <!-- verifyUpdatePriceTest -->
        <test-method status="PASS" signature="stopRecording(org.testng.ITestResult)[pri:0, instance:org.thecollective.modules.CheckoutModuleTest@2e590e36]" name="stopRecording" is-config="true" duration-ms="2" started-at="2019-02-27T05:36:44Z" finished-at="2019-02-27T05:36:44Z">
          <params>
            <param index="0">
              <value>
                <![CDATA[[TestResult name=verifyUpdatePriceTest status=FAILURE method=CheckoutModuleTest.verifyUpdatePriceTest()[pri:0, instance:org.thecollective.modules.CheckoutModuleTest@2e590e36] output={null}]]]>
              </value>
            </param>
          </params>
          <reporter-output>
          </reporter-output>
        </test-method> <!-- stopRecording -->
        <test-method status="PASS" signature="setUp()[pri:0, instance:org.thecollective.modules.CheckoutModuleTest@2e590e36]" name="setUp" is-config="true" duration-ms="5792" started-at="2019-02-27T05:36:44Z" finished-at="2019-02-27T05:36:50Z">
          <reporter-output>
          </reporter-output>
        </test-method> <!-- setUp -->
        <test-method status="PASS" signature="startRecording(java.lang.reflect.Method)[pri:0, instance:org.thecollective.modules.CheckoutModuleTest@2e590e36]" name="startRecording" is-config="true" duration-ms="1" started-at="2019-02-27T05:36:50Z" finished-at="2019-02-27T05:36:50Z">
          <params>
            <param index="0">
              <value>
                <![CDATA[public void org.thecollective.modules.CheckoutModuleTest.veryfyRemoveProductsTest() throws java.lang.InterruptedException]]>
              </value>
            </param>
          </params>
          <reporter-output>
          </reporter-output>
        </test-method> <!-- startRecording -->
        <test-method status="PASS" signature="veryfyRemoveProductsTest()[pri:0, instance:org.thecollective.modules.CheckoutModuleTest@2e590e36]" name="veryfyRemoveProductsTest" duration-ms="63106" started-at="2019-02-27T05:36:50Z" finished-at="2019-02-27T05:37:53Z">
          <reporter-output>
          </reporter-output>
        </test-method> <!-- veryfyRemoveProductsTest -->
        <test-method status="PASS" signature="stopRecording(org.testng.ITestResult)[pri:0, instance:org.thecollective.modules.CheckoutModuleTest@2e590e36]" name="stopRecording" is-config="true" duration-ms="1" started-at="2019-02-27T05:37:53Z" finished-at="2019-02-27T05:37:53Z">
          <params>
            <param index="0">
              <value>
                <![CDATA[[TestResult name=veryfyRemoveProductsTest status=SUCCESS method=CheckoutModuleTest.veryfyRemoveProductsTest()[pri:0, instance:org.thecollective.modules.CheckoutModuleTest@2e590e36] output={null}]]]>
              </value>
            </param>
          </params>
          <reporter-output>
          </reporter-output>
        </test-method> <!-- stopRecording -->
        <test-method status="PASS" signature="setUp()[pri:0, instance:org.thecollective.modules.CheckoutModuleTest@2e590e36]" name="setUp" is-config="true" duration-ms="5471" started-at="2019-02-27T05:37:53Z" finished-at="2019-02-27T05:37:59Z">
          <reporter-output>
          </reporter-output>
        </test-method> <!-- setUp -->
        <test-method status="PASS" signature="startRecording(java.lang.reflect.Method)[pri:0, instance:org.thecollective.modules.CheckoutModuleTest@2e590e36]" name="startRecording" is-config="true" duration-ms="1" started-at="2019-02-27T05:37:59Z" finished-at="2019-02-27T05:37:59Z">
          <params>
            <param index="0">
              <value>
                <![CDATA[public void org.thecollective.modules.CheckoutModuleTest.verifyLoginByClickOnContinueInSummaryPage() throws java.lang.InterruptedException]]>
              </value>
            </param>
          </params>
          <reporter-output>
          </reporter-output>
        </test-method> <!-- startRecording -->
        <test-method status="FAIL" signature="verifyLoginByClickOnContinueInSummaryPage()[pri:0, instance:org.thecollective.modules.CheckoutModuleTest@2e590e36]" name="verifyLoginByClickOnContinueInSummaryPage" duration-ms="51398" started-at="2019-02-27T05:37:59Z" finished-at="2019-02-27T05:38:50Z">
          <exception class="java.lang.AssertionError">
            <message>
              <![CDATA[expected [9,375] but found [12,500.00]]]>
            </message>
            <full-stacktrace>
              <![CDATA[java.lang.AssertionError: expected [9,375] but found [12,500.00]
at org.testng.Assert.fail(Assert.java:96)
at org.testng.Assert.failNotEquals(Assert.java:776)
at org.testng.Assert.assertEqualsImpl(Assert.java:137)
at org.testng.Assert.assertEquals(Assert.java:118)
at org.testng.Assert.assertEquals(Assert.java:453)
at org.testng.Assert.assertEquals(Assert.java:463)
at org.thecollective.pageobjects.checkout.CheckoutSummaryPageObjects.verifyOrdrSummaryPrice(CheckoutSummaryPageObjects.java:284)
at org.thecollective.modules.CheckoutModuleTest.verifyLoginByClickOnContinueInSummaryPage(CheckoutModuleTest.java:304)
at sun.reflect.NativeMethodAccessorImpl.invoke0(Native Method)
at sun.reflect.NativeMethodAccessorImpl.invoke(NativeMethodAccessorImpl.java:62)
at sun.reflect.DelegatingMethodAccessorImpl.invoke(DelegatingMethodAccessorImpl.java:43)
at java.lang.reflect.Method.invoke(Method.java:498)
at org.testng.internal.MethodInvocationHelper.invokeMethod(MethodInvocationHelper.java:124)
at org.testng.internal.MethodInvocationHelper$1.runTestMethod(MethodInvocationHelper.java:230)
at org.thecollective.maincontroller.MainController.run(MainController.java:266)
at org.testng.internal.MethodInvocationHelper.invokeHookable(MethodInvocationHelper.java:242)
at org.testng.internal.Invoker.invokeMethod(Invoker.java:576)
at org.testng.internal.Invoker.invokeTestMethod(Invoker.java:716)
at org.testng.internal.Invoker.invokeTestMethods(Invoker.java:988)
at org.testng.internal.TestMethodWorker.invokeTestMethods(TestMethodWorker.java:125)
at org.testng.internal.TestMethodWorker.run(TestMethodWorker.java:109)
at org.testng.TestRunner.privateRun(TestRunner.java:648)
at org.testng.TestRunner.run(TestRunner.java:505)
at org.testng.SuiteRunner.runTest(SuiteRunner.java:455)
at org.testng.SuiteRunner.runSequentially(SuiteRunner.java:450)
at org.testng.SuiteRunner.privateRun(SuiteRunner.java:415)
at org.testng.SuiteRunner.run(SuiteRunner.java:364)
at org.testng.SuiteRunnerWorker.runSuite(SuiteRunnerWorker.java:52)
at org.testng.SuiteRunnerWorker.run(SuiteRunnerWorker.java:84)
at org.testng.TestNG.runSuitesSequentially(TestNG.java:1208)
at org.testng.TestNG.runSuitesLocally(TestNG.java:1137)
at org.testng.TestNG.runSuites(TestNG.java:1049)
at org.testng.TestNG.run(TestNG.java:1017)
at org.testng.remote.AbstractRemoteTestNG.run(AbstractRemoteTestNG.java:114)
at org.testng.remote.RemoteTestNG.initAndRun(RemoteTestNG.java:251)
at org.testng.remote.RemoteTestNG.main(RemoteTestNG.java:77)
]]>
            </full-stacktrace>
          </exception> <!-- java.lang.AssertionError -->
          <reporter-output>
          </reporter-output>
        </test-method> <!-- verifyLoginByClickOnContinueInSummaryPage -->
        <test-method status="PASS" signature="stopRecording(org.testng.ITestResult)[pri:0, instance:org.thecollective.modules.CheckoutModuleTest@2e590e36]" name="stopRecording" is-config="true" duration-ms="1" started-at="2019-02-27T05:38:50Z" finished-at="2019-02-27T05:38:50Z">
          <params>
            <param index="0">
              <value>
                <![CDATA[[TestResult name=verifyLoginByClickOnContinueInSummaryPage status=FAILURE method=CheckoutModuleTest.verifyLoginByClickOnContinueInSummaryPage()[pri:0, instance:org.thecollective.modules.CheckoutModuleTest@2e590e36] output={null}]]]>
              </value>
            </param>
          </params>
          <reporter-output>
          </reporter-output>
        </test-method> <!-- stopRecording -->
        <test-method status="PASS" signature="setUp()[pri:0, instance:org.thecollective.modules.CheckoutModuleTest@2e590e36]" name="setUp" is-config="true" duration-ms="6274" started-at="2019-02-27T05:38:50Z" finished-at="2019-02-27T05:38:56Z">
          <reporter-output>
          </reporter-output>
        </test-method> <!-- setUp -->
        <test-method status="FAIL" signature="verifyCouponsSectionCheckoutPage()[pri:0, instance:org.thecollective.modules.CheckoutModuleTest@2e590e36]" name="verifyCouponsSectionCheckoutPage" duration-ms="49383" started-at="2019-02-27T05:38:56Z" depends-on-methods="org.thecollective.modules.CheckoutModuleTest.veryfyRemoveProductsTest" finished-at="2019-02-27T05:39:46Z">
          <exception class="org.openqa.selenium.WebDriverException">
            <message>
              <![CDATA[unknown error: Element <a href="/checkoutsummary?step=1&amp;id=1600206" title="My Bag" class="shopping_cart_count aCheckoutLink">...</a> is not clickable at point (1329, 24). Other element would receive the click: <div class="modal fade trendin-error-alert in" id="divTrendinAlert" data-backdrop="static" aria-hidden="false" style="display: block;">...</div>
  (Session info: chrome=71.0.3578.98)
  (Driver info: chromedriver=2.43.600210 (68dcf5eebde37173d4027fa8635e332711d2874a),platform=Windows NT 6.3.9600 x86_64) (WARNING: The server did not provide any stacktrace information)
Command duration or timeout: 81 milliseconds
Build info: version: '2.53.0', revision: '35ae25b1534ae328c771e0856c93e187490ca824', time: '2016-03-15 10:43:46'
System info: host: 'MGLT-CND6046GGC', ip: '172.21.14.193', os.name: 'Windows 8.1', os.arch: 'amd64', os.version: '6.3', java.version: '1.8.0_131'
Driver info: org.openqa.selenium.chrome.ChromeDriver
Capabilities [{mobileEmulationEnabled=false, hasTouchScreen=false, platform=WIN8_1, acceptSslCerts=false, goog:chromeOptions={debuggerAddress=localhost:50043}, acceptInsecureCerts=false, webStorageEnabled=true, browserName=chrome, takesScreenshot=true, javascriptEnabled=true, setWindowRect=true, unexpectedAlertBehaviour=, applicationCacheEnabled=false, rotatable=false, networkConnectionEnabled=false, chrome={chromedriverVersion=2.43.600210 (68dcf5eebde37173d4027fa8635e332711d2874a), userDataDir=C:\Users\THIRUV~1.CHI\AppData\Local\Temp\scoped_dir1596_2443}, takesHeapSnapshot=true, pageLoadStrategy=normal, databaseEnabled=false, handlesAlerts=true, version=71.0.3578.98, browserConnectionEnabled=false, nativeEvents=true, locationContextEnabled=true, cssSelectorsEnabled=true}]
Session ID: a5075a269d3d8c6692172da3c2c5d80b]]>
            </message>
            <full-stacktrace>
              <![CDATA[org.openqa.selenium.WebDriverException: unknown error: Element <a href="/checkoutsummary?step=1&amp;id=1600206" title="My Bag" class="shopping_cart_count aCheckoutLink">...</a> is not clickable at point (1329, 24). Other element would receive the click: <div class="modal fade trendin-error-alert in" id="divTrendinAlert" data-backdrop="static" aria-hidden="false" style="display: block;">...</div>
  (Session info: chrome=71.0.3578.98)
  (Driver info: chromedriver=2.43.600210 (68dcf5eebde37173d4027fa8635e332711d2874a),platform=Windows NT 6.3.9600 x86_64) (WARNING: The server did not provide any stacktrace information)
Command duration or timeout: 81 milliseconds
Build info: version: '2.53.0', revision: '35ae25b1534ae328c771e0856c93e187490ca824', time: '2016-03-15 10:43:46'
System info: host: 'MGLT-CND6046GGC', ip: '172.21.14.193', os.name: 'Windows 8.1', os.arch: 'amd64', os.version: '6.3', java.version: '1.8.0_131'
Driver info: org.openqa.selenium.chrome.ChromeDriver
Capabilities [{mobileEmulationEnabled=false, hasTouchScreen=false, platform=WIN8_1, acceptSslCerts=false, goog:chromeOptions={debuggerAddress=localhost:50043}, acceptInsecureCerts=false, webStorageEnabled=true, browserName=chrome, takesScreenshot=true, javascriptEnabled=true, setWindowRect=true, unexpectedAlertBehaviour=, applicationCacheEnabled=false, rotatable=false, networkConnectionEnabled=false, chrome={chromedriverVersion=2.43.600210 (68dcf5eebde37173d4027fa8635e332711d2874a), userDataDir=C:\Users\THIRUV~1.CHI\AppData\Local\Temp\scoped_dir1596_2443}, takesHeapSnapshot=true, pageLoadStrategy=normal, databaseEnabled=false, handlesAlerts=true, version=71.0.3578.98, browserConnectionEnabled=false, nativeEvents=true, locationContextEnabled=true, cssSelectorsEnabled=true}]
Session ID: a5075a269d3d8c6692172da3c2c5d80b
at sun.reflect.NativeConstructorAccessorImpl.newInstance0(Native Method)
at sun.reflect.NativeConstructorAccessorImpl.newInstance(NativeConstructorAccessorImpl.java:62)
at sun.reflect.DelegatingConstructorAccessorImpl.newInstance(DelegatingConstructorAccessorImpl.java:45)
at java.lang.reflect.Constructor.newInstance(Constructor.java:423)
at org.openqa.selenium.remote.ErrorHandler.createThrowable(ErrorHandler.java:206)
at org.openqa.selenium.remote.ErrorHandler.throwIfResponseFailed(ErrorHandler.java:158)
at org.openqa.selenium.remote.RemoteWebDriver.execute(RemoteWebDriver.java:678)
at org.openqa.selenium.remote.RemoteWebElement.execute(RemoteWebElement.java:327)
at org.openqa.selenium.remote.RemoteWebElement.click(RemoteWebElement.java:85)
at sun.reflect.NativeMethodAccessorImpl.invoke0(Native Method)
at sun.reflect.NativeMethodAccessorImpl.invoke(NativeMethodAccessorImpl.java:62)
at sun.reflect.DelegatingMethodAccessorImpl.invoke(DelegatingMethodAccessorImpl.java:43)
at java.lang.reflect.Method.invoke(Method.java:498)
at org.openqa.selenium.support.pagefactory.internal.LocatingElementHandler.invoke(LocatingElementHandler.java:51)
at com.sun.proxy.$Proxy18.click(Unknown Source)
at org.thecollective.pageobjects.pdp.PDPageObjects.clickOnMyBag(PDPageObjects.java:72)
at org.thecollective.modules.CheckoutModuleTest.verifyCouponsSectionCheckoutPage(CheckoutModuleTest.java:357)
at sun.reflect.NativeMethodAccessorImpl.invoke0(Native Method)
at sun.reflect.NativeMethodAccessorImpl.invoke(NativeMethodAccessorImpl.java:62)
at sun.reflect.DelegatingMethodAccessorImpl.invoke(DelegatingMethodAccessorImpl.java:43)
at java.lang.reflect.Method.invoke(Method.java:498)
at org.testng.internal.MethodInvocationHelper.invokeMethod(MethodInvocationHelper.java:124)
at org.testng.internal.MethodInvocationHelper$1.runTestMethod(MethodInvocationHelper.java:230)
at org.thecollective.maincontroller.MainController.run(MainController.java:266)
at org.testng.internal.MethodInvocationHelper.invokeHookable(MethodInvocationHelper.java:242)
at org.testng.internal.Invoker.invokeMethod(Invoker.java:576)
at org.testng.internal.Invoker.invokeTestMethod(Invoker.java:716)
at org.testng.internal.Invoker.invokeTestMethods(Invoker.java:988)
at org.testng.internal.TestMethodWorker.invokeTestMethods(TestMethodWorker.java:125)
at org.testng.internal.TestMethodWorker.run(TestMethodWorker.java:109)
at org.testng.TestRunner.privateRun(TestRunner.java:648)
at org.testng.TestRunner.run(TestRunner.java:505)
at org.testng.SuiteRunner.runTest(SuiteRunner.java:455)
at org.testng.SuiteRunner.runSequentially(SuiteRunner.java:450)
at org.testng.SuiteRunner.privateRun(SuiteRunner.java:415)
at org.testng.SuiteRunner.run(SuiteRunner.java:364)
at org.testng.SuiteRunnerWorker.runSuite(SuiteRunnerWorker.java:52)
at org.testng.SuiteRunnerWorker.run(SuiteRunnerWorker.java:84)
at org.testng.TestNG.runSuitesSequentially(TestNG.java:1208)
at org.testng.TestNG.runSuitesLocally(TestNG.java:1137)
at org.testng.TestNG.runSuites(TestNG.java:1049)
at org.testng.TestNG.run(TestNG.java:1017)
at org.testng.remote.AbstractRemoteTestNG.run(AbstractRemoteTestNG.java:114)
at org.testng.remote.RemoteTestNG.initAndRun(RemoteTestNG.java:251)
at org.testng.remote.RemoteTestNG.main(RemoteTestNG.java:77)
]]>
            </full-stacktrace>
          </exception> <!-- org.openqa.selenium.WebDriverException -->
          <reporter-output>
          </reporter-output>
        </test-method> <!-- verifyCouponsSectionCheckoutPage -->
        <test-method status="PASS" signature="startRecording(java.lang.reflect.Method)[pri:0, instance:org.thecollective.modules.CheckoutModuleTest@2e590e36]" name="startRecording" is-config="true" duration-ms="0" started-at="2019-02-27T05:38:56Z" finished-at="2019-02-27T05:38:56Z">
          <params>
            <param index="0">
              <value>
                <![CDATA[public void org.thecollective.modules.CheckoutModuleTest.verifyCouponsSectionCheckoutPage() throws java.lang.Exception]]>
              </value>
            </param>
          </params>
          <reporter-output>
          </reporter-output>
        </test-method> <!-- startRecording -->
        <test-method status="PASS" signature="stopRecording(org.testng.ITestResult)[pri:0, instance:org.thecollective.modules.CheckoutModuleTest@2e590e36]" name="stopRecording" is-config="true" duration-ms="1" started-at="2019-02-27T05:39:46Z" finished-at="2019-02-27T05:39:46Z">
          <params>
            <param index="0">
              <value>
                <![CDATA[[TestResult name=verifyCouponsSectionCheckoutPage status=FAILURE method=CheckoutModuleTest.verifyCouponsSectionCheckoutPage()[pri:0, instance:org.thecollective.modules.CheckoutModuleTest@2e590e36] output={null}]]]>
              </value>
            </param>
          </params>
          <reporter-output>
          </reporter-output>
        </test-method> <!-- stopRecording -->
        <test-method status="PASS" signature="setUp()[pri:0, instance:org.thecollective.modules.CheckoutModuleTest@2e590e36]" name="setUp" is-config="true" duration-ms="5701" started-at="2019-02-27T05:39:46Z" finished-at="2019-02-27T05:39:51Z">
          <reporter-output>
          </reporter-output>
        </test-method> <!-- setUp -->
        <test-method status="PASS" signature="startRecording(java.lang.reflect.Method)[pri:0, instance:org.thecollective.modules.CheckoutModuleTest@2e590e36]" name="startRecording" is-config="true" duration-ms="1" started-at="2019-02-27T05:39:51Z" finished-at="2019-02-27T05:39:51Z">
          <params>
            <param index="0">
              <value>
                <![CDATA[public void org.thecollective.modules.CheckoutModuleTest.verifyOrderPlacementByCod() throws java.lang.Exception]]>
              </value>
            </param>
          </params>
          <reporter-output>
          </reporter-output>
        </test-method> <!-- startRecording -->
        <test-method status="FAIL" signature="verifyOrderPlacementByCod()[pri:0, instance:org.thecollective.modules.CheckoutModuleTest@2e590e36]" name="verifyOrderPlacementByCod" duration-ms="11749" started-at="2019-02-27T05:39:51Z" depends-on-methods="org.thecollective.modules.CheckoutModuleTest.veryfyRemoveProductsTest" finished-at="2019-02-27T05:40:03Z">
          <exception class="org.openqa.selenium.NoSuchElementException">
            <message>
              <![CDATA[no such element: Unable to locate element: {"method":"xpath","selector":"//a[@title='Login']"}
  (Session info: chrome=71.0.3578.98)
  (Driver info: chromedriver=2.43.600210 (68dcf5eebde37173d4027fa8635e332711d2874a),platform=Windows NT 6.3.9600 x86_64) (WARNING: The server did not provide any stacktrace information)
Command duration or timeout: 10.04 seconds
For documentation on this error, please visit: http://seleniumhq.org/exceptions/no_such_element.html
Build info: version: '2.53.0', revision: '35ae25b1534ae328c771e0856c93e187490ca824', time: '2016-03-15 10:43:46'
System info: host: 'MGLT-CND6046GGC', ip: '172.21.14.193', os.name: 'Windows 8.1', os.arch: 'amd64', os.version: '6.3', java.version: '1.8.0_131'
Driver info: org.openqa.selenium.chrome.ChromeDriver
Capabilities [{mobileEmulationEnabled=false, hasTouchScreen=false, platform=WIN8_1, acceptSslCerts=false, goog:chromeOptions={debuggerAddress=localhost:50043}, acceptInsecureCerts=false, webStorageEnabled=true, browserName=chrome, takesScreenshot=true, javascriptEnabled=true, setWindowRect=true, unexpectedAlertBehaviour=, applicationCacheEnabled=false, rotatable=false, networkConnectionEnabled=false, chrome={chromedriverVersion=2.43.600210 (68dcf5eebde37173d4027fa8635e332711d2874a), userDataDir=C:\Users\THIRUV~1.CHI\AppData\Local\Temp\scoped_dir1596_2443}, takesHeapSnapshot=true, pageLoadStrategy=normal, databaseEnabled=false, handlesAlerts=true, version=71.0.3578.98, browserConnectionEnabled=false, nativeEvents=true, locationContextEnabled=true, cssSelectorsEnabled=true}]
Session ID: a5075a269d3d8c6692172da3c2c5d80b
*** Element info: {Using=xpath, value=//a[@title='Login']}]]>
            </message>
            <full-stacktrace>
              <![CDATA[org.openqa.selenium.NoSuchElementException: no such element: Unable to locate element: {"method":"xpath","selector":"//a[@title='Login']"}
  (Session info: chrome=71.0.3578.98)
  (Driver info: chromedriver=2.43.600210 (68dcf5eebde37173d4027fa8635e332711d2874a),platform=Windows NT 6.3.9600 x86_64) (WARNING: The server did not provide any stacktrace information)
Command duration or timeout: 10.04 seconds
For documentation on this error, please visit: http://seleniumhq.org/exceptions/no_such_element.html
Build info: version: '2.53.0', revision: '35ae25b1534ae328c771e0856c93e187490ca824', time: '2016-03-15 10:43:46'
System info: host: 'MGLT-CND6046GGC', ip: '172.21.14.193', os.name: 'Windows 8.1', os.arch: 'amd64', os.version: '6.3', java.version: '1.8.0_131'
Driver info: org.openqa.selenium.chrome.ChromeDriver
Capabilities [{mobileEmulationEnabled=false, hasTouchScreen=false, platform=WIN8_1, acceptSslCerts=false, goog:chromeOptions={debuggerAddress=localhost:50043}, acceptInsecureCerts=false, webStorageEnabled=true, browserName=chrome, takesScreenshot=true, javascriptEnabled=true, setWindowRect=true, unexpectedAlertBehaviour=, applicationCacheEnabled=false, rotatable=false, networkConnectionEnabled=false, chrome={chromedriverVersion=2.43.600210 (68dcf5eebde37173d4027fa8635e332711d2874a), userDataDir=C:\Users\THIRUV~1.CHI\AppData\Local\Temp\scoped_dir1596_2443}, takesHeapSnapshot=true, pageLoadStrategy=normal, databaseEnabled=false, handlesAlerts=true, version=71.0.3578.98, browserConnectionEnabled=false, nativeEvents=true, locationContextEnabled=true, cssSelectorsEnabled=true}]
Session ID: a5075a269d3d8c6692172da3c2c5d80b
*** Element info: {Using=xpath, value=//a[@title='Login']}
at sun.reflect.NativeConstructorAccessorImpl.newInstance0(Native Method)
at sun.reflect.NativeConstructorAccessorImpl.newInstance(NativeConstructorAccessorImpl.java:62)
at sun.reflect.DelegatingConstructorAccessorImpl.newInstance(DelegatingConstructorAccessorImpl.java:45)
at java.lang.reflect.Constructor.newInstance(Constructor.java:423)
at org.openqa.selenium.remote.ErrorHandler.createThrowable(ErrorHandler.java:206)
at org.openqa.selenium.remote.ErrorHandler.throwIfResponseFailed(ErrorHandler.java:158)
at org.openqa.selenium.remote.RemoteWebDriver.execute(RemoteWebDriver.java:678)
at org.openqa.selenium.remote.RemoteWebDriver.findElement(RemoteWebDriver.java:363)
at org.openqa.selenium.remote.RemoteWebDriver.findElementByXPath(RemoteWebDriver.java:500)
at org.openqa.selenium.By$ByXPath.findElement(By.java:361)
at org.openqa.selenium.remote.RemoteWebDriver.findElement(RemoteWebDriver.java:355)
at org.openqa.selenium.support.pagefactory.DefaultElementLocator.findElement(DefaultElementLocator.java:69)
at org.openqa.selenium.support.pagefactory.internal.LocatingElementHandler.invoke(LocatingElementHandler.java:38)
at com.sun.proxy.$Proxy18.getCoordinates(Unknown Source)
at org.openqa.selenium.interactions.internal.MouseAction.getActionLocation(MouseAction.java:51)
at org.openqa.selenium.interactions.MoveMouseAction.perform(MoveMouseAction.java:39)
at org.openqa.selenium.interactions.CompositeAction.perform(CompositeAction.java:50)
at org.thecollective.pageobjects.homepage.HomePageObjects.clickOnLoginLink(HomePageObjects.java:239)
at org.thecollective.modules.CheckoutModuleTest.verifyOrderPlacementByCod(CheckoutModuleTest.java:420)
at sun.reflect.NativeMethodAccessorImpl.invoke0(Native Method)
at sun.reflect.NativeMethodAccessorImpl.invoke(NativeMethodAccessorImpl.java:62)
at sun.reflect.DelegatingMethodAccessorImpl.invoke(DelegatingMethodAccessorImpl.java:43)
at java.lang.reflect.Method.invoke(Method.java:498)
at org.testng.internal.MethodInvocationHelper.invokeMethod(MethodInvocationHelper.java:124)
at org.testng.internal.MethodInvocationHelper$1.runTestMethod(MethodInvocationHelper.java:230)
at org.thecollective.maincontroller.MainController.run(MainController.java:266)
at org.testng.internal.MethodInvocationHelper.invokeHookable(MethodInvocationHelper.java:242)
at org.testng.internal.Invoker.invokeMethod(Invoker.java:576)
at org.testng.internal.Invoker.invokeTestMethod(Invoker.java:716)
at org.testng.internal.Invoker.invokeTestMethods(Invoker.java:988)
at org.testng.internal.TestMethodWorker.invokeTestMethods(TestMethodWorker.java:125)
at org.testng.internal.TestMethodWorker.run(TestMethodWorker.java:109)
at org.testng.TestRunner.privateRun(TestRunner.java:648)
at org.testng.TestRunner.run(TestRunner.java:505)
at org.testng.SuiteRunner.runTest(SuiteRunner.java:455)
at org.testng.SuiteRunner.runSequentially(SuiteRunner.java:450)
at org.testng.SuiteRunner.privateRun(SuiteRunner.java:415)
at org.testng.SuiteRunner.run(SuiteRunner.java:364)
at org.testng.SuiteRunnerWorker.runSuite(SuiteRunnerWorker.java:52)
at org.testng.SuiteRunnerWorker.run(SuiteRunnerWorker.java:84)
at org.testng.TestNG.runSuitesSequentially(TestNG.java:1208)
at org.testng.TestNG.runSuitesLocally(TestNG.java:1137)
at org.testng.TestNG.runSuites(TestNG.java:1049)
at org.testng.TestNG.run(TestNG.java:1017)
at org.testng.remote.AbstractRemoteTestNG.run(AbstractRemoteTestNG.java:114)
at org.testng.remote.RemoteTestNG.initAndRun(RemoteTestNG.java:251)
at org.testng.remote.RemoteTestNG.main(RemoteTestNG.java:77)
]]>
            </full-stacktrace>
          </exception> <!-- org.openqa.selenium.NoSuchElementException -->
          <reporter-output>
          </reporter-output>
        </test-method> <!-- verifyOrderPlacementByCod -->
        <test-method status="PASS" signature="stopRecording(org.testng.ITestResult)[pri:0, instance:org.thecollective.modules.CheckoutModuleTest@2e590e36]" name="stopRecording" is-config="true" duration-ms="1" started-at="2019-02-27T05:40:03Z" finished-at="2019-02-27T05:40:03Z">
          <params>
            <param index="0">
              <value>
                <![CDATA[[TestResult name=verifyOrderPlacementByCod status=FAILURE method=CheckoutModuleTest.verifyOrderPlacementByCod()[pri:0, instance:org.thecollective.modules.CheckoutModuleTest@2e590e36] output={null}]]]>
              </value>
            </param>
          </params>
          <reporter-output>
          </reporter-output>
        </test-method> <!-- stopRecording -->
        <test-method status="PASS" signature="setUp()[pri:0, instance:org.thecollective.modules.CheckoutModuleTest@2e590e36]" name="setUp" is-config="true" duration-ms="5663" started-at="2019-02-27T05:40:03Z" finished-at="2019-02-27T05:40:09Z">
          <reporter-output>
          </reporter-output>
        </test-method> <!-- setUp -->
        <test-method status="PASS" signature="startRecording(java.lang.reflect.Method)[pri:0, instance:org.thecollective.modules.CheckoutModuleTest@2e590e36]" name="startRecording" is-config="true" duration-ms="1" started-at="2019-02-27T05:40:09Z" finished-at="2019-02-27T05:40:09Z">
          <params>
            <param index="0">
              <value>
                <![CDATA[public void org.thecollective.modules.CheckoutModuleTest.verifyLoginFunctionalityInCheckoutPage() throws java.lang.InterruptedException]]>
              </value>
            </param>
          </params>
          <reporter-output>
          </reporter-output>
        </test-method> <!-- startRecording -->
        <test-method status="FAIL" signature="verifyLoginFunctionalityInCheckoutPage()[pri:0, instance:org.thecollective.modules.CheckoutModuleTest@2e590e36]" name="verifyLoginFunctionalityInCheckoutPage" duration-ms="51026" started-at="2019-02-27T05:40:09Z" depends-on-methods="org.thecollective.modules.CheckoutModuleTest.veryfyRemoveProductsTest" finished-at="2019-02-27T05:41:00Z">
          <exception class="java.lang.AssertionError">
            <message>
              <![CDATA[expected [9,375] but found [12,500.00]]]>
            </message>
            <full-stacktrace>
              <![CDATA[java.lang.AssertionError: expected [9,375] but found [12,500.00]
at org.testng.Assert.fail(Assert.java:96)
at org.testng.Assert.failNotEquals(Assert.java:776)
at org.testng.Assert.assertEqualsImpl(Assert.java:137)
at org.testng.Assert.assertEquals(Assert.java:118)
at org.testng.Assert.assertEquals(Assert.java:453)
at org.testng.Assert.assertEquals(Assert.java:463)
at org.thecollective.pageobjects.checkout.CheckoutSummaryPageObjects.verifyOrdrSummaryPrice(CheckoutSummaryPageObjects.java:284)
at org.thecollective.modules.CheckoutModuleTest.verifyLoginFunctionalityInCheckoutPage(CheckoutModuleTest.java:328)
at sun.reflect.NativeMethodAccessorImpl.invoke0(Native Method)
at sun.reflect.NativeMethodAccessorImpl.invoke(NativeMethodAccessorImpl.java:62)
at sun.reflect.DelegatingMethodAccessorImpl.invoke(DelegatingMethodAccessorImpl.java:43)
at java.lang.reflect.Method.invoke(Method.java:498)
at org.testng.internal.MethodInvocationHelper.invokeMethod(MethodInvocationHelper.java:124)
at org.testng.internal.MethodInvocationHelper$1.runTestMethod(MethodInvocationHelper.java:230)
at org.thecollective.maincontroller.MainController.run(MainController.java:266)
at org.testng.internal.MethodInvocationHelper.invokeHookable(MethodInvocationHelper.java:242)
at org.testng.internal.Invoker.invokeMethod(Invoker.java:576)
at org.testng.internal.Invoker.invokeTestMethod(Invoker.java:716)
at org.testng.internal.Invoker.invokeTestMethods(Invoker.java:988)
at org.testng.internal.TestMethodWorker.invokeTestMethods(TestMethodWorker.java:125)
at org.testng.internal.TestMethodWorker.run(TestMethodWorker.java:109)
at org.testng.TestRunner.privateRun(TestRunner.java:648)
at org.testng.TestRunner.run(TestRunner.java:505)
at org.testng.SuiteRunner.runTest(SuiteRunner.java:455)
at org.testng.SuiteRunner.runSequentially(SuiteRunner.java:450)
at org.testng.SuiteRunner.privateRun(SuiteRunner.java:415)
at org.testng.SuiteRunner.run(SuiteRunner.java:364)
at org.testng.SuiteRunnerWorker.runSuite(SuiteRunnerWorker.java:52)
at org.testng.SuiteRunnerWorker.run(SuiteRunnerWorker.java:84)
at org.testng.TestNG.runSuitesSequentially(TestNG.java:1208)
at org.testng.TestNG.runSuitesLocally(TestNG.java:1137)
at org.testng.TestNG.runSuites(TestNG.java:1049)
at org.testng.TestNG.run(TestNG.java:1017)
at org.testng.remote.AbstractRemoteTestNG.run(AbstractRemoteTestNG.java:114)
at org.testng.remote.RemoteTestNG.initAndRun(RemoteTestNG.java:251)
at org.testng.remote.RemoteTestNG.main(RemoteTestNG.java:77)
]]>
            </full-stacktrace>
          </exception> <!-- java.lang.AssertionError -->
          <reporter-output>
          </reporter-output>
        </test-method> <!-- verifyLoginFunctionalityInCheckoutPage -->
        <test-method status="PASS" signature="stopRecording(org.testng.ITestResult)[pri:0, instance:org.thecollective.modules.CheckoutModuleTest@2e590e36]" name="stopRecording" is-config="true" duration-ms="1" started-at="2019-02-27T05:41:00Z" finished-at="2019-02-27T05:41:00Z">
          <params>
            <param index="0">
              <value>
                <![CDATA[[TestResult name=verifyLoginFunctionalityInCheckoutPage status=FAILURE method=CheckoutModuleTest.verifyLoginFunctionalityInCheckoutPage()[pri:0, instance:org.thecollective.modules.CheckoutModuleTest@2e590e36] output={null}]]]>
              </value>
            </param>
          </params>
          <reporter-output>
          </reporter-output>
        </test-method> <!-- stopRecording -->
        <test-method status="PASS" signature="setUp()[pri:0, instance:org.thecollective.modules.CheckoutModuleTest@2e590e36]" name="setUp" is-config="true" duration-ms="5313" started-at="2019-02-27T05:41:00Z" finished-at="2019-02-27T05:41:05Z">
          <reporter-output>
          </reporter-output>
        </test-method> <!-- setUp -->
        <test-method status="PASS" signature="startRecording(java.lang.reflect.Method)[pri:0, instance:org.thecollective.modules.CheckoutModuleTest@2e590e36]" name="startRecording" is-config="true" duration-ms="1" started-at="2019-02-27T05:41:05Z" finished-at="2019-02-27T05:41:05Z">
          <params>
            <param index="0">
              <value>
                <![CDATA[public void org.thecollective.modules.CheckoutModuleTest.veryfyShippingAddresTest() throws java.lang.InterruptedException]]>
              </value>
            </param>
          </params>
          <reporter-output>
          </reporter-output>
        </test-method> <!-- startRecording -->
        <test-method status="PASS" signature="veryfyShippingAddresTest()[pri:0, instance:org.thecollective.modules.CheckoutModuleTest@2e590e36]" name="veryfyShippingAddresTest" duration-ms="57494" started-at="2019-02-27T05:41:05Z" depends-on-methods="org.thecollective.modules.CheckoutModuleTest.veryfyRemoveProductsTest" finished-at="2019-02-27T05:42:03Z">
          <reporter-output>
          </reporter-output>
        </test-method> <!-- veryfyShippingAddresTest -->
        <test-method status="PASS" signature="stopRecording(org.testng.ITestResult)[pri:0, instance:org.thecollective.modules.CheckoutModuleTest@2e590e36]" name="stopRecording" is-config="true" duration-ms="3" started-at="2019-02-27T05:42:03Z" finished-at="2019-02-27T05:42:03Z">
          <params>
            <param index="0">
              <value>
                <![CDATA[[TestResult name=veryfyShippingAddresTest status=SUCCESS method=CheckoutModuleTest.veryfyShippingAddresTest()[pri:0, instance:org.thecollective.modules.CheckoutModuleTest@2e590e36] output={null}]]]>
              </value>
            </param>
          </params>
          <reporter-output>
          </reporter-output>
        </test-method> <!-- stopRecording -->
        <test-method status="PASS" signature="setUp()[pri:0, instance:org.thecollective.modules.CheckoutModuleTest@2e590e36]" name="setUp" is-config="true" duration-ms="5654" started-at="2019-02-27T05:42:03Z" finished-at="2019-02-27T05:42:08Z">
          <reporter-output>
          </reporter-output>
        </test-method> <!-- setUp -->
        <test-method status="PASS" signature="startRecording(java.lang.reflect.Method)[pri:0, instance:org.thecollective.modules.CheckoutModuleTest@2e590e36]" name="startRecording" is-config="true" duration-ms="1" started-at="2019-02-27T05:42:08Z" finished-at="2019-02-27T05:42:08Z">
          <params>
            <param index="0">
              <value>
                <![CDATA[public void org.thecollective.modules.CheckoutModuleTest.verifyCouponsFunctionality() throws java.lang.Exception]]>
              </value>
            </param>
          </params>
          <reporter-output>
          </reporter-output>
        </test-method> <!-- startRecording -->
        <test-method status="FAIL" signature="verifyCouponsFunctionality()[pri:0, instance:org.thecollective.modules.CheckoutModuleTest@2e590e36]" name="verifyCouponsFunctionality" duration-ms="53985" started-at="2019-02-27T05:42:08Z" depends-on-methods="org.thecollective.modules.CheckoutModuleTest.veryfyRemoveProductsTest" finished-at="2019-02-27T05:43:02Z">
          <exception class="org.openqa.selenium.WebDriverException">
            <message>
              <![CDATA[unknown error: Element <img alt="logo" src="https://assets.abfrlcdn.com/img/app/thecollective/tc-logo.jpg" class=" b-error b-error b-error b-error b-error b-error"> is not clickable at point (682, 25). Other element would receive the click: <div class="modal fade trendin-error-alert in" id="divTrendinAlert" data-backdrop="static" aria-hidden="false" style="display: block;">...</div>
  (Session info: chrome=71.0.3578.98)
  (Driver info: chromedriver=2.43.600210 (68dcf5eebde37173d4027fa8635e332711d2874a),platform=Windows NT 6.3.9600 x86_64) (WARNING: The server did not provide any stacktrace information)
Command duration or timeout: 133 milliseconds
Build info: version: '2.53.0', revision: '35ae25b1534ae328c771e0856c93e187490ca824', time: '2016-03-15 10:43:46'
System info: host: 'MGLT-CND6046GGC', ip: '172.21.14.193', os.name: 'Windows 8.1', os.arch: 'amd64', os.version: '6.3', java.version: '1.8.0_131'
Driver info: org.openqa.selenium.chrome.ChromeDriver
Capabilities [{mobileEmulationEnabled=false, hasTouchScreen=false, platform=WIN8_1, acceptSslCerts=false, goog:chromeOptions={debuggerAddress=localhost:50043}, acceptInsecureCerts=false, webStorageEnabled=true, browserName=chrome, takesScreenshot=true, javascriptEnabled=true, setWindowRect=true, unexpectedAlertBehaviour=, applicationCacheEnabled=false, rotatable=false, networkConnectionEnabled=false, chrome={chromedriverVersion=2.43.600210 (68dcf5eebde37173d4027fa8635e332711d2874a), userDataDir=C:\Users\THIRUV~1.CHI\AppData\Local\Temp\scoped_dir1596_2443}, takesHeapSnapshot=true, pageLoadStrategy=normal, databaseEnabled=false, handlesAlerts=true, version=71.0.3578.98, browserConnectionEnabled=false, nativeEvents=true, locationContextEnabled=true, cssSelectorsEnabled=true}]
Session ID: a5075a269d3d8c6692172da3c2c5d80b]]>
            </message>
            <full-stacktrace>
              <![CDATA[org.openqa.selenium.WebDriverException: unknown error: Element <img alt="logo" src="https://assets.abfrlcdn.com/img/app/thecollective/tc-logo.jpg" class=" b-error b-error b-error b-error b-error b-error"> is not clickable at point (682, 25). Other element would receive the click: <div class="modal fade trendin-error-alert in" id="divTrendinAlert" data-backdrop="static" aria-hidden="false" style="display: block;">...</div>
  (Session info: chrome=71.0.3578.98)
  (Driver info: chromedriver=2.43.600210 (68dcf5eebde37173d4027fa8635e332711d2874a),platform=Windows NT 6.3.9600 x86_64) (WARNING: The server did not provide any stacktrace information)
Command duration or timeout: 133 milliseconds
Build info: version: '2.53.0', revision: '35ae25b1534ae328c771e0856c93e187490ca824', time: '2016-03-15 10:43:46'
System info: host: 'MGLT-CND6046GGC', ip: '172.21.14.193', os.name: 'Windows 8.1', os.arch: 'amd64', os.version: '6.3', java.version: '1.8.0_131'
Driver info: org.openqa.selenium.chrome.ChromeDriver
Capabilities [{mobileEmulationEnabled=false, hasTouchScreen=false, platform=WIN8_1, acceptSslCerts=false, goog:chromeOptions={debuggerAddress=localhost:50043}, acceptInsecureCerts=false, webStorageEnabled=true, browserName=chrome, takesScreenshot=true, javascriptEnabled=true, setWindowRect=true, unexpectedAlertBehaviour=, applicationCacheEnabled=false, rotatable=false, networkConnectionEnabled=false, chrome={chromedriverVersion=2.43.600210 (68dcf5eebde37173d4027fa8635e332711d2874a), userDataDir=C:\Users\THIRUV~1.CHI\AppData\Local\Temp\scoped_dir1596_2443}, takesHeapSnapshot=true, pageLoadStrategy=normal, databaseEnabled=false, handlesAlerts=true, version=71.0.3578.98, browserConnectionEnabled=false, nativeEvents=true, locationContextEnabled=true, cssSelectorsEnabled=true}]
Session ID: a5075a269d3d8c6692172da3c2c5d80b
at sun.reflect.NativeConstructorAccessorImpl.newInstance0(Native Method)
at sun.reflect.NativeConstructorAccessorImpl.newInstance(NativeConstructorAccessorImpl.java:62)
at sun.reflect.DelegatingConstructorAccessorImpl.newInstance(DelegatingConstructorAccessorImpl.java:45)
at java.lang.reflect.Constructor.newInstance(Constructor.java:423)
at org.openqa.selenium.remote.ErrorHandler.createThrowable(ErrorHandler.java:206)
at org.openqa.selenium.remote.ErrorHandler.throwIfResponseFailed(ErrorHandler.java:158)
at org.openqa.selenium.remote.RemoteWebDriver.execute(RemoteWebDriver.java:678)
at org.openqa.selenium.remote.RemoteWebElement.execute(RemoteWebElement.java:327)
at org.openqa.selenium.remote.RemoteWebElement.click(RemoteWebElement.java:85)
at sun.reflect.GeneratedMethodAccessor4.invoke(Unknown Source)
at sun.reflect.DelegatingMethodAccessorImpl.invoke(DelegatingMethodAccessorImpl.java:43)
at java.lang.reflect.Method.invoke(Method.java:498)
at org.openqa.selenium.support.pagefactory.internal.LocatingElementHandler.invoke(LocatingElementHandler.java:51)
at com.sun.proxy.$Proxy18.click(Unknown Source)
at org.thecollective.pageobjects.homepage.HomePageObjects.clickLogo(HomePageObjects.java:422)
at org.thecollective.modules.CheckoutModuleTest.verifyCouponsFunctionality(CheckoutModuleTest.java:407)
at sun.reflect.NativeMethodAccessorImpl.invoke0(Native Method)
at sun.reflect.NativeMethodAccessorImpl.invoke(NativeMethodAccessorImpl.java:62)
at sun.reflect.DelegatingMethodAccessorImpl.invoke(DelegatingMethodAccessorImpl.java:43)
at java.lang.reflect.Method.invoke(Method.java:498)
at org.testng.internal.MethodInvocationHelper.invokeMethod(MethodInvocationHelper.java:124)
at org.testng.internal.MethodInvocationHelper$1.runTestMethod(MethodInvocationHelper.java:230)
at org.thecollective.maincontroller.MainController.run(MainController.java:266)
at org.testng.internal.MethodInvocationHelper.invokeHookable(MethodInvocationHelper.java:242)
at org.testng.internal.Invoker.invokeMethod(Invoker.java:576)
at org.testng.internal.Invoker.invokeTestMethod(Invoker.java:716)
at org.testng.internal.Invoker.invokeTestMethods(Invoker.java:988)
at org.testng.internal.TestMethodWorker.invokeTestMethods(TestMethodWorker.java:125)
at org.testng.internal.TestMethodWorker.run(TestMethodWorker.java:109)
at org.testng.TestRunner.privateRun(TestRunner.java:648)
at org.testng.TestRunner.run(TestRunner.java:505)
at org.testng.SuiteRunner.runTest(SuiteRunner.java:455)
at org.testng.SuiteRunner.runSequentially(SuiteRunner.java:450)
at org.testng.SuiteRunner.privateRun(SuiteRunner.java:415)
at org.testng.SuiteRunner.run(SuiteRunner.java:364)
at org.testng.SuiteRunnerWorker.runSuite(SuiteRunnerWorker.java:52)
at org.testng.SuiteRunnerWorker.run(SuiteRunnerWorker.java:84)
at org.testng.TestNG.runSuitesSequentially(TestNG.java:1208)
at org.testng.TestNG.runSuitesLocally(TestNG.java:1137)
at org.testng.TestNG.runSuites(TestNG.java:1049)
at org.testng.TestNG.run(TestNG.java:1017)
at org.testng.remote.AbstractRemoteTestNG.run(AbstractRemoteTestNG.java:114)
at org.testng.remote.RemoteTestNG.initAndRun(RemoteTestNG.java:251)
at org.testng.remote.RemoteTestNG.main(RemoteTestNG.java:77)
]]>
            </full-stacktrace>
          </exception> <!-- org.openqa.selenium.WebDriverException -->
          <reporter-output>
          </reporter-output>
        </test-method> <!-- verifyCouponsFunctionality -->
        <test-method status="PASS" signature="stopRecording(org.testng.ITestResult)[pri:0, instance:org.thecollective.modules.CheckoutModuleTest@2e590e36]" name="stopRecording" is-config="true" duration-ms="2" started-at="2019-02-27T05:43:02Z" finished-at="2019-02-27T05:43:02Z">
          <params>
            <param index="0">
              <value>
                <![CDATA[[TestResult name=verifyCouponsFunctionality status=FAILURE method=CheckoutModuleTest.verifyCouponsFunctionality()[pri:0, instance:org.thecollective.modules.CheckoutModuleTest@2e590e36] output={null}]]]>
              </value>
            </param>
          </params>
          <reporter-output>
          </reporter-output>
        </test-method> <!-- stopRecording -->
        <test-method status="PASS" signature="setUp()[pri:0, instance:org.thecollective.modules.CheckoutModuleTest@2e590e36]" name="setUp" is-config="true" duration-ms="5531" started-at="2019-02-27T05:43:02Z" finished-at="2019-02-27T05:43:08Z">
          <reporter-output>
          </reporter-output>
        </test-method> <!-- setUp -->
        <test-method status="PASS" signature="startRecording(java.lang.reflect.Method)[pri:0, instance:org.thecollective.modules.CheckoutModuleTest@2e590e36]" name="startRecording" is-config="true" duration-ms="1" started-at="2019-02-27T05:43:08Z" finished-at="2019-02-27T05:43:08Z">
          <params>
            <param index="0">
              <value>
                <![CDATA[public void org.thecollective.modules.CheckoutModuleTest.veryfyPaymentTest() throws java.lang.InterruptedException]]>
              </value>
            </param>
          </params>
          <reporter-output>
          </reporter-output>
        </test-method> <!-- startRecording -->
        <test-method status="FAIL" signature="veryfyPaymentTest()[pri:0, instance:org.thecollective.modules.CheckoutModuleTest@2e590e36]" name="veryfyPaymentTest" duration-ms="30929" started-at="2019-02-27T05:43:08Z" depends-on-methods="org.thecollective.modules.CheckoutModuleTest.veryfyRemoveProductsTest" finished-at="2019-02-27T05:43:39Z">
          <exception class="org.openqa.selenium.WebDriverException">
            <message>
              <![CDATA[unknown error: Element <a href="/checkoutsummary?step=1&amp;id=1600206" title="My Bag" class="shopping_cart_count aCheckoutLink">...</a> is not clickable at point (1329, 24). Other element would receive the click: <div class="modal fade trendin-error-alert in" id="divTrendinAlert" data-backdrop="static" aria-hidden="false" style="display: block;">...</div>
  (Session info: chrome=71.0.3578.98)
  (Driver info: chromedriver=2.43.600210 (68dcf5eebde37173d4027fa8635e332711d2874a),platform=Windows NT 6.3.9600 x86_64) (WARNING: The server did not provide any stacktrace information)
Command duration or timeout: 74 milliseconds
Build info: version: '2.53.0', revision: '35ae25b1534ae328c771e0856c93e187490ca824', time: '2016-03-15 10:43:46'
System info: host: 'MGLT-CND6046GGC', ip: '172.21.14.193', os.name: 'Windows 8.1', os.arch: 'amd64', os.version: '6.3', java.version: '1.8.0_131'
Driver info: org.openqa.selenium.chrome.ChromeDriver
Capabilities [{mobileEmulationEnabled=false, hasTouchScreen=false, platform=WIN8_1, acceptSslCerts=false, goog:chromeOptions={debuggerAddress=localhost:50043}, acceptInsecureCerts=false, webStorageEnabled=true, browserName=chrome, takesScreenshot=true, javascriptEnabled=true, setWindowRect=true, unexpectedAlertBehaviour=, applicationCacheEnabled=false, rotatable=false, networkConnectionEnabled=false, chrome={chromedriverVersion=2.43.600210 (68dcf5eebde37173d4027fa8635e332711d2874a), userDataDir=C:\Users\THIRUV~1.CHI\AppData\Local\Temp\scoped_dir1596_2443}, takesHeapSnapshot=true, pageLoadStrategy=normal, databaseEnabled=false, handlesAlerts=true, version=71.0.3578.98, browserConnectionEnabled=false, nativeEvents=true, locationContextEnabled=true, cssSelectorsEnabled=true}]
Session ID: a5075a269d3d8c6692172da3c2c5d80b]]>
            </message>
            <full-stacktrace>
              <![CDATA[org.openqa.selenium.WebDriverException: unknown error: Element <a href="/checkoutsummary?step=1&amp;id=1600206" title="My Bag" class="shopping_cart_count aCheckoutLink">...</a> is not clickable at point (1329, 24). Other element would receive the click: <div class="modal fade trendin-error-alert in" id="divTrendinAlert" data-backdrop="static" aria-hidden="false" style="display: block;">...</div>
  (Session info: chrome=71.0.3578.98)
  (Driver info: chromedriver=2.43.600210 (68dcf5eebde37173d4027fa8635e332711d2874a),platform=Windows NT 6.3.9600 x86_64) (WARNING: The server did not provide any stacktrace information)
Command duration or timeout: 74 milliseconds
Build info: version: '2.53.0', revision: '35ae25b1534ae328c771e0856c93e187490ca824', time: '2016-03-15 10:43:46'
System info: host: 'MGLT-CND6046GGC', ip: '172.21.14.193', os.name: 'Windows 8.1', os.arch: 'amd64', os.version: '6.3', java.version: '1.8.0_131'
Driver info: org.openqa.selenium.chrome.ChromeDriver
Capabilities [{mobileEmulationEnabled=false, hasTouchScreen=false, platform=WIN8_1, acceptSslCerts=false, goog:chromeOptions={debuggerAddress=localhost:50043}, acceptInsecureCerts=false, webStorageEnabled=true, browserName=chrome, takesScreenshot=true, javascriptEnabled=true, setWindowRect=true, unexpectedAlertBehaviour=, applicationCacheEnabled=false, rotatable=false, networkConnectionEnabled=false, chrome={chromedriverVersion=2.43.600210 (68dcf5eebde37173d4027fa8635e332711d2874a), userDataDir=C:\Users\THIRUV~1.CHI\AppData\Local\Temp\scoped_dir1596_2443}, takesHeapSnapshot=true, pageLoadStrategy=normal, databaseEnabled=false, handlesAlerts=true, version=71.0.3578.98, browserConnectionEnabled=false, nativeEvents=true, locationContextEnabled=true, cssSelectorsEnabled=true}]
Session ID: a5075a269d3d8c6692172da3c2c5d80b
at sun.reflect.NativeConstructorAccessorImpl.newInstance0(Native Method)
at sun.reflect.NativeConstructorAccessorImpl.newInstance(NativeConstructorAccessorImpl.java:62)
at sun.reflect.DelegatingConstructorAccessorImpl.newInstance(DelegatingConstructorAccessorImpl.java:45)
at java.lang.reflect.Constructor.newInstance(Constructor.java:423)
at org.openqa.selenium.remote.ErrorHandler.createThrowable(ErrorHandler.java:206)
at org.openqa.selenium.remote.ErrorHandler.throwIfResponseFailed(ErrorHandler.java:158)
at org.openqa.selenium.remote.RemoteWebDriver.execute(RemoteWebDriver.java:678)
at org.openqa.selenium.remote.RemoteWebElement.execute(RemoteWebElement.java:327)
at org.openqa.selenium.remote.RemoteWebElement.click(RemoteWebElement.java:85)
at sun.reflect.GeneratedMethodAccessor4.invoke(Unknown Source)
at sun.reflect.DelegatingMethodAccessorImpl.invoke(DelegatingMethodAccessorImpl.java:43)
at java.lang.reflect.Method.invoke(Method.java:498)
at org.openqa.selenium.support.pagefactory.internal.LocatingElementHandler.invoke(LocatingElementHandler.java:51)
at com.sun.proxy.$Proxy18.click(Unknown Source)
at org.thecollective.pageobjects.pdp.PDPageObjects.clickOnMyBag(PDPageObjects.java:72)
at org.thecollective.modules.CheckoutModuleTest.veryfyPaymentTest(CheckoutModuleTest.java:112)
at sun.reflect.NativeMethodAccessorImpl.invoke0(Native Method)
at sun.reflect.NativeMethodAccessorImpl.invoke(NativeMethodAccessorImpl.java:62)
at sun.reflect.DelegatingMethodAccessorImpl.invoke(DelegatingMethodAccessorImpl.java:43)
at java.lang.reflect.Method.invoke(Method.java:498)
at org.testng.internal.MethodInvocationHelper.invokeMethod(MethodInvocationHelper.java:124)
at org.testng.internal.MethodInvocationHelper$1.runTestMethod(MethodInvocationHelper.java:230)
at org.thecollective.maincontroller.MainController.run(MainController.java:266)
at org.testng.internal.MethodInvocationHelper.invokeHookable(MethodInvocationHelper.java:242)
at org.testng.internal.Invoker.invokeMethod(Invoker.java:576)
at org.testng.internal.Invoker.invokeTestMethod(Invoker.java:716)
at org.testng.internal.Invoker.invokeTestMethods(Invoker.java:988)
at org.testng.internal.TestMethodWorker.invokeTestMethods(TestMethodWorker.java:125)
at org.testng.internal.TestMethodWorker.run(TestMethodWorker.java:109)
at org.testng.TestRunner.privateRun(TestRunner.java:648)
at org.testng.TestRunner.run(TestRunner.java:505)
at org.testng.SuiteRunner.runTest(SuiteRunner.java:455)
at org.testng.SuiteRunner.runSequentially(SuiteRunner.java:450)
at org.testng.SuiteRunner.privateRun(SuiteRunner.java:415)
at org.testng.SuiteRunner.run(SuiteRunner.java:364)
at org.testng.SuiteRunnerWorker.runSuite(SuiteRunnerWorker.java:52)
at org.testng.SuiteRunnerWorker.run(SuiteRunnerWorker.java:84)
at org.testng.TestNG.runSuitesSequentially(TestNG.java:1208)
at org.testng.TestNG.runSuitesLocally(TestNG.java:1137)
at org.testng.TestNG.runSuites(TestNG.java:1049)
at org.testng.TestNG.run(TestNG.java:1017)
at org.testng.remote.AbstractRemoteTestNG.run(AbstractRemoteTestNG.java:114)
at org.testng.remote.RemoteTestNG.initAndRun(RemoteTestNG.java:251)
at org.testng.remote.RemoteTestNG.main(RemoteTestNG.java:77)
]]>
            </full-stacktrace>
          </exception> <!-- org.openqa.selenium.WebDriverException -->
          <reporter-output>
          </reporter-output>
        </test-method> <!-- veryfyPaymentTest -->
        <test-method status="PASS" signature="stopRecording(org.testng.ITestResult)[pri:0, instance:org.thecollective.modules.CheckoutModuleTest@2e590e36]" name="stopRecording" is-config="true" duration-ms="1" started-at="2019-02-27T05:43:39Z" finished-at="2019-02-27T05:43:39Z">
          <params>
            <param index="0">
              <value>
                <![CDATA[[TestResult name=veryfyPaymentTest status=FAILURE method=CheckoutModuleTest.veryfyPaymentTest()[pri:0, instance:org.thecollective.modules.CheckoutModuleTest@2e590e36] output={null}]]]>
              </value>
            </param>
          </params>
          <reporter-output>
          </reporter-output>
        </test-method> <!-- stopRecording -->
        <test-method status="PASS" signature="setUp()[pri:0, instance:org.thecollective.modules.CheckoutModuleTest@2e590e36]" name="setUp" is-config="true" duration-ms="5642" started-at="2019-02-27T05:43:39Z" finished-at="2019-02-27T05:43:44Z">
          <reporter-output>
          </reporter-output>
        </test-method> <!-- setUp -->
        <test-method status="FAIL" signature="verifyOrderPlacementByCCO()[pri:0, instance:org.thecollective.modules.CheckoutModuleTest@2e590e36]" name="verifyOrderPlacementByCCO" duration-ms="27016" started-at="2019-02-27T05:43:44Z" depends-on-methods="org.thecollective.modules.CheckoutModuleTest.veryfyRemoveProductsTest" finished-at="2019-02-27T05:44:11Z">
          <exception class="org.openqa.selenium.NoSuchElementException">
            <message>
              <![CDATA[no such element: Unable to locate element: {"method":"xpath","selector":"//span[contains(.,'Logout')]"}
  (Session info: chrome=71.0.3578.98)
  (Driver info: chromedriver=2.43.600210 (68dcf5eebde37173d4027fa8635e332711d2874a),platform=Windows NT 6.3.9600 x86_64) (WARNING: The server did not provide any stacktrace information)
Command duration or timeout: 10.07 seconds
For documentation on this error, please visit: http://seleniumhq.org/exceptions/no_such_element.html
Build info: version: '2.53.0', revision: '35ae25b1534ae328c771e0856c93e187490ca824', time: '2016-03-15 10:43:46'
System info: host: 'MGLT-CND6046GGC', ip: '172.21.14.193', os.name: 'Windows 8.1', os.arch: 'amd64', os.version: '6.3', java.version: '1.8.0_131'
Driver info: org.openqa.selenium.chrome.ChromeDriver
Capabilities [{mobileEmulationEnabled=false, hasTouchScreen=false, platform=WIN8_1, acceptSslCerts=false, goog:chromeOptions={debuggerAddress=localhost:50043}, acceptInsecureCerts=false, webStorageEnabled=true, browserName=chrome, takesScreenshot=true, javascriptEnabled=true, setWindowRect=true, unexpectedAlertBehaviour=, applicationCacheEnabled=false, rotatable=false, networkConnectionEnabled=false, chrome={chromedriverVersion=2.43.600210 (68dcf5eebde37173d4027fa8635e332711d2874a), userDataDir=C:\Users\THIRUV~1.CHI\AppData\Local\Temp\scoped_dir1596_2443}, takesHeapSnapshot=true, pageLoadStrategy=normal, databaseEnabled=false, handlesAlerts=true, version=71.0.3578.98, browserConnectionEnabled=false, nativeEvents=true, locationContextEnabled=true, cssSelectorsEnabled=true}]
Session ID: a5075a269d3d8c6692172da3c2c5d80b
*** Element info: {Using=xpath, value=//span[contains(.,'Logout')]}]]>
            </message>
            <full-stacktrace>
              <![CDATA[org.openqa.selenium.NoSuchElementException: no such element: Unable to locate element: {"method":"xpath","selector":"//span[contains(.,'Logout')]"}
  (Session info: chrome=71.0.3578.98)
  (Driver info: chromedriver=2.43.600210 (68dcf5eebde37173d4027fa8635e332711d2874a),platform=Windows NT 6.3.9600 x86_64) (WARNING: The server did not provide any stacktrace information)
Command duration or timeout: 10.07 seconds
For documentation on this error, please visit: http://seleniumhq.org/exceptions/no_such_element.html
Build info: version: '2.53.0', revision: '35ae25b1534ae328c771e0856c93e187490ca824', time: '2016-03-15 10:43:46'
System info: host: 'MGLT-CND6046GGC', ip: '172.21.14.193', os.name: 'Windows 8.1', os.arch: 'amd64', os.version: '6.3', java.version: '1.8.0_131'
Driver info: org.openqa.selenium.chrome.ChromeDriver
Capabilities [{mobileEmulationEnabled=false, hasTouchScreen=false, platform=WIN8_1, acceptSslCerts=false, goog:chromeOptions={debuggerAddress=localhost:50043}, acceptInsecureCerts=false, webStorageEnabled=true, browserName=chrome, takesScreenshot=true, javascriptEnabled=true, setWindowRect=true, unexpectedAlertBehaviour=, applicationCacheEnabled=false, rotatable=false, networkConnectionEnabled=false, chrome={chromedriverVersion=2.43.600210 (68dcf5eebde37173d4027fa8635e332711d2874a), userDataDir=C:\Users\THIRUV~1.CHI\AppData\Local\Temp\scoped_dir1596_2443}, takesHeapSnapshot=true, pageLoadStrategy=normal, databaseEnabled=false, handlesAlerts=true, version=71.0.3578.98, browserConnectionEnabled=false, nativeEvents=true, locationContextEnabled=true, cssSelectorsEnabled=true}]
Session ID: a5075a269d3d8c6692172da3c2c5d80b
*** Element info: {Using=xpath, value=//span[contains(.,'Logout')]}
at sun.reflect.NativeConstructorAccessorImpl.newInstance0(Native Method)
at sun.reflect.NativeConstructorAccessorImpl.newInstance(NativeConstructorAccessorImpl.java:62)
at sun.reflect.DelegatingConstructorAccessorImpl.newInstance(DelegatingConstructorAccessorImpl.java:45)
at java.lang.reflect.Constructor.newInstance(Constructor.java:423)
at org.openqa.selenium.remote.ErrorHandler.createThrowable(ErrorHandler.java:206)
at org.openqa.selenium.remote.ErrorHandler.throwIfResponseFailed(ErrorHandler.java:158)
at org.openqa.selenium.remote.RemoteWebDriver.execute(RemoteWebDriver.java:678)
at org.openqa.selenium.remote.RemoteWebDriver.findElement(RemoteWebDriver.java:363)
at org.openqa.selenium.remote.RemoteWebDriver.findElementByXPath(RemoteWebDriver.java:500)
at org.openqa.selenium.By$ByXPath.findElement(By.java:361)
at org.openqa.selenium.remote.RemoteWebDriver.findElement(RemoteWebDriver.java:355)
at org.openqa.selenium.support.pagefactory.DefaultElementLocator.findElement(DefaultElementLocator.java:69)
at org.openqa.selenium.support.pagefactory.internal.LocatingElementHandler.invoke(LocatingElementHandler.java:38)
at com.sun.proxy.$Proxy18.getCoordinates(Unknown Source)
at org.openqa.selenium.interactions.internal.MouseAction.getActionLocation(MouseAction.java:51)
at org.openqa.selenium.interactions.MoveMouseAction.perform(MoveMouseAction.java:39)
at org.openqa.selenium.interactions.CompositeAction.perform(CompositeAction.java:50)
at org.thecollective.pageobjects.homepage.HomePageObjects.logout(HomePageObjects.java:472)
at org.thecollective.modules.CheckoutModuleTest.verifyOrderPlacementByCCO(CheckoutModuleTest.java:515)
at sun.reflect.NativeMethodAccessorImpl.invoke0(Native Method)
at sun.reflect.NativeMethodAccessorImpl.invoke(NativeMethodAccessorImpl.java:62)
at sun.reflect.DelegatingMethodAccessorImpl.invoke(DelegatingMethodAccessorImpl.java:43)
at java.lang.reflect.Method.invoke(Method.java:498)
at org.testng.internal.MethodInvocationHelper.invokeMethod(MethodInvocationHelper.java:124)
at org.testng.internal.MethodInvocationHelper$1.runTestMethod(MethodInvocationHelper.java:230)
at org.thecollective.maincontroller.MainController.run(MainController.java:266)
at org.testng.internal.MethodInvocationHelper.invokeHookable(MethodInvocationHelper.java:242)
at org.testng.internal.Invoker.invokeMethod(Invoker.java:576)
at org.testng.internal.Invoker.invokeTestMethod(Invoker.java:716)
at org.testng.internal.Invoker.invokeTestMethods(Invoker.java:988)
at org.testng.internal.TestMethodWorker.invokeTestMethods(TestMethodWorker.java:125)
at org.testng.internal.TestMethodWorker.run(TestMethodWorker.java:109)
at org.testng.TestRunner.privateRun(TestRunner.java:648)
at org.testng.TestRunner.run(TestRunner.java:505)
at org.testng.SuiteRunner.runTest(SuiteRunner.java:455)
at org.testng.SuiteRunner.runSequentially(SuiteRunner.java:450)
at org.testng.SuiteRunner.privateRun(SuiteRunner.java:415)
at org.testng.SuiteRunner.run(SuiteRunner.java:364)
at org.testng.SuiteRunnerWorker.runSuite(SuiteRunnerWorker.java:52)
at org.testng.SuiteRunnerWorker.run(SuiteRunnerWorker.java:84)
at org.testng.TestNG.runSuitesSequentially(TestNG.java:1208)
at org.testng.TestNG.runSuitesLocally(TestNG.java:1137)
at org.testng.TestNG.runSuites(TestNG.java:1049)
at org.testng.TestNG.run(TestNG.java:1017)
at org.testng.remote.AbstractRemoteTestNG.run(AbstractRemoteTestNG.java:114)
at org.testng.remote.RemoteTestNG.initAndRun(RemoteTestNG.java:251)
at org.testng.remote.RemoteTestNG.main(RemoteTestNG.java:77)
]]>
            </full-stacktrace>
          </exception> <!-- org.openqa.selenium.NoSuchElementException -->
          <reporter-output>
          </reporter-output>
        </test-method> <!-- verifyOrderPlacementByCCO -->
        <test-method status="PASS" signature="startRecording(java.lang.reflect.Method)[pri:0, instance:org.thecollective.modules.CheckoutModuleTest@2e590e36]" name="startRecording" is-config="true" duration-ms="0" started-at="2019-02-27T05:43:44Z" finished-at="2019-02-27T05:43:44Z">
          <params>
            <param index="0">
              <value>
                <![CDATA[public void org.thecollective.modules.CheckoutModuleTest.verifyOrderPlacementByCCO() throws java.lang.Exception]]>
              </value>
            </param>
          </params>
          <reporter-output>
          </reporter-output>
        </test-method> <!-- startRecording -->
        <test-method status="PASS" signature="stopRecording(org.testng.ITestResult)[pri:0, instance:org.thecollective.modules.CheckoutModuleTest@2e590e36]" name="stopRecording" is-config="true" duration-ms="1" started-at="2019-02-27T05:44:11Z" finished-at="2019-02-27T05:44:11Z">
          <params>
            <param index="0">
              <value>
                <![CDATA[[TestResult name=verifyOrderPlacementByCCO status=FAILURE method=CheckoutModuleTest.verifyOrderPlacementByCCO()[pri:0, instance:org.thecollective.modules.CheckoutModuleTest@2e590e36] output={null}]]]>
              </value>
            </param>
          </params>
          <reporter-output>
          </reporter-output>
        </test-method> <!-- stopRecording -->
      </class> <!-- org.thecollective.modules.CheckoutModuleTest -->
      <class name="org.thecollective.modules.HomePageModuleTest">
        <test-method status="PASS" signature="beforeSuite()[pri:0, instance:org.thecollective.modules.HomePageModuleTest@28200d43]" name="beforeSuite" is-config="true" duration-ms="187" started-at="2019-02-27T05:33:51Z" finished-at="2019-02-27T05:33:52Z">
          <reporter-output>
          </reporter-output>
        </test-method> <!-- beforeSuite -->
        <test-method status="PASS" signature="beforeTest()[pri:0, instance:org.thecollective.modules.HomePageModuleTest@28200d43]" name="beforeTest" is-config="true" duration-ms="7715" started-at="2019-02-27T05:33:52Z" finished-at="2019-02-27T05:34:00Z">
          <reporter-output>
          </reporter-output>
        </test-method> <!-- beforeTest -->
        <test-method status="PASS" signature="setUp()[pri:0, instance:org.thecollective.modules.HomePageModuleTest@28200d43]" name="setUp" is-config="true" duration-ms="15624" started-at="2019-02-27T05:34:00Z" finished-at="2019-02-27T05:34:15Z">
          <reporter-output>
          </reporter-output>
        </test-method> <!-- setUp -->
        <test-method status="PASS" signature="startRecording(java.lang.reflect.Method)[pri:0, instance:org.thecollective.modules.HomePageModuleTest@28200d43]" name="startRecording" is-config="true" duration-ms="6" started-at="2019-02-27T05:34:15Z" finished-at="2019-02-27T05:34:15Z">
          <params>
            <param index="0">
              <value>
                <![CDATA[public void org.thecollective.modules.HomePageModuleTest.verifyTheCollectiveStores() throws java.lang.Exception]]>
              </value>
            </param>
          </params>
          <reporter-output>
          </reporter-output>
        </test-method> <!-- startRecording -->
        <test-method status="FAIL" signature="verifyTheCollectiveStores()[pri:0, instance:org.thecollective.modules.HomePageModuleTest@28200d43]" name="verifyTheCollectiveStores" duration-ms="9388" started-at="2019-02-27T05:34:15Z" finished-at="2019-02-27T05:34:25Z">
          <exception class="java.lang.AssertionError">
            <message>
              <![CDATA[expected [PUNE] but found []]]>
            </message>
            <full-stacktrace>
              <![CDATA[java.lang.AssertionError: expected [PUNE] but found []
at org.testng.Assert.fail(Assert.java:96)
at org.testng.Assert.failNotEquals(Assert.java:776)
at org.testng.Assert.assertEqualsImpl(Assert.java:137)
at org.testng.Assert.assertEquals(Assert.java:118)
at org.testng.Assert.assertEquals(Assert.java:453)
at org.testng.Assert.assertEquals(Assert.java:463)
at org.thecollective.pageobjects.homepage.StoresPageObjects.verifyAvailableStores(StoresPageObjects.java:42)
at org.thecollective.modules.HomePageModuleTest.verifyTheCollectiveStores(HomePageModuleTest.java:65)
at sun.reflect.NativeMethodAccessorImpl.invoke0(Native Method)
at sun.reflect.NativeMethodAccessorImpl.invoke(NativeMethodAccessorImpl.java:62)
at sun.reflect.DelegatingMethodAccessorImpl.invoke(DelegatingMethodAccessorImpl.java:43)
at java.lang.reflect.Method.invoke(Method.java:498)
at org.testng.internal.MethodInvocationHelper.invokeMethod(MethodInvocationHelper.java:124)
at org.testng.internal.MethodInvocationHelper$1.runTestMethod(MethodInvocationHelper.java:230)
at org.thecollective.maincontroller.MainController.run(MainController.java:266)
at org.testng.internal.MethodInvocationHelper.invokeHookable(MethodInvocationHelper.java:242)
at org.testng.internal.Invoker.invokeMethod(Invoker.java:576)
at org.testng.internal.Invoker.invokeTestMethod(Invoker.java:716)
at org.testng.internal.Invoker.invokeTestMethods(Invoker.java:988)
at org.testng.internal.TestMethodWorker.invokeTestMethods(TestMethodWorker.java:125)
at org.testng.internal.TestMethodWorker.run(TestMethodWorker.java:109)
at org.testng.TestRunner.privateRun(TestRunner.java:648)
at org.testng.TestRunner.run(TestRunner.java:505)
at org.testng.SuiteRunner.runTest(SuiteRunner.java:455)
at org.testng.SuiteRunner.runSequentially(SuiteRunner.java:450)
at org.testng.SuiteRunner.privateRun(SuiteRunner.java:415)
at org.testng.SuiteRunner.run(SuiteRunner.java:364)
at org.testng.SuiteRunnerWorker.runSuite(SuiteRunnerWorker.java:52)
at org.testng.SuiteRunnerWorker.run(SuiteRunnerWorker.java:84)
at org.testng.TestNG.runSuitesSequentially(TestNG.java:1208)
at org.testng.TestNG.runSuitesLocally(TestNG.java:1137)
at org.testng.TestNG.runSuites(TestNG.java:1049)
at org.testng.TestNG.run(TestNG.java:1017)
at org.testng.remote.AbstractRemoteTestNG.run(AbstractRemoteTestNG.java:114)
at org.testng.remote.RemoteTestNG.initAndRun(RemoteTestNG.java:251)
at org.testng.remote.RemoteTestNG.main(RemoteTestNG.java:77)
]]>
            </full-stacktrace>
          </exception> <!-- java.lang.AssertionError -->
          <reporter-output>
          </reporter-output>
        </test-method> <!-- verifyTheCollectiveStores -->
        <test-method status="PASS" signature="stopRecording(org.testng.ITestResult)[pri:0, instance:org.thecollective.modules.HomePageModuleTest@28200d43]" name="stopRecording" is-config="true" duration-ms="3" started-at="2019-02-27T05:34:25Z" finished-at="2019-02-27T05:34:25Z">
          <params>
            <param index="0">
              <value>
                <![CDATA[[TestResult name=verifyTheCollectiveStores status=FAILURE method=HomePageModuleTest.verifyTheCollectiveStores()[pri:0, instance:org.thecollective.modules.HomePageModuleTest@28200d43] output={null}]]]>
              </value>
            </param>
          </params>
          <reporter-output>
          </reporter-output>
        </test-method> <!-- stopRecording -->
        <test-method status="PASS" signature="setUp()[pri:0, instance:org.thecollective.modules.HomePageModuleTest@28200d43]" name="setUp" is-config="true" duration-ms="4623" started-at="2019-02-27T05:34:25Z" finished-at="2019-02-27T05:34:29Z">
          <reporter-output>
          </reporter-output>
        </test-method> <!-- setUp -->
        <test-method status="PASS" signature="startRecording(java.lang.reflect.Method)[pri:0, instance:org.thecollective.modules.HomePageModuleTest@28200d43]" name="startRecording" is-config="true" duration-ms="1" started-at="2019-02-27T05:34:29Z" finished-at="2019-02-27T05:34:29Z">
          <params>
            <param index="0">
              <value>
                <![CDATA[public void org.thecollective.modules.HomePageModuleTest.verifyFooterLinksFunctionality() throws java.lang.Exception]]>
              </value>
            </param>
          </params>
          <reporter-output>
          </reporter-output>
        </test-method> <!-- startRecording -->
        <test-method status="PASS" signature="verifyFooterLinksFunctionality()[pri:0, instance:org.thecollective.modules.HomePageModuleTest@28200d43]" name="verifyFooterLinksFunctionality" duration-ms="39683" started-at="2019-02-27T05:34:29Z" finished-at="2019-02-27T05:35:09Z">
          <reporter-output>
          </reporter-output>
        </test-method> <!-- verifyFooterLinksFunctionality -->
        <test-method status="PASS" signature="stopRecording(org.testng.ITestResult)[pri:0, instance:org.thecollective.modules.HomePageModuleTest@28200d43]" name="stopRecording" is-config="true" duration-ms="2" started-at="2019-02-27T05:35:09Z" finished-at="2019-02-27T05:35:09Z">
          <params>
            <param index="0">
              <value>
                <![CDATA[[TestResult name=verifyFooterLinksFunctionality status=SUCCESS method=HomePageModuleTest.verifyFooterLinksFunctionality()[pri:0, instance:org.thecollective.modules.HomePageModuleTest@28200d43] output={null}]]]>
              </value>
            </param>
          </params>
          <reporter-output>
          </reporter-output>
        </test-method> <!-- stopRecording -->
        <test-method status="PASS" signature="tearDown()[pri:0, instance:org.thecollective.modules.HomePageModuleTest@28200d43]" name="tearDown" is-config="true" duration-ms="2624" started-at="2019-02-27T05:47:12Z" finished-at="2019-02-27T05:47:15Z">
          <reporter-output>
          </reporter-output>
        </test-method> <!-- tearDown -->
      </class> <!-- org.thecollective.modules.HomePageModuleTest -->
      <class name="org.thecollective.modules.MyAccountModuleTest">
        <test-method status="PASS" signature="setUp()[pri:0, instance:org.thecollective.modules.MyAccountModuleTest@7d836c4a]" name="setUp" is-config="true" duration-ms="5814" started-at="2019-02-27T05:44:19Z" finished-at="2019-02-27T05:44:25Z">
          <reporter-output>
          </reporter-output>
        </test-method> <!-- setUp -->
        <test-method status="PASS" signature="startRecording(java.lang.reflect.Method)[pri:0, instance:org.thecollective.modules.MyAccountModuleTest@7d836c4a]" name="startRecording" is-config="true" duration-ms="2" started-at="2019-02-27T05:44:25Z" finished-at="2019-02-27T05:44:25Z">
          <params>
            <param index="0">
              <value>
                <![CDATA[public void org.thecollective.modules.MyAccountModuleTest.verifyLogoutFunInMyAccountPage() throws java.lang.InterruptedException]]>
              </value>
            </param>
          </params>
          <reporter-output>
          </reporter-output>
        </test-method> <!-- startRecording -->
        <test-method status="PASS" signature="verifyLogoutFunInMyAccountPage()[pri:0, instance:org.thecollective.modules.MyAccountModuleTest@7d836c4a]" name="verifyLogoutFunInMyAccountPage" duration-ms="20118" started-at="2019-02-27T05:44:25Z" finished-at="2019-02-27T05:44:45Z">
          <reporter-output>
          </reporter-output>
        </test-method> <!-- verifyLogoutFunInMyAccountPage -->
        <test-method status="PASS" signature="stopRecording(org.testng.ITestResult)[pri:0, instance:org.thecollective.modules.MyAccountModuleTest@7d836c4a]" name="stopRecording" is-config="true" duration-ms="1" started-at="2019-02-27T05:44:45Z" finished-at="2019-02-27T05:44:45Z">
          <params>
            <param index="0">
              <value>
                <![CDATA[[TestResult name=verifyLogoutFunInMyAccountPage status=SUCCESS method=MyAccountModuleTest.verifyLogoutFunInMyAccountPage()[pri:0, instance:org.thecollective.modules.MyAccountModuleTest@7d836c4a] output={null}]]]>
              </value>
            </param>
          </params>
          <reporter-output>
          </reporter-output>
        </test-method> <!-- stopRecording -->
      </class> <!-- org.thecollective.modules.MyAccountModuleTest -->
    </test> <!-- Test(failed) -->
  </suite> <!-- Failed suite [Suite] -->
</testng-results>
