<?xml version="1.0" encoding="UTF-8"?>
<!-- Generated by org.testng.reporters.JUnitXMLReporter -->
<testsuite hostname="MGLT-CND6046GGC" ignored="49" name="Test(failed)" tests="45" failures="15" timestamp="22 Aug 2018 06:22:58 GMT" time="818.911" errors="0">
  <testcase name="verifySingleFilterByChangingSortByOption" time="11.902" classname="org.thecollective.modules.PLPModuleTest"/>
  <testcase name="verifyBrandsSubFilterFun" time="7.588" classname="org.thecollective.modules.PLPModuleTest">
    <failure type="java.util.NoSuchElementException">
      <![CDATA[java.util.NoSuchElementException
at java.util.TreeMap.key(TreeMap.java:1327)
at java.util.TreeMap.firstKey(TreeMap.java:290)
at java.util.TreeSet.first(TreeSet.java:394)
at org.thecollective.pageobjects.listpage.ListPageObjects.verifySearchWithinFun(ListPageObjects.java:485)
at org.thecollective.modules.PLPModuleTest.verifyBrandsSubFilterFun(PLPModuleTest.java:280)
at org.thecollective.maincontroller.MainController.run(MainController.java:220)
... Removed 27 stack frames]]>
    </failure>
  </testcase> <!-- verifyBrandsSubFilterFun -->
  <testcase name="verifyMultiFiltersRefreshForCatNavigation" time="16.892" classname="org.thecollective.modules.PLPModuleTest"/>
  <testcase name="verifySingleFilterFunWithPageRefresh" time="12.073" classname="org.thecollective.modules.PLPModuleTest">
    <failure type="java.lang.AssertionError" message="applied filter not shown expected [true] but found [false]">
      <![CDATA[java.lang.AssertionError: applied filter not shown expected [true] but found [false]
at org.thecollective.pageobjects.listpage.ListPageObjects.verifySingleCheckedFilter(ListPageObjects.java:419)
at org.thecollective.modules.PLPModuleTest.verifySingleFilterFunWithPageRefresh(PLPModuleTest.java:90)
at org.thecollective.maincontroller.MainController.run(MainController.java:220)
... Removed 30 stack frames]]>
    </failure>
  </testcase> <!-- verifySingleFilterFunWithPageRefresh -->
  <testcase name="verifyWishListFunctionality" time="9.642" classname="org.thecollective.modules.HomePageModuleTest">
    <failure type="org.openqa.selenium.WebDriverException" message="unknown error: Element &amp;lt;a href=&amp;quot;javascript:void(0);&amp;quot; class=&amp;quot;wishlist_icon&amp;quot; title=&amp;quot;My Wishlist&amp;quot;&amp;gt;...&amp;lt;/a&amp;gt; is not clickable at point (1265, 26). Other element would receive the click: &amp;lt;div class=&amp;quot;bg_overlay&amp;quot; id=&amp;quot;divGlobalLoader&amp;quot; style=&amp;quot;display: block;&amp;quot;&amp;gt;...&amp;lt;/div&amp;gt;
  (Session info: chrome=68.0.3440.106)
  (Driver info: chromedriver=2.36.540470 (e522d04694c7ebea4ba8821272dbef4f9b818c91),platform=Windows NT 6.3.9600 x86_64) (WARNING: The server did not provide any stacktrace information)
Command duration or timeout: 46 milliseconds
Build info: version: &amp;apos;2.53.0&amp;apos;, revision: &amp;apos;35ae25b1534ae328c771e0856c93e187490ca824&amp;apos;, time: &amp;apos;2016-03-15 10:43:46&amp;apos;
System info: host: &amp;apos;MGLT-CND6046GGC&amp;apos;, ip: &amp;apos;172.21.14.179&amp;apos;, os.name: &amp;apos;Windows 8.1&amp;apos;, os.arch: &amp;apos;amd64&amp;apos;, os.version: &amp;apos;6.3&amp;apos;, java.version: &amp;apos;1.8.0_131&amp;apos;
Driver info: org.openqa.selenium.chrome.ChromeDriver
Capabilities [{applicationCacheEnabled=false, rotatable=false, mobileEmulationEnabled=false, networkConnectionEnabled=false, chrome={chromedriverVersion=2.36.540470 (e522d04694c7ebea4ba8821272dbef4f9b818c91), userDataDir=C:\Users\THIRUV~1.CHI\AppData\Local\Temp\scoped_dir7128_32029}, takesHeapSnapshot=true, pageLoadStrategy=normal, databaseEnabled=false, handlesAlerts=true, hasTouchScreen=false, version=68.0.3440.106, platform=WIN8_1, browserConnectionEnabled=false, nativeEvents=true, acceptSslCerts=false, acceptInsecureCerts=false, locationContextEnabled=true, webStorageEnabled=true, browserName=chrome, takesScreenshot=true, javascriptEnabled=true, cssSelectorsEnabled=true, setWindowRect=true, unexpectedAlertBehaviour=}]
Session ID: 0717981c7ddfd74688833933886c1366">
      <![CDATA[org.openqa.selenium.WebDriverException: unknown error: Element <a href="javascript:void(0);" class="wishlist_icon" title="My Wishlist">...</a> is not clickable at point (1265, 26). Other element would receive the click: <div class="bg_overlay" id="divGlobalLoader" style="display: block;">...</div>
  (Session info: chrome=68.0.3440.106)
  (Driver info: chromedriver=2.36.540470 (e522d04694c7ebea4ba8821272dbef4f9b818c91),platform=Windows NT 6.3.9600 x86_64) (WARNING: The server did not provide any stacktrace information)
Command duration or timeout: 46 milliseconds
Build info: version: '2.53.0', revision: '35ae25b1534ae328c771e0856c93e187490ca824', time: '2016-03-15 10:43:46'
System info: host: 'MGLT-CND6046GGC', ip: '172.21.14.179', os.name: 'Windows 8.1', os.arch: 'amd64', os.version: '6.3', java.version: '1.8.0_131'
Driver info: org.openqa.selenium.chrome.ChromeDriver
Capabilities [{applicationCacheEnabled=false, rotatable=false, mobileEmulationEnabled=false, networkConnectionEnabled=false, chrome={chromedriverVersion=2.36.540470 (e522d04694c7ebea4ba8821272dbef4f9b818c91), userDataDir=C:\Users\THIRUV~1.CHI\AppData\Local\Temp\scoped_dir7128_32029}, takesHeapSnapshot=true, pageLoadStrategy=normal, databaseEnabled=false, handlesAlerts=true, hasTouchScreen=false, version=68.0.3440.106, platform=WIN8_1, browserConnectionEnabled=false, nativeEvents=true, acceptSslCerts=false, acceptInsecureCerts=false, locationContextEnabled=true, webStorageEnabled=true, browserName=chrome, takesScreenshot=true, javascriptEnabled=true, cssSelectorsEnabled=true, setWindowRect=true, unexpectedAlertBehaviour=}]
Session ID: 0717981c7ddfd74688833933886c1366
at org.openqa.selenium.remote.ErrorHandler.createThrowable(ErrorHandler.java:206)
at org.openqa.selenium.remote.ErrorHandler.throwIfResponseFailed(ErrorHandler.java:158)
at org.openqa.selenium.remote.RemoteWebDriver.execute(RemoteWebDriver.java:678)
at org.openqa.selenium.remote.RemoteWebElement.execute(RemoteWebElement.java:327)
at org.openqa.selenium.remote.RemoteWebElement.click(RemoteWebElement.java:85)
at org.openqa.selenium.support.pagefactory.internal.LocatingElementHandler.invoke(LocatingElementHandler.java:51)
at com.sun.proxy.$Proxy18.click(Unknown Source)
at org.thecollective.pageobjects.homepage.HomePageObjects.clickOnWishListIcon(HomePageObjects.java:472)
at org.thecollective.modules.HomePageModuleTest.verifyWishListFunctionality(HomePageModuleTest.java:180)
at org.thecollective.maincontroller.MainController.run(MainController.java:220)
... Removed 35 stack frames]]>
    </failure>
  </testcase> <!-- verifyWishListFunctionality -->
  <testcase name="verifyHomePageAfterLogin" time="12.119" classname="org.thecollective.modules.HomePageModuleTest">
    <failure type="org.openqa.selenium.NoSuchElementException" message="no such element: Unable to locate element: {&amp;quot;method&amp;quot;:&amp;quot;xpath&amp;quot;,&amp;quot;selector&amp;quot;:&amp;quot;//a[@title=&amp;apos;Login&amp;apos;]&amp;quot;}
  (Session info: chrome=68.0.3440.106)
  (Driver info: chromedriver=2.36.540470 (e522d04694c7ebea4ba8821272dbef4f9b818c91),platform=Windows NT 6.3.9600 x86_64) (WARNING: The server did not provide any stacktrace information)
Command duration or timeout: 10.07 seconds
For documentation on this error, please visit: http://seleniumhq.org/exceptions/no_such_element.html
Build info: version: &amp;apos;2.53.0&amp;apos;, revision: &amp;apos;35ae25b1534ae328c771e0856c93e187490ca824&amp;apos;, time: &amp;apos;2016-03-15 10:43:46&amp;apos;
System info: host: &amp;apos;MGLT-CND6046GGC&amp;apos;, ip: &amp;apos;172.21.14.179&amp;apos;, os.name: &amp;apos;Windows 8.1&amp;apos;, os.arch: &amp;apos;amd64&amp;apos;, os.version: &amp;apos;6.3&amp;apos;, java.version: &amp;apos;1.8.0_131&amp;apos;
Driver info: org.openqa.selenium.chrome.ChromeDriver
Capabilities [{applicationCacheEnabled=false, rotatable=false, mobileEmulationEnabled=false, networkConnectionEnabled=false, chrome={chromedriverVersion=2.36.540470 (e522d04694c7ebea4ba8821272dbef4f9b818c91), userDataDir=C:\Users\THIRUV~1.CHI\AppData\Local\Temp\scoped_dir7128_32029}, takesHeapSnapshot=true, pageLoadStrategy=normal, databaseEnabled=false, handlesAlerts=true, hasTouchScreen=false, version=68.0.3440.106, platform=WIN8_1, browserConnectionEnabled=false, nativeEvents=true, acceptSslCerts=false, acceptInsecureCerts=false, locationContextEnabled=true, webStorageEnabled=true, browserName=chrome, takesScreenshot=true, javascriptEnabled=true, cssSelectorsEnabled=true, setWindowRect=true, unexpectedAlertBehaviour=}]
Session ID: 0717981c7ddfd74688833933886c1366
*** Element info: {Using=xpath, value=//a[@title=&amp;apos;Login&amp;apos;]}">
      <![CDATA[org.openqa.selenium.NoSuchElementException: no such element: Unable to locate element: {"method":"xpath","selector":"//a[@title='Login']"}
  (Session info: chrome=68.0.3440.106)
  (Driver info: chromedriver=2.36.540470 (e522d04694c7ebea4ba8821272dbef4f9b818c91),platform=Windows NT 6.3.9600 x86_64) (WARNING: The server did not provide any stacktrace information)
Command duration or timeout: 10.07 seconds
For documentation on this error, please visit: http://seleniumhq.org/exceptions/no_such_element.html
Build info: version: '2.53.0', revision: '35ae25b1534ae328c771e0856c93e187490ca824', time: '2016-03-15 10:43:46'
System info: host: 'MGLT-CND6046GGC', ip: '172.21.14.179', os.name: 'Windows 8.1', os.arch: 'amd64', os.version: '6.3', java.version: '1.8.0_131'
Driver info: org.openqa.selenium.chrome.ChromeDriver
Capabilities [{applicationCacheEnabled=false, rotatable=false, mobileEmulationEnabled=false, networkConnectionEnabled=false, chrome={chromedriverVersion=2.36.540470 (e522d04694c7ebea4ba8821272dbef4f9b818c91), userDataDir=C:\Users\THIRUV~1.CHI\AppData\Local\Temp\scoped_dir7128_32029}, takesHeapSnapshot=true, pageLoadStrategy=normal, databaseEnabled=false, handlesAlerts=true, hasTouchScreen=false, version=68.0.3440.106, platform=WIN8_1, browserConnectionEnabled=false, nativeEvents=true, acceptSslCerts=false, acceptInsecureCerts=false, locationContextEnabled=true, webStorageEnabled=true, browserName=chrome, takesScreenshot=true, javascriptEnabled=true, cssSelectorsEnabled=true, setWindowRect=true, unexpectedAlertBehaviour=}]
Session ID: 0717981c7ddfd74688833933886c1366
*** Element info: {Using=xpath, value=//a[@title='Login']}
at org.openqa.selenium.remote.ErrorHandler.createThrowable(ErrorHandler.java:206)
at org.openqa.selenium.remote.ErrorHandler.throwIfResponseFailed(ErrorHandler.java:158)
at org.openqa.selenium.remote.RemoteWebDriver.execute(RemoteWebDriver.java:678)
at org.openqa.selenium.remote.RemoteWebDriver.findElement(RemoteWebDriver.java:363)
at org.openqa.selenium.remote.RemoteWebDriver.findElementByXPath(RemoteWebDriver.java:500)
at org.openqa.selenium.By$ByXPath.findElement(By.java:361)
at org.openqa.selenium.remote.RemoteWebDriver.findElement(RemoteWebDriver.java:355)
at org.openqa.selenium.support.pagefactory.DefaultElementLocator.findElement(DefaultElementLocator.java:69)
at org.openqa.selenium.support.pagefactory.internal.LocatingElementHandler.invoke(LocatingElementHandler.java:38)
at com.sun.proxy.$Proxy18.getCoordinates(Unknown Source)
at org.openqa.selenium.interactions.internal.MouseAction.getActionLocation(MouseAction.java:51)
at org.openqa.selenium.interactions.MoveMouseAction.perform(MoveMouseAction.java:39)
at org.openqa.selenium.interactions.CompositeAction.perform(CompositeAction.java:50)
at org.thecollective.pageobjects.homepage.HomePageObjects.clickOnLoginLink(HomePageObjects.java:248)
at org.thecollective.modules.HomePageModuleTest.verifyHomePageAfterLogin(HomePageModuleTest.java:86)
at org.thecollective.maincontroller.MainController.run(MainController.java:220)
... Removed 31 stack frames]]>
    </failure>
  </testcase> <!-- verifyHomePageAfterLogin -->
  <testcase name="verifySearchFunctionality" time="8.146" classname="org.thecollective.modules.HomePageModuleTest">
    <failure type="java.lang.AssertionError" message="expected [Search Results | The Collective] but found [Search Results]">
      <![CDATA[java.lang.AssertionError: expected [Search Results | The Collective] but found [Search Results]
at org.thecollective.pageobjects.listpage.ListPageObjects.verifyPageTitle(ListPageObjects.java:157)
at org.thecollective.modules.HomePageModuleTest.verifySearchFunctionality(HomePageModuleTest.java:137)
at org.thecollective.maincontroller.MainController.run(MainController.java:220)
... Removed 33 stack frames]]>
    </failure>
  </testcase> <!-- verifySearchFunctionality -->
  <testcase name="verifyAllImagePathLinksInLoginPage" time="6.045" classname="org.thecollective.modules.HomePageModuleTest"/>
  <testcase name="verifyAllImagePathLinksInSignUpPage" time="5.561" classname="org.thecollective.modules.HomePageModuleTest"/>
  <testcase name="verifyInvalidSearchFunctionality" time="7.574" classname="org.thecollective.modules.HomePageModuleTest">
    <failure type="java.lang.AssertionError" message="expected [Search Results | The Collective] but found [Search Results]">
      <![CDATA[java.lang.AssertionError: expected [Search Results | The Collective] but found [Search Results]
at org.thecollective.pageobjects.listpage.ListPageObjects.verifyPageTitle(ListPageObjects.java:157)
at org.thecollective.modules.HomePageModuleTest.verifyInvalidSearchFunctionality(HomePageModuleTest.java:151)
at org.thecollective.maincontroller.MainController.run(MainController.java:220)
... Removed 33 stack frames]]>
    </failure>
  </testcase> <!-- verifyInvalidSearchFunctionality -->
  <testcase name="verifyAllImagePathLinksInMyOrderPage" time="21.961" classname="org.thecollective.modules.HomePageModuleTest"/>
  <testcase name="verifyMyOrdersPageTabs" time="45.901" classname="org.thecollective.modules.MyAccountModuleTest">
    <failure type="org.openqa.selenium.TimeoutException" message="Expected condition failed: waiting for visibility of Proxy element for: DefaultElementLocator &amp;apos;By.tagName: h1&amp;apos; (tried for 20 second(s) with 500 MILLISECONDS interval)
Build info: version: &amp;apos;2.53.0&amp;apos;, revision: &amp;apos;35ae25b1534ae328c771e0856c93e187490ca824&amp;apos;, time: &amp;apos;2016-03-15 10:43:46&amp;apos;
System info: host: &amp;apos;MGLT-CND6046GGC&amp;apos;, ip: &amp;apos;172.21.14.179&amp;apos;, os.name: &amp;apos;Windows 8.1&amp;apos;, os.arch: &amp;apos;amd64&amp;apos;, os.version: &amp;apos;6.3&amp;apos;, java.version: &amp;apos;1.8.0_131&amp;apos;
Driver info: org.openqa.selenium.chrome.ChromeDriver
Capabilities [{applicationCacheEnabled=false, rotatable=false, mobileEmulationEnabled=false, networkConnectionEnabled=false, chrome={chromedriverVersion=2.36.540470 (e522d04694c7ebea4ba8821272dbef4f9b818c91), userDataDir=C:\Users\THIRUV~1.CHI\AppData\Local\Temp\scoped_dir7128_32029}, takesHeapSnapshot=true, pageLoadStrategy=normal, databaseEnabled=false, handlesAlerts=true, hasTouchScreen=false, version=68.0.3440.106, platform=WIN8_1, browserConnectionEnabled=false, nativeEvents=true, acceptSslCerts=false, acceptInsecureCerts=false, locationContextEnabled=true, webStorageEnabled=true, browserName=chrome, takesScreenshot=true, javascriptEnabled=true, cssSelectorsEnabled=true, setWindowRect=true, unexpectedAlertBehaviour=}]
Session ID: 0717981c7ddfd74688833933886c1366">
      <![CDATA[org.openqa.selenium.TimeoutException: Expected condition failed: waiting for visibility of Proxy element for: DefaultElementLocator 'By.tagName: h1' (tried for 20 second(s) with 500 MILLISECONDS interval)
Build info: version: '2.53.0', revision: '35ae25b1534ae328c771e0856c93e187490ca824', time: '2016-03-15 10:43:46'
System info: host: 'MGLT-CND6046GGC', ip: '172.21.14.179', os.name: 'Windows 8.1', os.arch: 'amd64', os.version: '6.3', java.version: '1.8.0_131'
Driver info: org.openqa.selenium.chrome.ChromeDriver
Capabilities [{applicationCacheEnabled=false, rotatable=false, mobileEmulationEnabled=false, networkConnectionEnabled=false, chrome={chromedriverVersion=2.36.540470 (e522d04694c7ebea4ba8821272dbef4f9b818c91), userDataDir=C:\Users\THIRUV~1.CHI\AppData\Local\Temp\scoped_dir7128_32029}, takesHeapSnapshot=true, pageLoadStrategy=normal, databaseEnabled=false, handlesAlerts=true, hasTouchScreen=false, version=68.0.3440.106, platform=WIN8_1, browserConnectionEnabled=false, nativeEvents=true, acceptSslCerts=false, acceptInsecureCerts=false, locationContextEnabled=true, webStorageEnabled=true, browserName=chrome, takesScreenshot=true, javascriptEnabled=true, cssSelectorsEnabled=true, setWindowRect=true, unexpectedAlertBehaviour=}]
Session ID: 0717981c7ddfd74688833933886c1366
at org.openqa.selenium.support.ui.WebDriverWait.timeoutException(WebDriverWait.java:80)
at org.openqa.selenium.support.ui.FluentWait.until(FluentWait.java:265)
at org.thecollective.utils.Waiting.explicitWaitVisibilityOfElement(Waiting.java:58)
at org.thecollective.pageobjects.myaccount.MyAccountPageObjects.verifyMyOrdersPage(MyAccountPageObjects.java:82)
at org.thecollective.modules.MyAccountModuleTest.verifyMyOrdersPageTabs(MyAccountModuleTest.java:85)
at org.thecollective.maincontroller.MainController.run(MainController.java:220)
Caused by: org.openqa.selenium.NoSuchElementException: no such element: Unable to locate element: {"method":"tag name","selector":"h1"}
  (Session info: chrome=68.0.3440.106)
  (Driver info: chromedriver=2.36.540470 (e522d04694c7ebea4ba8821272dbef4f9b818c91),platform=Windows NT 6.3.9600 x86_64) (WARNING: The server did not provide any stacktrace information)
Command duration or timeout: 10.05 seconds
For documentation on this error, please visit: http://seleniumhq.org/exceptions/no_such_element.html
Build info: version: '2.53.0', revision: '35ae25b1534ae328c771e0856c93e187490ca824', time: '2016-03-15 10:43:46'
System info: host: 'MGLT-CND6046GGC', ip: '172.21.14.179', os.name: 'Windows 8.1', os.arch: 'amd64', os.version: '6.3', java.version: '1.8.0_131'
Driver info: org.openqa.selenium.chrome.ChromeDriver
Capabilities [{applicationCacheEnabled=false, rotatable=false, mobileEmulationEnabled=false, networkConnectionEnabled=false, chrome={chromedriverVersion=2.36.540470 (e522d04694c7ebea4ba8821272dbef4f9b818c91), userDataDir=C:\Users\THIRUV~1.CHI\AppData\Local\Temp\scoped_dir7128_32029}, takesHeapSnapshot=true, pageLoadStrategy=normal, databaseEnabled=false, handlesAlerts=true, hasTouchScreen=false, version=68.0.3440.106, platform=WIN8_1, browserConnectionEnabled=false, nativeEvents=true, acceptSslCerts=false, acceptInsecureCerts=false, locationContextEnabled=true, webStorageEnabled=true, browserName=chrome, takesScreenshot=true, javascriptEnabled=true, cssSelectorsEnabled=true, setWindowRect=true, unexpectedAlertBehaviour=}]
Session ID: 0717981c7ddfd74688833933886c1366
*** Element info: {Using=tag name, value=h1}
at org.openqa.selenium.remote.ErrorHandler.createThrowable(ErrorHandler.java:206)
at org.openqa.selenium.remote.ErrorHandler.throwIfResponseFailed(ErrorHandler.java:158)
at org.openqa.selenium.remote.RemoteWebDriver.execute(RemoteWebDriver.java:678)
at org.openqa.selenium.remote.RemoteWebDriver.findElement(RemoteWebDriver.java:363)
at org.openqa.selenium.remote.RemoteWebDriver.findElementByTagName(RemoteWebDriver.java:445)
at org.openqa.selenium.By$ByTagName.findElement(By.java:334)
at org.openqa.selenium.remote.RemoteWebDriver.findElement(RemoteWebDriver.java:355)
at org.openqa.selenium.support.pagefactory.DefaultElementLocator.findElement(DefaultElementLocator.java:69)
at org.openqa.selenium.support.pagefactory.internal.LocatingElementHandler.invoke(LocatingElementHandler.java:38)
at com.sun.proxy.$Proxy18.isDisplayed(Unknown Source)
at org.openqa.selenium.support.ui.ExpectedConditions.elementIfVisible(ExpectedConditions.java:302)
at org.openqa.selenium.support.ui.ExpectedConditions.access$100(ExpectedConditions.java:41)
at org.openqa.selenium.support.ui.ExpectedConditions$10.apply(ExpectedConditions.java:288)
at org.openqa.selenium.support.ui.ExpectedConditions$10.apply(ExpectedConditions.java:285)
at org.openqa.selenium.support.ui.FluentWait.until(FluentWait.java:238)
... 31 more
... Removed 31 stack frames]]>
    </failure>
  </testcase> <!-- verifyMyOrdersPageTabs -->
  <testcase name="verifyMyAccountPage" time="12.025" classname="org.thecollective.modules.MyAccountModuleTest">
    <failure type="org.openqa.selenium.NoSuchElementException" message="no such element: Unable to locate element: {&amp;quot;method&amp;quot;:&amp;quot;xpath&amp;quot;,&amp;quot;selector&amp;quot;:&amp;quot;//a[@title=&amp;apos;Login&amp;apos;]&amp;quot;}
  (Session info: chrome=68.0.3440.106)
  (Driver info: chromedriver=2.36.540470 (e522d04694c7ebea4ba8821272dbef4f9b818c91),platform=Windows NT 6.3.9600 x86_64) (WARNING: The server did not provide any stacktrace information)
Command duration or timeout: 10.03 seconds
For documentation on this error, please visit: http://seleniumhq.org/exceptions/no_such_element.html
Build info: version: &amp;apos;2.53.0&amp;apos;, revision: &amp;apos;35ae25b1534ae328c771e0856c93e187490ca824&amp;apos;, time: &amp;apos;2016-03-15 10:43:46&amp;apos;
System info: host: &amp;apos;MGLT-CND6046GGC&amp;apos;, ip: &amp;apos;172.21.14.179&amp;apos;, os.name: &amp;apos;Windows 8.1&amp;apos;, os.arch: &amp;apos;amd64&amp;apos;, os.version: &amp;apos;6.3&amp;apos;, java.version: &amp;apos;1.8.0_131&amp;apos;
Driver info: org.openqa.selenium.chrome.ChromeDriver
Capabilities [{applicationCacheEnabled=false, rotatable=false, mobileEmulationEnabled=false, networkConnectionEnabled=false, chrome={chromedriverVersion=2.36.540470 (e522d04694c7ebea4ba8821272dbef4f9b818c91), userDataDir=C:\Users\THIRUV~1.CHI\AppData\Local\Temp\scoped_dir7128_32029}, takesHeapSnapshot=true, pageLoadStrategy=normal, databaseEnabled=false, handlesAlerts=true, hasTouchScreen=false, version=68.0.3440.106, platform=WIN8_1, browserConnectionEnabled=false, nativeEvents=true, acceptSslCerts=false, acceptInsecureCerts=false, locationContextEnabled=true, webStorageEnabled=true, browserName=chrome, takesScreenshot=true, javascriptEnabled=true, cssSelectorsEnabled=true, setWindowRect=true, unexpectedAlertBehaviour=}]
Session ID: 0717981c7ddfd74688833933886c1366
*** Element info: {Using=xpath, value=//a[@title=&amp;apos;Login&amp;apos;]}">
      <![CDATA[org.openqa.selenium.NoSuchElementException: no such element: Unable to locate element: {"method":"xpath","selector":"//a[@title='Login']"}
  (Session info: chrome=68.0.3440.106)
  (Driver info: chromedriver=2.36.540470 (e522d04694c7ebea4ba8821272dbef4f9b818c91),platform=Windows NT 6.3.9600 x86_64) (WARNING: The server did not provide any stacktrace information)
Command duration or timeout: 10.03 seconds
For documentation on this error, please visit: http://seleniumhq.org/exceptions/no_such_element.html
Build info: version: '2.53.0', revision: '35ae25b1534ae328c771e0856c93e187490ca824', time: '2016-03-15 10:43:46'
System info: host: 'MGLT-CND6046GGC', ip: '172.21.14.179', os.name: 'Windows 8.1', os.arch: 'amd64', os.version: '6.3', java.version: '1.8.0_131'
Driver info: org.openqa.selenium.chrome.ChromeDriver
Capabilities [{applicationCacheEnabled=false, rotatable=false, mobileEmulationEnabled=false, networkConnectionEnabled=false, chrome={chromedriverVersion=2.36.540470 (e522d04694c7ebea4ba8821272dbef4f9b818c91), userDataDir=C:\Users\THIRUV~1.CHI\AppData\Local\Temp\scoped_dir7128_32029}, takesHeapSnapshot=true, pageLoadStrategy=normal, databaseEnabled=false, handlesAlerts=true, hasTouchScreen=false, version=68.0.3440.106, platform=WIN8_1, browserConnectionEnabled=false, nativeEvents=true, acceptSslCerts=false, acceptInsecureCerts=false, locationContextEnabled=true, webStorageEnabled=true, browserName=chrome, takesScreenshot=true, javascriptEnabled=true, cssSelectorsEnabled=true, setWindowRect=true, unexpectedAlertBehaviour=}]
Session ID: 0717981c7ddfd74688833933886c1366
*** Element info: {Using=xpath, value=//a[@title='Login']}
at org.openqa.selenium.remote.ErrorHandler.createThrowable(ErrorHandler.java:206)
at org.openqa.selenium.remote.ErrorHandler.throwIfResponseFailed(ErrorHandler.java:158)
at org.openqa.selenium.remote.RemoteWebDriver.execute(RemoteWebDriver.java:678)
at org.openqa.selenium.remote.RemoteWebDriver.findElement(RemoteWebDriver.java:363)
at org.openqa.selenium.remote.RemoteWebDriver.findElementByXPath(RemoteWebDriver.java:500)
at org.openqa.selenium.By$ByXPath.findElement(By.java:361)
at org.openqa.selenium.remote.RemoteWebDriver.findElement(RemoteWebDriver.java:355)
at org.openqa.selenium.support.pagefactory.DefaultElementLocator.findElement(DefaultElementLocator.java:69)
at org.openqa.selenium.support.pagefactory.internal.LocatingElementHandler.invoke(LocatingElementHandler.java:38)
at com.sun.proxy.$Proxy18.getCoordinates(Unknown Source)
at org.openqa.selenium.interactions.internal.MouseAction.getActionLocation(MouseAction.java:51)
at org.openqa.selenium.interactions.MoveMouseAction.perform(MoveMouseAction.java:39)
at org.openqa.selenium.interactions.CompositeAction.perform(CompositeAction.java:50)
at org.thecollective.pageobjects.homepage.HomePageObjects.clickOnLoginLink(HomePageObjects.java:248)
at org.thecollective.modules.MyAccountModuleTest.verifyMyAccountPage(MyAccountModuleTest.java:23)
at org.thecollective.maincontroller.MainController.run(MainController.java:220)
... Removed 31 stack frames]]>
    </failure>
  </testcase> <!-- verifyMyAccountPage -->
  <testcase name="verifyUpdateAddress" time="26.642" classname="org.thecollective.modules.MyAccountModuleTest">
    <failure type="java.lang.AssertionError" message="my addresses tab is not displayed expected [true] but found [false]">
      <![CDATA[java.lang.AssertionError: my addresses tab is not displayed expected [true] but found [false]
at org.thecollective.pageobjects.myaccount.MyAccountPageObjects.clickOnMyAddressTab(MyAccountPageObjects.java:125)
at org.thecollective.modules.MyAccountModuleTest.verifyUpdateAddress(MyAccountModuleTest.java:105)
at org.thecollective.maincontroller.MainController.run(MainController.java:220)
... Removed 30 stack frames]]>
    </failure>
  </testcase> <!-- verifyUpdateAddress -->
  <testcase name="verifySavedItems" time="12.098" classname="org.thecollective.modules.MyAccountModuleTest">
    <failure type="org.openqa.selenium.NoSuchElementException" message="no such element: Unable to locate element: {&amp;quot;method&amp;quot;:&amp;quot;xpath&amp;quot;,&amp;quot;selector&amp;quot;:&amp;quot;//a[@title=&amp;apos;Login&amp;apos;]&amp;quot;}
  (Session info: chrome=68.0.3440.106)
  (Driver info: chromedriver=2.36.540470 (e522d04694c7ebea4ba8821272dbef4f9b818c91),platform=Windows NT 6.3.9600 x86_64) (WARNING: The server did not provide any stacktrace information)
Command duration or timeout: 10.04 seconds
For documentation on this error, please visit: http://seleniumhq.org/exceptions/no_such_element.html
Build info: version: &amp;apos;2.53.0&amp;apos;, revision: &amp;apos;35ae25b1534ae328c771e0856c93e187490ca824&amp;apos;, time: &amp;apos;2016-03-15 10:43:46&amp;apos;
System info: host: &amp;apos;MGLT-CND6046GGC&amp;apos;, ip: &amp;apos;172.21.14.179&amp;apos;, os.name: &amp;apos;Windows 8.1&amp;apos;, os.arch: &amp;apos;amd64&amp;apos;, os.version: &amp;apos;6.3&amp;apos;, java.version: &amp;apos;1.8.0_131&amp;apos;
Driver info: org.openqa.selenium.chrome.ChromeDriver
Capabilities [{applicationCacheEnabled=false, rotatable=false, mobileEmulationEnabled=false, networkConnectionEnabled=false, chrome={chromedriverVersion=2.36.540470 (e522d04694c7ebea4ba8821272dbef4f9b818c91), userDataDir=C:\Users\THIRUV~1.CHI\AppData\Local\Temp\scoped_dir7128_32029}, takesHeapSnapshot=true, pageLoadStrategy=normal, databaseEnabled=false, handlesAlerts=true, hasTouchScreen=false, version=68.0.3440.106, platform=WIN8_1, browserConnectionEnabled=false, nativeEvents=true, acceptSslCerts=false, acceptInsecureCerts=false, locationContextEnabled=true, webStorageEnabled=true, browserName=chrome, takesScreenshot=true, javascriptEnabled=true, cssSelectorsEnabled=true, setWindowRect=true, unexpectedAlertBehaviour=}]
Session ID: 0717981c7ddfd74688833933886c1366
*** Element info: {Using=xpath, value=//a[@title=&amp;apos;Login&amp;apos;]}">
      <![CDATA[org.openqa.selenium.NoSuchElementException: no such element: Unable to locate element: {"method":"xpath","selector":"//a[@title='Login']"}
  (Session info: chrome=68.0.3440.106)
  (Driver info: chromedriver=2.36.540470 (e522d04694c7ebea4ba8821272dbef4f9b818c91),platform=Windows NT 6.3.9600 x86_64) (WARNING: The server did not provide any stacktrace information)
Command duration or timeout: 10.04 seconds
For documentation on this error, please visit: http://seleniumhq.org/exceptions/no_such_element.html
Build info: version: '2.53.0', revision: '35ae25b1534ae328c771e0856c93e187490ca824', time: '2016-03-15 10:43:46'
System info: host: 'MGLT-CND6046GGC', ip: '172.21.14.179', os.name: 'Windows 8.1', os.arch: 'amd64', os.version: '6.3', java.version: '1.8.0_131'
Driver info: org.openqa.selenium.chrome.ChromeDriver
Capabilities [{applicationCacheEnabled=false, rotatable=false, mobileEmulationEnabled=false, networkConnectionEnabled=false, chrome={chromedriverVersion=2.36.540470 (e522d04694c7ebea4ba8821272dbef4f9b818c91), userDataDir=C:\Users\THIRUV~1.CHI\AppData\Local\Temp\scoped_dir7128_32029}, takesHeapSnapshot=true, pageLoadStrategy=normal, databaseEnabled=false, handlesAlerts=true, hasTouchScreen=false, version=68.0.3440.106, platform=WIN8_1, browserConnectionEnabled=false, nativeEvents=true, acceptSslCerts=false, acceptInsecureCerts=false, locationContextEnabled=true, webStorageEnabled=true, browserName=chrome, takesScreenshot=true, javascriptEnabled=true, cssSelectorsEnabled=true, setWindowRect=true, unexpectedAlertBehaviour=}]
Session ID: 0717981c7ddfd74688833933886c1366
*** Element info: {Using=xpath, value=//a[@title='Login']}
at org.openqa.selenium.remote.ErrorHandler.createThrowable(ErrorHandler.java:206)
at org.openqa.selenium.remote.ErrorHandler.throwIfResponseFailed(ErrorHandler.java:158)
at org.openqa.selenium.remote.RemoteWebDriver.execute(RemoteWebDriver.java:678)
at org.openqa.selenium.remote.RemoteWebDriver.findElement(RemoteWebDriver.java:363)
at org.openqa.selenium.remote.RemoteWebDriver.findElementByXPath(RemoteWebDriver.java:500)
at org.openqa.selenium.By$ByXPath.findElement(By.java:361)
at org.openqa.selenium.remote.RemoteWebDriver.findElement(RemoteWebDriver.java:355)
at org.openqa.selenium.support.pagefactory.DefaultElementLocator.findElement(DefaultElementLocator.java:69)
at org.openqa.selenium.support.pagefactory.internal.LocatingElementHandler.invoke(LocatingElementHandler.java:38)
at com.sun.proxy.$Proxy18.getCoordinates(Unknown Source)
at org.openqa.selenium.interactions.internal.MouseAction.getActionLocation(MouseAction.java:51)
at org.openqa.selenium.interactions.MoveMouseAction.perform(MoveMouseAction.java:39)
at org.openqa.selenium.interactions.CompositeAction.perform(CompositeAction.java:50)
at org.thecollective.pageobjects.homepage.HomePageObjects.clickOnLoginLink(HomePageObjects.java:248)
at org.thecollective.modules.MyAccountModuleTest.verifySavedItems(MyAccountModuleTest.java:40)
at org.thecollective.maincontroller.MainController.run(MainController.java:220)
... Removed 31 stack frames]]>
    </failure>
  </testcase> <!-- verifySavedItems -->
  <testcase name="verifyMyOrdersPage" time="19.113" classname="org.thecollective.modules.MyAccountModuleTest"/>
  <testcase name="verifyLogoutFunInMyAccountPage" time="24.063" classname="org.thecollective.modules.MyAccountModuleTest">
    <failure type="org.openqa.selenium.NoSuchElementException" message="no such element: Unable to locate element: {&amp;quot;method&amp;quot;:&amp;quot;xpath&amp;quot;,&amp;quot;selector&amp;quot;:&amp;quot;//span[(.=&amp;apos;LOGOUT&amp;apos;)]&amp;quot;}
  (Session info: chrome=68.0.3440.106)
  (Driver info: chromedriver=2.36.540470 (e522d04694c7ebea4ba8821272dbef4f9b818c91),platform=Windows NT 6.3.9600 x86_64) (WARNING: The server did not provide any stacktrace information)
Command duration or timeout: 10.06 seconds
For documentation on this error, please visit: http://seleniumhq.org/exceptions/no_such_element.html
Build info: version: &amp;apos;2.53.0&amp;apos;, revision: &amp;apos;35ae25b1534ae328c771e0856c93e187490ca824&amp;apos;, time: &amp;apos;2016-03-15 10:43:46&amp;apos;
System info: host: &amp;apos;MGLT-CND6046GGC&amp;apos;, ip: &amp;apos;172.21.14.179&amp;apos;, os.name: &amp;apos;Windows 8.1&amp;apos;, os.arch: &amp;apos;amd64&amp;apos;, os.version: &amp;apos;6.3&amp;apos;, java.version: &amp;apos;1.8.0_131&amp;apos;
Driver info: org.openqa.selenium.chrome.ChromeDriver
Capabilities [{applicationCacheEnabled=false, rotatable=false, mobileEmulationEnabled=false, networkConnectionEnabled=false, chrome={chromedriverVersion=2.36.540470 (e522d04694c7ebea4ba8821272dbef4f9b818c91), userDataDir=C:\Users\THIRUV~1.CHI\AppData\Local\Temp\scoped_dir7128_32029}, takesHeapSnapshot=true, pageLoadStrategy=normal, databaseEnabled=false, handlesAlerts=true, hasTouchScreen=false, version=68.0.3440.106, platform=WIN8_1, browserConnectionEnabled=false, nativeEvents=true, acceptSslCerts=false, acceptInsecureCerts=false, locationContextEnabled=true, webStorageEnabled=true, browserName=chrome, takesScreenshot=true, javascriptEnabled=true, cssSelectorsEnabled=true, setWindowRect=true, unexpectedAlertBehaviour=}]
Session ID: 0717981c7ddfd74688833933886c1366
*** Element info: {Using=xpath, value=//span[(.=&amp;apos;LOGOUT&amp;apos;)]}">
      <![CDATA[org.openqa.selenium.NoSuchElementException: no such element: Unable to locate element: {"method":"xpath","selector":"//span[(.='LOGOUT')]"}
  (Session info: chrome=68.0.3440.106)
  (Driver info: chromedriver=2.36.540470 (e522d04694c7ebea4ba8821272dbef4f9b818c91),platform=Windows NT 6.3.9600 x86_64) (WARNING: The server did not provide any stacktrace information)
Command duration or timeout: 10.06 seconds
For documentation on this error, please visit: http://seleniumhq.org/exceptions/no_such_element.html
Build info: version: '2.53.0', revision: '35ae25b1534ae328c771e0856c93e187490ca824', time: '2016-03-15 10:43:46'
System info: host: 'MGLT-CND6046GGC', ip: '172.21.14.179', os.name: 'Windows 8.1', os.arch: 'amd64', os.version: '6.3', java.version: '1.8.0_131'
Driver info: org.openqa.selenium.chrome.ChromeDriver
Capabilities [{applicationCacheEnabled=false, rotatable=false, mobileEmulationEnabled=false, networkConnectionEnabled=false, chrome={chromedriverVersion=2.36.540470 (e522d04694c7ebea4ba8821272dbef4f9b818c91), userDataDir=C:\Users\THIRUV~1.CHI\AppData\Local\Temp\scoped_dir7128_32029}, takesHeapSnapshot=true, pageLoadStrategy=normal, databaseEnabled=false, handlesAlerts=true, hasTouchScreen=false, version=68.0.3440.106, platform=WIN8_1, browserConnectionEnabled=false, nativeEvents=true, acceptSslCerts=false, acceptInsecureCerts=false, locationContextEnabled=true, webStorageEnabled=true, browserName=chrome, takesScreenshot=true, javascriptEnabled=true, cssSelectorsEnabled=true, setWindowRect=true, unexpectedAlertBehaviour=}]
Session ID: 0717981c7ddfd74688833933886c1366
*** Element info: {Using=xpath, value=//span[(.='LOGOUT')]}
at org.openqa.selenium.remote.ErrorHandler.createThrowable(ErrorHandler.java:206)
at org.openqa.selenium.remote.ErrorHandler.throwIfResponseFailed(ErrorHandler.java:158)
at org.openqa.selenium.remote.RemoteWebDriver.execute(RemoteWebDriver.java:678)
at org.openqa.selenium.remote.RemoteWebDriver.findElement(RemoteWebDriver.java:363)
at org.openqa.selenium.remote.RemoteWebDriver.findElementByXPath(RemoteWebDriver.java:500)
at org.openqa.selenium.By$ByXPath.findElement(By.java:361)
at org.openqa.selenium.remote.RemoteWebDriver.findElement(RemoteWebDriver.java:355)
at org.openqa.selenium.support.pagefactory.DefaultElementLocator.findElement(DefaultElementLocator.java:69)
at org.openqa.selenium.support.pagefactory.internal.LocatingElementHandler.invoke(LocatingElementHandler.java:38)
at com.sun.proxy.$Proxy18.isDisplayed(Unknown Source)
at org.thecollective.pageobjects.myaccount.MyAccountPageObjects.assertVerifyLogoutLink(MyAccountPageObjects.java:234)
at org.thecollective.pageobjects.myaccount.MyAccountPageObjects.clickOnLogoutLinkInMyAccountPage(MyAccountPageObjects.java:226)
at org.thecollective.modules.MyAccountModuleTest.verifyLogoutFunInMyAccountPage(MyAccountModuleTest.java:146)
at org.thecollective.maincontroller.MainController.run(MainController.java:220)
... Removed 31 stack frames]]>
    </failure>
  </testcase> <!-- verifyLogoutFunInMyAccountPage -->
  <testcase name="verifyProductPriceBeforeUpdateTest" time="30.091" classname="org.thecollective.modules.CheckoutModuleTest"/>
  <testcase name="veryfyCheckoutPageTest" time="24.647" classname="org.thecollective.modules.CheckoutModuleTest"/>
  <testcase name="veryfyRemoveProductsTest" time="60.051" classname="org.thecollective.modules.CheckoutModuleTest">
    <failure type="org.openqa.selenium.TimeoutException" message="Expected condition failed: waiting for visibility of Proxy element for: DefaultElementLocator &amp;apos;By.tagName: h1&amp;apos; (tried for 10 second(s) with 500 MILLISECONDS interval)
Build info: version: &amp;apos;2.53.0&amp;apos;, revision: &amp;apos;35ae25b1534ae328c771e0856c93e187490ca824&amp;apos;, time: &amp;apos;2016-03-15 10:43:46&amp;apos;
System info: host: &amp;apos;MGLT-CND6046GGC&amp;apos;, ip: &amp;apos;172.21.14.179&amp;apos;, os.name: &amp;apos;Windows 8.1&amp;apos;, os.arch: &amp;apos;amd64&amp;apos;, os.version: &amp;apos;6.3&amp;apos;, java.version: &amp;apos;1.8.0_131&amp;apos;
Driver info: org.openqa.selenium.chrome.ChromeDriver
Capabilities [{applicationCacheEnabled=false, rotatable=false, mobileEmulationEnabled=false, networkConnectionEnabled=false, chrome={chromedriverVersion=2.36.540470 (e522d04694c7ebea4ba8821272dbef4f9b818c91), userDataDir=C:\Users\THIRUV~1.CHI\AppData\Local\Temp\scoped_dir7128_32029}, takesHeapSnapshot=true, pageLoadStrategy=normal, databaseEnabled=false, handlesAlerts=true, hasTouchScreen=false, version=68.0.3440.106, platform=WIN8_1, browserConnectionEnabled=false, nativeEvents=true, acceptSslCerts=false, acceptInsecureCerts=false, locationContextEnabled=true, webStorageEnabled=true, browserName=chrome, takesScreenshot=true, javascriptEnabled=true, cssSelectorsEnabled=true, setWindowRect=true, unexpectedAlertBehaviour=}]
Session ID: 0717981c7ddfd74688833933886c1366">
      <![CDATA[org.openqa.selenium.TimeoutException: Expected condition failed: waiting for visibility of Proxy element for: DefaultElementLocator 'By.tagName: h1' (tried for 10 second(s) with 500 MILLISECONDS interval)
Build info: version: '2.53.0', revision: '35ae25b1534ae328c771e0856c93e187490ca824', time: '2016-03-15 10:43:46'
System info: host: 'MGLT-CND6046GGC', ip: '172.21.14.179', os.name: 'Windows 8.1', os.arch: 'amd64', os.version: '6.3', java.version: '1.8.0_131'
Driver info: org.openqa.selenium.chrome.ChromeDriver
Capabilities [{applicationCacheEnabled=false, rotatable=false, mobileEmulationEnabled=false, networkConnectionEnabled=false, chrome={chromedriverVersion=2.36.540470 (e522d04694c7ebea4ba8821272dbef4f9b818c91), userDataDir=C:\Users\THIRUV~1.CHI\AppData\Local\Temp\scoped_dir7128_32029}, takesHeapSnapshot=true, pageLoadStrategy=normal, databaseEnabled=false, handlesAlerts=true, hasTouchScreen=false, version=68.0.3440.106, platform=WIN8_1, browserConnectionEnabled=false, nativeEvents=true, acceptSslCerts=false, acceptInsecureCerts=false, locationContextEnabled=true, webStorageEnabled=true, browserName=chrome, takesScreenshot=true, javascriptEnabled=true, cssSelectorsEnabled=true, setWindowRect=true, unexpectedAlertBehaviour=}]
Session ID: 0717981c7ddfd74688833933886c1366
at org.openqa.selenium.support.ui.WebDriverWait.timeoutException(WebDriverWait.java:80)
at org.openqa.selenium.support.ui.FluentWait.until(FluentWait.java:265)
at org.thecollective.utils.Waiting.explicitWaitVisibilityOfElement(Waiting.java:58)
at org.thecollective.pageobjects.checkout.CheckoutSummaryPageObjects.verifyEmptyCartText(CheckoutSummaryPageObjects.java:162)
at org.thecollective.pageobjects.checkout.CheckoutSummaryPageObjects.verifyEmptyCartPage(CheckoutSummaryPageObjects.java:134)
at org.thecollective.modules.CheckoutModuleTest.veryfyRemoveProductsTest(CheckoutModuleTest.java:93)
at org.thecollective.maincontroller.MainController.run(MainController.java:220)
Caused by: org.openqa.selenium.NoSuchElementException: no such element: Unable to locate element: {"method":"tag name","selector":"h1"}
  (Session info: chrome=68.0.3440.106)
  (Driver info: chromedriver=2.36.540470 (e522d04694c7ebea4ba8821272dbef4f9b818c91),platform=Windows NT 6.3.9600 x86_64) (WARNING: The server did not provide any stacktrace information)
Command duration or timeout: 10.05 seconds
For documentation on this error, please visit: http://seleniumhq.org/exceptions/no_such_element.html
Build info: version: '2.53.0', revision: '35ae25b1534ae328c771e0856c93e187490ca824', time: '2016-03-15 10:43:46'
System info: host: 'MGLT-CND6046GGC', ip: '172.21.14.179', os.name: 'Windows 8.1', os.arch: 'amd64', os.version: '6.3', java.version: '1.8.0_131'
Driver info: org.openqa.selenium.chrome.ChromeDriver
Capabilities [{applicationCacheEnabled=false, rotatable=false, mobileEmulationEnabled=false, networkConnectionEnabled=false, chrome={chromedriverVersion=2.36.540470 (e522d04694c7ebea4ba8821272dbef4f9b818c91), userDataDir=C:\Users\THIRUV~1.CHI\AppData\Local\Temp\scoped_dir7128_32029}, takesHeapSnapshot=true, pageLoadStrategy=normal, databaseEnabled=false, handlesAlerts=true, hasTouchScreen=false, version=68.0.3440.106, platform=WIN8_1, browserConnectionEnabled=false, nativeEvents=true, acceptSslCerts=false, acceptInsecureCerts=false, locationContextEnabled=true, webStorageEnabled=true, browserName=chrome, takesScreenshot=true, javascriptEnabled=true, cssSelectorsEnabled=true, setWindowRect=true, unexpectedAlertBehaviour=}]
Session ID: 0717981c7ddfd74688833933886c1366
*** Element info: {Using=tag name, value=h1}
at org.openqa.selenium.remote.ErrorHandler.createThrowable(ErrorHandler.java:206)
at org.openqa.selenium.remote.ErrorHandler.throwIfResponseFailed(ErrorHandler.java:158)
at org.openqa.selenium.remote.RemoteWebDriver.execute(RemoteWebDriver.java:678)
at org.openqa.selenium.remote.RemoteWebDriver.findElement(RemoteWebDriver.java:363)
at org.openqa.selenium.remote.RemoteWebDriver.findElementByTagName(RemoteWebDriver.java:445)
at org.openqa.selenium.By$ByTagName.findElement(By.java:334)
at org.openqa.selenium.remote.RemoteWebDriver.findElement(RemoteWebDriver.java:355)
at org.openqa.selenium.support.pagefactory.DefaultElementLocator.findElement(DefaultElementLocator.java:69)
at org.openqa.selenium.support.pagefactory.internal.LocatingElementHandler.invoke(LocatingElementHandler.java:38)
at com.sun.proxy.$Proxy18.isDisplayed(Unknown Source)
at org.openqa.selenium.support.ui.ExpectedConditions.elementIfVisible(ExpectedConditions.java:302)
at org.openqa.selenium.support.ui.ExpectedConditions.access$100(ExpectedConditions.java:41)
at org.openqa.selenium.support.ui.ExpectedConditions$10.apply(ExpectedConditions.java:288)
at org.openqa.selenium.support.ui.ExpectedConditions$10.apply(ExpectedConditions.java:285)
at org.openqa.selenium.support.ui.FluentWait.until(FluentWait.java:238)
... 32 more
... Removed 31 stack frames]]>
    </failure>
  </testcase> <!-- veryfyRemoveProductsTest -->
  <testcase name="verifyLoginByClickOnContinueInSummaryPage" time="29.198" classname="org.thecollective.modules.CheckoutModuleTest"/>
  <testcase name="veryfyPaymentTest" time="68.498" classname="org.thecollective.modules.CheckoutModuleTest"/>
  <testcase name="verifyLoginPageFromCouponsTabTest" time="28.187" classname="org.thecollective.modules.CheckoutModuleTest"/>
  <testcase name="verifyLoginLinkInCouponsTabTest" time="33.826" classname="org.thecollective.modules.CheckoutModuleTest"/>
  <testcase name="verifyLoginFunctionalityInCouponsTabTest" time="0.0" classname="org.thecollective.modules.CheckoutModuleTest">
    <skipped/>
  </testcase> <!-- verifyLoginFunctionalityInCouponsTabTest -->
  <testcase name="verifyCouponsSectionCheckoutPage" time="0.0" classname="org.thecollective.modules.CheckoutModuleTest">
    <skipped/>
  </testcase> <!-- verifyCouponsSectionCheckoutPage -->
  <testcase name="verifyOrderPlacementByCod" time="0.0" classname="org.thecollective.modules.CheckoutModuleTest">
    <skipped/>
  </testcase> <!-- verifyOrderPlacementByCod -->
  <testcase name="verifyLoginFunctionalityInCheckoutPage" time="0.0" classname="org.thecollective.modules.CheckoutModuleTest">
    <skipped/>
  </testcase> <!-- verifyLoginFunctionalityInCheckoutPage -->
  <testcase name="veryfyShippingAddresTest" time="0.0" classname="org.thecollective.modules.CheckoutModuleTest">
    <skipped/>
  </testcase> <!-- veryfyShippingAddresTest -->
  <testcase name="verifyOrderPlacementByCCO" time="0.0" classname="org.thecollective.modules.CheckoutModuleTest">
    <skipped/>
  </testcase> <!-- verifyOrderPlacementByCCO -->
  <testcase name="verifyMyWishListFunctionality" time="33.18" classname="org.thecollective.modules.PDPModuleTest">
    <failure type="java.lang.AssertionError" message="expected [29] but found [27]">
      <![CDATA[java.lang.AssertionError: expected [29] but found [27]
at org.thecollective.pageobjects.pdp.PDPageObjects.verifyMyWishListFunctionality(PDPageObjects.java:173)
at org.thecollective.modules.PDPModuleTest.verifyMyWishListFunctionality(PDPModuleTest.java:61)
at org.thecollective.maincontroller.MainController.run(MainController.java:220)
... Removed 33 stack frames]]>
    </failure>
  </testcase> <!-- verifyMyWishListFunctionality -->
  <testcase name="verifyLoginLinkInPListPage" time="5.734" classname="org.thecollective.modules.LoginModuleTest"/>
  <testcase name="loginInvalid" time="12.058" classname="org.thecollective.modules.LoginModuleTest"/>
  <testcase name="loginInvalid" time="10.662" classname="org.thecollective.modules.LoginModuleTest"/>
  <testcase name="loginInvalid" time="10.277" classname="org.thecollective.modules.LoginModuleTest"/>
  <testcase name="loginInvalid" time="9.476" classname="org.thecollective.modules.LoginModuleTest"/>
  <testcase name="loginInvalid" time="9.488" classname="org.thecollective.modules.LoginModuleTest"/>
  <testcase name="loginInvalid" time="9.741" classname="org.thecollective.modules.LoginModuleTest"/>
  <testcase name="loginInvalid" time="10.35" classname="org.thecollective.modules.LoginModuleTest"/>
  <testcase name="loginInvalid" time="9.794" classname="org.thecollective.modules.LoginModuleTest"/>
  <testcase name="loginInvalid" time="9.509" classname="org.thecollective.modules.LoginModuleTest"/>
  <testcase name="loginInvalid" time="9.749" classname="org.thecollective.modules.LoginModuleTest"/>
  <testcase name="loginInvalid" time="10.156" classname="org.thecollective.modules.LoginModuleTest"/>
  <testcase name="loginValid" time="16.347" classname="org.thecollective.modules.LoginModuleTest">
    <failure type="java.lang.AssertionError" message="unable to login to site with the entered credentials expected [The Collective] but found [The Collective My Information]">
      <![CDATA[java.lang.AssertionError: unable to login to site with the entered credentials expected [The Collective] but found [The Collective My Information]
at org.thecollective.pageobjects.homepage.HomePageObjects.verifyUserProfile(HomePageObjects.java:257)
at org.thecollective.modules.LoginModuleTest.loginValid(LoginModuleTest.java:56)
at org.thecollective.maincontroller.MainController.run(MainController.java:220)
... Removed 32 stack frames]]>
    </failure>
  </testcase> <!-- loginValid -->
  <testcase name="verifyLoginLinkInLandingPage" time="13.459" classname="org.thecollective.modules.LoginModuleTest">
    <failure type="org.openqa.selenium.NoSuchElementException" message="no such element: Unable to locate element: {&amp;quot;method&amp;quot;:&amp;quot;xpath&amp;quot;,&amp;quot;selector&amp;quot;:&amp;quot;//a[@title=&amp;apos;Login&amp;apos;]&amp;quot;}
  (Session info: chrome=68.0.3440.106)
  (Driver info: chromedriver=2.36.540470 (e522d04694c7ebea4ba8821272dbef4f9b818c91),platform=Windows NT 6.3.9600 x86_64) (WARNING: The server did not provide any stacktrace information)
Command duration or timeout: 10.06 seconds
For documentation on this error, please visit: http://seleniumhq.org/exceptions/no_such_element.html
Build info: version: &amp;apos;2.53.0&amp;apos;, revision: &amp;apos;35ae25b1534ae328c771e0856c93e187490ca824&amp;apos;, time: &amp;apos;2016-03-15 10:43:46&amp;apos;
System info: host: &amp;apos;MGLT-CND6046GGC&amp;apos;, ip: &amp;apos;172.21.14.179&amp;apos;, os.name: &amp;apos;Windows 8.1&amp;apos;, os.arch: &amp;apos;amd64&amp;apos;, os.version: &amp;apos;6.3&amp;apos;, java.version: &amp;apos;1.8.0_131&amp;apos;
Driver info: org.openqa.selenium.chrome.ChromeDriver
Capabilities [{applicationCacheEnabled=false, rotatable=false, mobileEmulationEnabled=false, networkConnectionEnabled=false, chrome={chromedriverVersion=2.36.540470 (e522d04694c7ebea4ba8821272dbef4f9b818c91), userDataDir=C:\Users\THIRUV~1.CHI\AppData\Local\Temp\scoped_dir7128_32029}, takesHeapSnapshot=true, pageLoadStrategy=normal, databaseEnabled=false, handlesAlerts=true, hasTouchScreen=false, version=68.0.3440.106, platform=WIN8_1, browserConnectionEnabled=false, nativeEvents=true, acceptSslCerts=false, acceptInsecureCerts=false, locationContextEnabled=true, webStorageEnabled=true, browserName=chrome, takesScreenshot=true, javascriptEnabled=true, cssSelectorsEnabled=true, setWindowRect=true, unexpectedAlertBehaviour=}]
Session ID: 0717981c7ddfd74688833933886c1366
*** Element info: {Using=xpath, value=//a[@title=&amp;apos;Login&amp;apos;]}">
      <![CDATA[org.openqa.selenium.NoSuchElementException: no such element: Unable to locate element: {"method":"xpath","selector":"//a[@title='Login']"}
  (Session info: chrome=68.0.3440.106)
  (Driver info: chromedriver=2.36.540470 (e522d04694c7ebea4ba8821272dbef4f9b818c91),platform=Windows NT 6.3.9600 x86_64) (WARNING: The server did not provide any stacktrace information)
Command duration or timeout: 10.06 seconds
For documentation on this error, please visit: http://seleniumhq.org/exceptions/no_such_element.html
Build info: version: '2.53.0', revision: '35ae25b1534ae328c771e0856c93e187490ca824', time: '2016-03-15 10:43:46'
System info: host: 'MGLT-CND6046GGC', ip: '172.21.14.179', os.name: 'Windows 8.1', os.arch: 'amd64', os.version: '6.3', java.version: '1.8.0_131'
Driver info: org.openqa.selenium.chrome.ChromeDriver
Capabilities [{applicationCacheEnabled=false, rotatable=false, mobileEmulationEnabled=false, networkConnectionEnabled=false, chrome={chromedriverVersion=2.36.540470 (e522d04694c7ebea4ba8821272dbef4f9b818c91), userDataDir=C:\Users\THIRUV~1.CHI\AppData\Local\Temp\scoped_dir7128_32029}, takesHeapSnapshot=true, pageLoadStrategy=normal, databaseEnabled=false, handlesAlerts=true, hasTouchScreen=false, version=68.0.3440.106, platform=WIN8_1, browserConnectionEnabled=false, nativeEvents=true, acceptSslCerts=false, acceptInsecureCerts=false, locationContextEnabled=true, webStorageEnabled=true, browserName=chrome, takesScreenshot=true, javascriptEnabled=true, cssSelectorsEnabled=true, setWindowRect=true, unexpectedAlertBehaviour=}]
Session ID: 0717981c7ddfd74688833933886c1366
*** Element info: {Using=xpath, value=//a[@title='Login']}
at org.openqa.selenium.remote.ErrorHandler.createThrowable(ErrorHandler.java:206)
at org.openqa.selenium.remote.ErrorHandler.throwIfResponseFailed(ErrorHandler.java:158)
at org.openqa.selenium.remote.RemoteWebDriver.execute(RemoteWebDriver.java:678)
at org.openqa.selenium.remote.RemoteWebDriver.findElement(RemoteWebDriver.java:363)
at org.openqa.selenium.remote.RemoteWebDriver.findElementByXPath(RemoteWebDriver.java:500)
at org.openqa.selenium.By$ByXPath.findElement(By.java:361)
at org.openqa.selenium.remote.RemoteWebDriver.findElement(RemoteWebDriver.java:355)
at org.openqa.selenium.support.pagefactory.DefaultElementLocator.findElement(DefaultElementLocator.java:69)
at org.openqa.selenium.support.pagefactory.internal.LocatingElementHandler.invoke(LocatingElementHandler.java:38)
at com.sun.proxy.$Proxy18.getCoordinates(Unknown Source)
at org.openqa.selenium.interactions.internal.MouseAction.getActionLocation(MouseAction.java:51)
at org.openqa.selenium.interactions.MoveMouseAction.perform(MoveMouseAction.java:39)
at org.openqa.selenium.interactions.CompositeAction.perform(CompositeAction.java:50)
at org.thecollective.pageobjects.homepage.HomePageObjects.verifyLoginLink(HomePageObjects.java:666)
at org.thecollective.modules.LoginModuleTest.verifyLoginLinkInLandingPage(LoginModuleTest.java:26)
at org.thecollective.maincontroller.MainController.run(MainController.java:220)
... Removed 31 stack frames]]>
    </failure>
  </testcase> <!-- verifyLoginLinkInLandingPage -->
  <testcase name="verifyAllImagePathLinksPDP" time="0.0" classname="org.thecollective.modules.HomePageModuleTest">
    <ignored/>
  </testcase> <!-- verifyAllImagePathLinksPDP -->
  <testcase name="updateQuantityTest" time="0.0" classname="org.thecollective.modules.CheckoutModuleTest">
    <ignored/>
  </testcase> <!-- updateQuantityTest -->
  <testcase name="verifyProductListPageBySearch" time="0.0" classname="org.thecollective.modules.PLPModuleTest">
    <ignored/>
  </testcase> <!-- verifyProductListPageBySearch -->
  <testcase name="verifyAllImagePathLinksCheckout" time="0.0" classname="org.thecollective.modules.HomePageModuleTest">
    <ignored/>
  </testcase> <!-- verifyAllImagePathLinksCheckout -->
  <testcase name="@BeforeTest beforeTest" time="0.0" classname="org.thecollective.maincontroller.MainController">
    <ignored/>
  </testcase> <!-- @BeforeTest beforeTest -->
  <testcase name="@BeforeTest beforeTest" time="0.0" classname="org.thecollective.maincontroller.MainController">
    <ignored/>
  </testcase> <!-- @BeforeTest beforeTest -->
  <testcase name="@BeforeTest beforeTest" time="0.0" classname="org.thecollective.maincontroller.MainController">
    <ignored/>
  </testcase> <!-- @BeforeTest beforeTest -->
  <testcase name="@BeforeTest beforeTest" time="0.0" classname="org.thecollective.maincontroller.MainController">
    <ignored/>
  </testcase> <!-- @BeforeTest beforeTest -->
  <testcase name="@BeforeTest beforeTest" time="0.0" classname="org.thecollective.maincontroller.MainController">
    <ignored/>
  </testcase> <!-- @BeforeTest beforeTest -->
  <testcase name="verifyLeftNavFiltersForSearch" time="0.0" classname="org.thecollective.modules.PLPModuleTest">
    <ignored/>
  </testcase> <!-- verifyLeftNavFiltersForSearch -->
  <testcase name="verifyAllImagePathLinksCheckoutShippingAddres" time="0.0" classname="org.thecollective.modules.HomePageModuleTest">
    <ignored/>
  </testcase> <!-- verifyAllImagePathLinksCheckoutShippingAddres -->
  <testcase name="verifyMyWishListFunctionalityAfterLogin" time="0.0" classname="org.thecollective.modules.PDPModuleTest">
    <ignored/>
  </testcase> <!-- verifyMyWishListFunctionalityAfterLogin -->
  <testcase name="verifyProductId" time="0.0" classname="org.thecollective.modules.PDPModuleTest">
    <ignored/>
  </testcase> <!-- verifyProductId -->
  <testcase name="verifyHomePageFooters" time="0.0" classname="org.thecollective.modules.HomePageModuleTest">
    <ignored/>
  </testcase> <!-- verifyHomePageFooters -->
  <testcase name="verifyProductDetailsPageTest" time="0.0" classname="org.thecollective.modules.PDPModuleTest">
    <ignored/>
  </testcase> <!-- verifyProductDetailsPageTest -->
  <testcase name="@AfterSuite tearDown" time="0.0" classname="org.thecollective.maincontroller.MainController">
    <ignored/>
  </testcase> <!-- @AfterSuite tearDown -->
  <testcase name="@AfterSuite tearDown" time="0.0" classname="org.thecollective.maincontroller.MainController">
    <ignored/>
  </testcase> <!-- @AfterSuite tearDown -->
  <testcase name="@AfterSuite tearDown" time="0.0" classname="org.thecollective.maincontroller.MainController">
    <ignored/>
  </testcase> <!-- @AfterSuite tearDown -->
  <testcase name="@AfterSuite tearDown" time="0.0" classname="org.thecollective.maincontroller.MainController">
    <ignored/>
  </testcase> <!-- @AfterSuite tearDown -->
  <testcase name="@AfterSuite tearDown" time="0.0" classname="org.thecollective.maincontroller.MainController">
    <ignored/>
  </testcase> <!-- @AfterSuite tearDown -->
  <testcase name="verifyChangePassword" time="0.0" classname="org.thecollective.modules.MyAccountModuleTest">
    <ignored/>
  </testcase> <!-- verifyChangePassword -->
  <testcase name="verifyFilterFunctionalityForSearch" time="0.0" classname="org.thecollective.modules.PLPModuleTest">
    <ignored/>
  </testcase> <!-- verifyFilterFunctionalityForSearch -->
  <testcase name="verifyAllImagePathLinksInHomepage" time="0.0" classname="org.thecollective.modules.HomePageModuleTest">
    <ignored/>
  </testcase> <!-- verifyAllImagePathLinksInHomepage -->
  <testcase name="verifyLeftNavFilters" time="0.0" classname="org.thecollective.modules.PLPModuleTest">
    <ignored/>
  </testcase> <!-- verifyLeftNavFilters -->
  <testcase name="verifyTheCollectiveStores" time="0.0" classname="org.thecollective.modules.HomePageModuleTest">
    <ignored/>
  </testcase> <!-- verifyTheCollectiveStores -->
  <testcase name="verifyFooterLinksFunctionality" time="0.0" classname="org.thecollective.modules.HomePageModuleTest">
    <ignored/>
  </testcase> <!-- verifyFooterLinksFunctionality -->
  <testcase name="verifyMultipleFilterByChnagingSortByOption" time="0.0" classname="org.thecollective.modules.PLPModuleTest">
    <ignored/>
  </testcase> <!-- verifyMultipleFilterByChnagingSortByOption -->
  <testcase name="verifyMultipleFilterWithPageRefresh" time="0.0" classname="org.thecollective.modules.PLPModuleTest">
    <ignored/>
  </testcase> <!-- verifyMultipleFilterWithPageRefresh -->
  <testcase name="verifyAllImagePathLinksListPage" time="0.0" classname="org.thecollective.modules.HomePageModuleTest">
    <ignored/>
  </testcase> <!-- verifyAllImagePathLinksListPage -->
  <testcase name="verifyContentsOfHeaderLinks" time="0.0" classname="org.thecollective.modules.HomePageModuleTest">
    <ignored/>
  </testcase> <!-- verifyContentsOfHeaderLinks -->
  <testcase name="verifyMensAccessoriesLinks" time="0.0" classname="org.thecollective.modules.HomePageModuleTest">
    <ignored/>
  </testcase> <!-- verifyMensAccessoriesLinks -->
  <testcase name="verifyMultipleFilterFunctionalityForSearch" time="0.0" classname="org.thecollective.modules.PLPModuleTest">
    <ignored/>
  </testcase> <!-- verifyMultipleFilterFunctionalityForSearch -->
  <testcase name="verifyMultiFiltersForCatNavigation" time="0.0" classname="org.thecollective.modules.PLPModuleTest">
    <ignored/>
  </testcase> <!-- verifyMultiFiltersForCatNavigation -->
  <testcase name="verifySingleFilterForCatNavigation" time="0.0" classname="org.thecollective.modules.PLPModuleTest">
    <ignored/>
  </testcase> <!-- verifySingleFilterForCatNavigation -->
  <testcase name="verifyHomePageHeadersBeforeLogin" time="0.0" classname="org.thecollective.modules.HomePageModuleTest">
    <ignored/>
  </testcase> <!-- verifyHomePageHeadersBeforeLogin -->
  <testcase name="verifyHomePageFooterLinks" time="0.0" classname="org.thecollective.modules.HomePageModuleTest">
    <ignored/>
  </testcase> <!-- verifyHomePageFooterLinks -->
  <testcase name="verifyAllCategories" time="0.0" classname="org.thecollective.modules.HomePageModuleTest">
    <ignored/>
  </testcase> <!-- verifyAllCategories -->
  <testcase name="verifyBrandsSubFilterSection" time="0.0" classname="org.thecollective.modules.PLPModuleTest">
    <ignored/>
  </testcase> <!-- verifyBrandsSubFilterSection -->
  <testcase name="verifyUpdatePriceTest" time="0.0" classname="org.thecollective.modules.CheckoutModuleTest">
    <ignored/>
  </testcase> <!-- verifyUpdatePriceTest -->
  <testcase name="verifySingleFilterPageRefreshForCatNavigation" time="0.0" classname="org.thecollective.modules.PLPModuleTest">
    <ignored/>
  </testcase> <!-- verifySingleFilterPageRefreshForCatNavigation -->
  <testcase name="verifySavedItemsToShoppingCartTest" time="0.0" classname="org.thecollective.modules.CheckoutModuleTest">
    <ignored/>
  </testcase> <!-- verifySavedItemsToShoppingCartTest -->
  <testcase name="verifyProductListByCatNavigation" time="0.0" classname="org.thecollective.modules.PLPModuleTest">
    <ignored/>
  </testcase> <!-- verifyProductListByCatNavigation -->
  <testcase name="@BeforeSuite beforeSuite" time="0.0" classname="org.thecollective.maincontroller.MainController">
    <ignored/>
  </testcase> <!-- @BeforeSuite beforeSuite -->
  <testcase name="@BeforeSuite beforeSuite" time="0.0" classname="org.thecollective.maincontroller.MainController">
    <ignored/>
  </testcase> <!-- @BeforeSuite beforeSuite -->
  <testcase name="@BeforeSuite beforeSuite" time="0.0" classname="org.thecollective.maincontroller.MainController">
    <ignored/>
  </testcase> <!-- @BeforeSuite beforeSuite -->
  <testcase name="@BeforeSuite beforeSuite" time="0.0" classname="org.thecollective.maincontroller.MainController">
    <ignored/>
  </testcase> <!-- @BeforeSuite beforeSuite -->
  <testcase name="@BeforeSuite beforeSuite" time="0.0" classname="org.thecollective.maincontroller.MainController">
    <ignored/>
  </testcase> <!-- @BeforeSuite beforeSuite -->
  <testcase name="verifyWishListIcon" time="0.0" classname="org.thecollective.modules.HomePageModuleTest">
    <ignored/>
  </testcase> <!-- verifyWishListIcon -->
  <testcase name="verifyLeftNavFiltersForCatNavigation" time="0.0" classname="org.thecollective.modules.PLPModuleTest">
    <ignored/>
  </testcase> <!-- verifyLeftNavFiltersForCatNavigation -->
</testsuite> <!-- Test(failed) -->
