<?xml version="1.0" encoding="UTF-8"?>
<!-- Generated by org.testng.reporters.JUnitXMLReporter -->
<testsuite hostname="MGLT-CND6046GGC" ignored="12" name="FirefoxTest" tests="51" failures="11" timestamp="07 May 2018 06:14:58 GMT" time="1383.783" errors="0">
  <testcase name="verifyAllCategories" time="311.714" classname="org.thecollective.modules.HomePageModuleTest">
    <failure type="org.openqa.selenium.TimeoutException" message="Expected condition failed: waiting for visibility of all [] (tried for 30 second(s) with 500 MILLISECONDS interval)
Build info: version: &amp;apos;2.53.0&amp;apos;, revision: &amp;apos;35ae25b1534ae328c771e0856c93e187490ca824&amp;apos;, time: &amp;apos;2016-03-15 10:43:46&amp;apos;
System info: host: &amp;apos;MGLT-CND6046GGC&amp;apos;, ip: &amp;apos;172.21.14.218&amp;apos;, os.name: &amp;apos;Windows 8.1&amp;apos;, os.arch: &amp;apos;amd64&amp;apos;, os.version: &amp;apos;6.3&amp;apos;, java.version: &amp;apos;1.8.0_131&amp;apos;
Driver info: org.openqa.selenium.chrome.ChromeDriver
Capabilities [{applicationCacheEnabled=false, rotatable=false, mobileEmulationEnabled=false, networkConnectionEnabled=false, chrome={chromedriverVersion=2.36.540470 (e522d04694c7ebea4ba8821272dbef4f9b818c91), userDataDir=C:\Users\THIRUV~1.CHI\AppData\Local\Temp\scoped_dir9344_20046}, takesHeapSnapshot=true, pageLoadStrategy=normal, databaseEnabled=false, handlesAlerts=true, hasTouchScreen=false, version=66.0.3359.139, platform=WIN8_1, browserConnectionEnabled=false, nativeEvents=true, acceptSslCerts=false, acceptInsecureCerts=false, locationContextEnabled=true, webStorageEnabled=true, browserName=chrome, takesScreenshot=true, javascriptEnabled=true, cssSelectorsEnabled=true, setWindowRect=true, unexpectedAlertBehaviour=}]
Session ID: dfcde3ec60f2b33f2604b7897202ef0c">
      <![CDATA[org.openqa.selenium.TimeoutException: Expected condition failed: waiting for visibility of all [] (tried for 30 second(s) with 500 MILLISECONDS interval)
Build info: version: '2.53.0', revision: '35ae25b1534ae328c771e0856c93e187490ca824', time: '2016-03-15 10:43:46'
System info: host: 'MGLT-CND6046GGC', ip: '172.21.14.218', os.name: 'Windows 8.1', os.arch: 'amd64', os.version: '6.3', java.version: '1.8.0_131'
Driver info: org.openqa.selenium.chrome.ChromeDriver
Capabilities [{applicationCacheEnabled=false, rotatable=false, mobileEmulationEnabled=false, networkConnectionEnabled=false, chrome={chromedriverVersion=2.36.540470 (e522d04694c7ebea4ba8821272dbef4f9b818c91), userDataDir=C:\Users\THIRUV~1.CHI\AppData\Local\Temp\scoped_dir9344_20046}, takesHeapSnapshot=true, pageLoadStrategy=normal, databaseEnabled=false, handlesAlerts=true, hasTouchScreen=false, version=66.0.3359.139, platform=WIN8_1, browserConnectionEnabled=false, nativeEvents=true, acceptSslCerts=false, acceptInsecureCerts=false, locationContextEnabled=true, webStorageEnabled=true, browserName=chrome, takesScreenshot=true, javascriptEnabled=true, cssSelectorsEnabled=true, setWindowRect=true, unexpectedAlertBehaviour=}]
Session ID: dfcde3ec60f2b33f2604b7897202ef0c
at org.openqa.selenium.support.ui.WebDriverWait.timeoutException(WebDriverWait.java:80)
at org.openqa.selenium.support.ui.FluentWait.until(FluentWait.java:265)
at org.thecollective.utils.Waiting.explicitWaitVisibilityOfElements(Waiting.java:78)
at org.thecollective.pageobjects.listpage.ListPageObjects.verifyListedProduct(ListPageObjects.java:76)
at org.thecollective.pageobjects.homepage.HomePageObjects.clickOnCategoryLink(HomePageObjects.java:568)
at org.thecollective.modules.HomePageModuleTest.verifyAllCategories(HomePageModuleTest.java:216)
at org.thecollective.maincontroller.MainController.run(MainController.java:226)
... Removed 27 stack frames]]>
    </failure>
  </testcase> <!-- verifyAllCategories -->
  <testcase name="verifyAllImagePathLinksCheckout" time="39.233" classname="org.thecollective.modules.HomePageModuleTest"/>
  <testcase name="verifyAllImagePathLinksCheckoutShippingAddres" time="41.242" classname="org.thecollective.modules.HomePageModuleTest"/>
  <testcase name="verifyAllImagePathLinksInHomepage" time="0.519" classname="org.thecollective.modules.HomePageModuleTest"/>
  <testcase name="verifyAllImagePathLinksInLoginPage" time="4.448" classname="org.thecollective.modules.HomePageModuleTest"/>
  <testcase name="verifyAllImagePathLinksInMyOrderPage" time="19.097" classname="org.thecollective.modules.HomePageModuleTest"/>
  <testcase name="verifyAllImagePathLinksInSignUpPage" time="32.267" classname="org.thecollective.modules.HomePageModuleTest">
    <failure type="org.openqa.selenium.NoSuchElementException" message="no such element: Unable to locate element: {&amp;quot;method&amp;quot;:&amp;quot;xpath&amp;quot;,&amp;quot;selector&amp;quot;:&amp;quot;//a[@title=&amp;apos;Sign Up&amp;apos;]&amp;quot;}
  (Session info: chrome=66.0.3359.139)
  (Driver info: chromedriver=2.36.540470 (e522d04694c7ebea4ba8821272dbef4f9b818c91),platform=Windows NT 6.3.9600 x86_64) (WARNING: The server did not provide any stacktrace information)
Command duration or timeout: 30.06 seconds
For documentation on this error, please visit: http://seleniumhq.org/exceptions/no_such_element.html
Build info: version: &amp;apos;2.53.0&amp;apos;, revision: &amp;apos;35ae25b1534ae328c771e0856c93e187490ca824&amp;apos;, time: &amp;apos;2016-03-15 10:43:46&amp;apos;
System info: host: &amp;apos;MGLT-CND6046GGC&amp;apos;, ip: &amp;apos;172.21.14.218&amp;apos;, os.name: &amp;apos;Windows 8.1&amp;apos;, os.arch: &amp;apos;amd64&amp;apos;, os.version: &amp;apos;6.3&amp;apos;, java.version: &amp;apos;1.8.0_131&amp;apos;
Driver info: org.openqa.selenium.chrome.ChromeDriver
Capabilities [{applicationCacheEnabled=false, rotatable=false, mobileEmulationEnabled=false, networkConnectionEnabled=false, chrome={chromedriverVersion=2.36.540470 (e522d04694c7ebea4ba8821272dbef4f9b818c91), userDataDir=C:\Users\THIRUV~1.CHI\AppData\Local\Temp\scoped_dir9344_20046}, takesHeapSnapshot=true, pageLoadStrategy=normal, databaseEnabled=false, handlesAlerts=true, hasTouchScreen=false, version=66.0.3359.139, platform=WIN8_1, browserConnectionEnabled=false, nativeEvents=true, acceptSslCerts=false, acceptInsecureCerts=false, locationContextEnabled=true, webStorageEnabled=true, browserName=chrome, takesScreenshot=true, javascriptEnabled=true, cssSelectorsEnabled=true, setWindowRect=true, unexpectedAlertBehaviour=}]
Session ID: dfcde3ec60f2b33f2604b7897202ef0c
*** Element info: {Using=xpath, value=//a[@title=&amp;apos;Sign Up&amp;apos;]}">
      <![CDATA[org.openqa.selenium.NoSuchElementException: no such element: Unable to locate element: {"method":"xpath","selector":"//a[@title='Sign Up']"}
  (Session info: chrome=66.0.3359.139)
  (Driver info: chromedriver=2.36.540470 (e522d04694c7ebea4ba8821272dbef4f9b818c91),platform=Windows NT 6.3.9600 x86_64) (WARNING: The server did not provide any stacktrace information)
Command duration or timeout: 30.06 seconds
For documentation on this error, please visit: http://seleniumhq.org/exceptions/no_such_element.html
Build info: version: '2.53.0', revision: '35ae25b1534ae328c771e0856c93e187490ca824', time: '2016-03-15 10:43:46'
System info: host: 'MGLT-CND6046GGC', ip: '172.21.14.218', os.name: 'Windows 8.1', os.arch: 'amd64', os.version: '6.3', java.version: '1.8.0_131'
Driver info: org.openqa.selenium.chrome.ChromeDriver
Capabilities [{applicationCacheEnabled=false, rotatable=false, mobileEmulationEnabled=false, networkConnectionEnabled=false, chrome={chromedriverVersion=2.36.540470 (e522d04694c7ebea4ba8821272dbef4f9b818c91), userDataDir=C:\Users\THIRUV~1.CHI\AppData\Local\Temp\scoped_dir9344_20046}, takesHeapSnapshot=true, pageLoadStrategy=normal, databaseEnabled=false, handlesAlerts=true, hasTouchScreen=false, version=66.0.3359.139, platform=WIN8_1, browserConnectionEnabled=false, nativeEvents=true, acceptSslCerts=false, acceptInsecureCerts=false, locationContextEnabled=true, webStorageEnabled=true, browserName=chrome, takesScreenshot=true, javascriptEnabled=true, cssSelectorsEnabled=true, setWindowRect=true, unexpectedAlertBehaviour=}]
Session ID: dfcde3ec60f2b33f2604b7897202ef0c
*** Element info: {Using=xpath, value=//a[@title='Sign Up']}
at org.openqa.selenium.remote.ErrorHandler.createThrowable(ErrorHandler.java:206)
at org.openqa.selenium.remote.ErrorHandler.throwIfResponseFailed(ErrorHandler.java:158)
at org.openqa.selenium.remote.RemoteWebDriver.execute(RemoteWebDriver.java:678)
at org.openqa.selenium.remote.RemoteWebDriver.findElement(RemoteWebDriver.java:363)
at org.openqa.selenium.remote.RemoteWebDriver.findElementByXPath(RemoteWebDriver.java:500)
at org.openqa.selenium.By$ByXPath.findElement(By.java:361)
at org.openqa.selenium.remote.RemoteWebDriver.findElement(RemoteWebDriver.java:355)
at org.openqa.selenium.support.pagefactory.DefaultElementLocator.findElement(DefaultElementLocator.java:69)
at org.openqa.selenium.support.pagefactory.internal.LocatingElementHandler.invoke(LocatingElementHandler.java:38)
at com.sun.proxy.$Proxy18.getCoordinates(Unknown Source)
at org.openqa.selenium.interactions.internal.MouseAction.getActionLocation(MouseAction.java:51)
at org.openqa.selenium.interactions.MoveMouseAction.perform(MoveMouseAction.java:39)
at org.openqa.selenium.interactions.CompositeAction.perform(CompositeAction.java:50)
at org.thecollective.pageobjects.homepage.HomePageObjects.clickOnSignupLink(HomePageObjects.java:594)
at org.thecollective.modules.HomePageModuleTest.verifyAllImagePathLinksInSignUpPage(HomePageModuleTest.java:244)
at org.thecollective.maincontroller.MainController.run(MainController.java:226)
... Removed 31 stack frames]]>
    </failure>
  </testcase> <!-- verifyAllImagePathLinksInSignUpPage -->
  <testcase name="verifyAllImagePathLinksListPage" time="7.056" classname="org.thecollective.modules.HomePageModuleTest"/>
  <testcase name="verifyAllImagePathLinksPDP" time="13.015" classname="org.thecollective.modules.HomePageModuleTest"/>
  <testcase name="verifyContentsOfHeaderLinks" time="0.0" classname="org.thecollective.modules.HomePageModuleTest">
    <skipped/>
  </testcase> <!-- verifyContentsOfHeaderLinks -->
  <testcase name="verifyFooterLinksFunctionality" time="44.518" classname="org.thecollective.modules.HomePageModuleTest">
    <failure type="org.openqa.selenium.TimeoutException" message="Expected condition failed: waiting for visibility of all [[[ChromeDriver: chrome on WIN8_1 (dfcde3ec60f2b33f2604b7897202ef0c)] -&amp;gt; xpath: //div[contains(@class,&amp;apos;footer__menu&amp;apos;)]//a], [[ChromeDriver: chrome on WIN8_1 (dfcde3ec60f2b33f2604b7897202ef0c)] -&amp;gt; xpath: //div[contains(@class,&amp;apos;footer__menu&amp;apos;)]//a], [[ChromeDriver: chrome on WIN8_1 (dfcde3ec60f2b33f2604b7897202ef0c)] -&amp;gt; xpath: //div[contains(@class,&amp;apos;footer__menu&amp;apos;)]//a], [[ChromeDriver: chrome on WIN8_1 (dfcde3ec60f2b33f2604b7897202ef0c)] -&amp;gt; xpath: //div[contains(@class,&amp;apos;footer__menu&amp;apos;)]//a], [[ChromeDriver: chrome on WIN8_1 (dfcde3ec60f2b33f2604b7897202ef0c)] -&amp;gt; xpath: //div[contains(@class,&amp;apos;footer__menu&amp;apos;)]//a], [[ChromeDriver: chrome on WIN8_1 (dfcde3ec60f2b33f2604b7897202ef0c)] -&amp;gt; xpath: //div[contains(@class,&amp;apos;footer__menu&amp;apos;)]//a], [[ChromeDriver: chrome on WIN8_1 (dfcde3ec60f2b33f2604b7897202ef0c)] -&amp;gt; xpath: //div[contains(@class,&amp;apos;footer__menu&amp;apos;)]//a], [[ChromeDriver: chrome on WIN8_1 (dfcde3ec60f2b33f2604b7897202ef0c)] -&amp;gt; xpath: //div[contains(@class,&amp;apos;footer__menu&amp;apos;)]//a], [[ChromeDriver: chrome on WIN8_1 (dfcde3ec60f2b33f2604b7897202ef0c)] -&amp;gt; xpath: //div[contains(@class,&amp;apos;footer__menu&amp;apos;)]//a], [[ChromeDriver: chrome on WIN8_1 (dfcde3ec60f2b33f2604b7897202ef0c)] -&amp;gt; xpath: //div[contains(@class,&amp;apos;footer__menu&amp;apos;)]//a], [[ChromeDriver: chrome on WIN8_1 (dfcde3ec60f2b33f2604b7897202ef0c)] -&amp;gt; xpath: //div[contains(@class,&amp;apos;footer__menu&amp;apos;)]//a]] (tried for 40 second(s) with 500 MILLISECONDS interval)
Build info: version: &amp;apos;2.53.0&amp;apos;, revision: &amp;apos;35ae25b1534ae328c771e0856c93e187490ca824&amp;apos;, time: &amp;apos;2016-03-15 10:43:46&amp;apos;
System info: host: &amp;apos;MGLT-CND6046GGC&amp;apos;, ip: &amp;apos;172.21.14.218&amp;apos;, os.name: &amp;apos;Windows 8.1&amp;apos;, os.arch: &amp;apos;amd64&amp;apos;, os.version: &amp;apos;6.3&amp;apos;, java.version: &amp;apos;1.8.0_131&amp;apos;
Driver info: org.openqa.selenium.chrome.ChromeDriver
Capabilities [{applicationCacheEnabled=false, rotatable=false, mobileEmulationEnabled=false, networkConnectionEnabled=false, chrome={chromedriverVersion=2.36.540470 (e522d04694c7ebea4ba8821272dbef4f9b818c91), userDataDir=C:\Users\THIRUV~1.CHI\AppData\Local\Temp\scoped_dir9344_20046}, takesHeapSnapshot=true, pageLoadStrategy=normal, databaseEnabled=false, handlesAlerts=true, hasTouchScreen=false, version=66.0.3359.139, platform=WIN8_1, browserConnectionEnabled=false, nativeEvents=true, acceptSslCerts=false, acceptInsecureCerts=false, locationContextEnabled=true, webStorageEnabled=true, browserName=chrome, takesScreenshot=true, javascriptEnabled=true, cssSelectorsEnabled=true, setWindowRect=true, unexpectedAlertBehaviour=}]
Session ID: dfcde3ec60f2b33f2604b7897202ef0c">
      <![CDATA[org.openqa.selenium.TimeoutException: Expected condition failed: waiting for visibility of all [[[ChromeDriver: chrome on WIN8_1 (dfcde3ec60f2b33f2604b7897202ef0c)] -> xpath: //div[contains(@class,'footer__menu')]//a], [[ChromeDriver: chrome on WIN8_1 (dfcde3ec60f2b33f2604b7897202ef0c)] -> xpath: //div[contains(@class,'footer__menu')]//a], [[ChromeDriver: chrome on WIN8_1 (dfcde3ec60f2b33f2604b7897202ef0c)] -> xpath: //div[contains(@class,'footer__menu')]//a], [[ChromeDriver: chrome on WIN8_1 (dfcde3ec60f2b33f2604b7897202ef0c)] -> xpath: //div[contains(@class,'footer__menu')]//a], [[ChromeDriver: chrome on WIN8_1 (dfcde3ec60f2b33f2604b7897202ef0c)] -> xpath: //div[contains(@class,'footer__menu')]//a], [[ChromeDriver: chrome on WIN8_1 (dfcde3ec60f2b33f2604b7897202ef0c)] -> xpath: //div[contains(@class,'footer__menu')]//a], [[ChromeDriver: chrome on WIN8_1 (dfcde3ec60f2b33f2604b7897202ef0c)] -> xpath: //div[contains(@class,'footer__menu')]//a], [[ChromeDriver: chrome on WIN8_1 (dfcde3ec60f2b33f2604b7897202ef0c)] -> xpath: //div[contains(@class,'footer__menu')]//a], [[ChromeDriver: chrome on WIN8_1 (dfcde3ec60f2b33f2604b7897202ef0c)] -> xpath: //div[contains(@class,'footer__menu')]//a], [[ChromeDriver: chrome on WIN8_1 (dfcde3ec60f2b33f2604b7897202ef0c)] -> xpath: //div[contains(@class,'footer__menu')]//a], [[ChromeDriver: chrome on WIN8_1 (dfcde3ec60f2b33f2604b7897202ef0c)] -> xpath: //div[contains(@class,'footer__menu')]//a]] (tried for 40 second(s) with 500 MILLISECONDS interval)
Build info: version: '2.53.0', revision: '35ae25b1534ae328c771e0856c93e187490ca824', time: '2016-03-15 10:43:46'
System info: host: 'MGLT-CND6046GGC', ip: '172.21.14.218', os.name: 'Windows 8.1', os.arch: 'amd64', os.version: '6.3', java.version: '1.8.0_131'
Driver info: org.openqa.selenium.chrome.ChromeDriver
Capabilities [{applicationCacheEnabled=false, rotatable=false, mobileEmulationEnabled=false, networkConnectionEnabled=false, chrome={chromedriverVersion=2.36.540470 (e522d04694c7ebea4ba8821272dbef4f9b818c91), userDataDir=C:\Users\THIRUV~1.CHI\AppData\Local\Temp\scoped_dir9344_20046}, takesHeapSnapshot=true, pageLoadStrategy=normal, databaseEnabled=false, handlesAlerts=true, hasTouchScreen=false, version=66.0.3359.139, platform=WIN8_1, browserConnectionEnabled=false, nativeEvents=true, acceptSslCerts=false, acceptInsecureCerts=false, locationContextEnabled=true, webStorageEnabled=true, browserName=chrome, takesScreenshot=true, javascriptEnabled=true, cssSelectorsEnabled=true, setWindowRect=true, unexpectedAlertBehaviour=}]
Session ID: dfcde3ec60f2b33f2604b7897202ef0c
at org.openqa.selenium.support.ui.WebDriverWait.timeoutException(WebDriverWait.java:80)
at org.openqa.selenium.support.ui.FluentWait.until(FluentWait.java:265)
at org.thecollective.utils.Waiting.explicitWaitVisibilityOfElements(Waiting.java:78)
at org.thecollective.pageobjects.homepage.HomePageObjects.verifyFooterLinks(HomePageObjects.java:277)
at org.thecollective.modules.HomePageModuleTest.verifyFooterLinksFunctionality(HomePageModuleTest.java:100)
at org.thecollective.maincontroller.MainController.run(MainController.java:226)
... Removed 27 stack frames]]>
    </failure>
  </testcase> <!-- verifyFooterLinksFunctionality -->
  <testcase name="verifyHomePageAfterLogin" time="11.197" classname="org.thecollective.modules.HomePageModuleTest"/>
  <testcase name="verifyHomePageFooterLinks" time="34.233" classname="org.thecollective.modules.HomePageModuleTest">
    <failure type="java.lang.IndexOutOfBoundsException" message="Index: 6, Size: 0">
      <![CDATA[java.lang.IndexOutOfBoundsException: Index: 6, Size: 0
at java.util.ArrayList.rangeCheck(Unknown Source)
at java.util.ArrayList.get(Unknown Source)
at org.openqa.selenium.support.pagefactory.internal.LocatingElementListHandler.invoke(LocatingElementListHandler.java:39)
at com.sun.proxy.$Proxy20.get(Unknown Source)
at org.thecollective.pageobjects.homepage.HomePageObjects.clickOnEachLink(HomePageObjects.java:309)
at org.thecollective.modules.HomePageModuleTest.verifyHomePageFooterLinks(HomePageModuleTest.java:127)
at org.thecollective.maincontroller.MainController.run(MainController.java:226)
... Removed 30 stack frames]]>
    </failure>
  </testcase> <!-- verifyHomePageFooterLinks -->
  <testcase name="verifyHomePageFooters" time="44.511" classname="org.thecollective.modules.HomePageModuleTest">
    <failure type="org.openqa.selenium.TimeoutException" message="Expected condition failed: waiting for visibility of all [[[ChromeDriver: chrome on WIN8_1 (dfcde3ec60f2b33f2604b7897202ef0c)] -&amp;gt; xpath: //div[contains(@class,&amp;apos;footer__menu&amp;apos;)]//a], [[ChromeDriver: chrome on WIN8_1 (dfcde3ec60f2b33f2604b7897202ef0c)] -&amp;gt; xpath: //div[contains(@class,&amp;apos;footer__menu&amp;apos;)]//a], [[ChromeDriver: chrome on WIN8_1 (dfcde3ec60f2b33f2604b7897202ef0c)] -&amp;gt; xpath: //div[contains(@class,&amp;apos;footer__menu&amp;apos;)]//a], [[ChromeDriver: chrome on WIN8_1 (dfcde3ec60f2b33f2604b7897202ef0c)] -&amp;gt; xpath: //div[contains(@class,&amp;apos;footer__menu&amp;apos;)]//a], [[ChromeDriver: chrome on WIN8_1 (dfcde3ec60f2b33f2604b7897202ef0c)] -&amp;gt; xpath: //div[contains(@class,&amp;apos;footer__menu&amp;apos;)]//a], [[ChromeDriver: chrome on WIN8_1 (dfcde3ec60f2b33f2604b7897202ef0c)] -&amp;gt; xpath: //div[contains(@class,&amp;apos;footer__menu&amp;apos;)]//a], [[ChromeDriver: chrome on WIN8_1 (dfcde3ec60f2b33f2604b7897202ef0c)] -&amp;gt; xpath: //div[contains(@class,&amp;apos;footer__menu&amp;apos;)]//a], [[ChromeDriver: chrome on WIN8_1 (dfcde3ec60f2b33f2604b7897202ef0c)] -&amp;gt; xpath: //div[contains(@class,&amp;apos;footer__menu&amp;apos;)]//a], [[ChromeDriver: chrome on WIN8_1 (dfcde3ec60f2b33f2604b7897202ef0c)] -&amp;gt; xpath: //div[contains(@class,&amp;apos;footer__menu&amp;apos;)]//a], [[ChromeDriver: chrome on WIN8_1 (dfcde3ec60f2b33f2604b7897202ef0c)] -&amp;gt; xpath: //div[contains(@class,&amp;apos;footer__menu&amp;apos;)]//a], [[ChromeDriver: chrome on WIN8_1 (dfcde3ec60f2b33f2604b7897202ef0c)] -&amp;gt; xpath: //div[contains(@class,&amp;apos;footer__menu&amp;apos;)]//a]] (tried for 40 second(s) with 500 MILLISECONDS interval)
Build info: version: &amp;apos;2.53.0&amp;apos;, revision: &amp;apos;35ae25b1534ae328c771e0856c93e187490ca824&amp;apos;, time: &amp;apos;2016-03-15 10:43:46&amp;apos;
System info: host: &amp;apos;MGLT-CND6046GGC&amp;apos;, ip: &amp;apos;172.21.14.218&amp;apos;, os.name: &amp;apos;Windows 8.1&amp;apos;, os.arch: &amp;apos;amd64&amp;apos;, os.version: &amp;apos;6.3&amp;apos;, java.version: &amp;apos;1.8.0_131&amp;apos;
Driver info: org.openqa.selenium.chrome.ChromeDriver
Capabilities [{applicationCacheEnabled=false, rotatable=false, mobileEmulationEnabled=false, networkConnectionEnabled=false, chrome={chromedriverVersion=2.36.540470 (e522d04694c7ebea4ba8821272dbef4f9b818c91), userDataDir=C:\Users\THIRUV~1.CHI\AppData\Local\Temp\scoped_dir9344_20046}, takesHeapSnapshot=true, pageLoadStrategy=normal, databaseEnabled=false, handlesAlerts=true, hasTouchScreen=false, version=66.0.3359.139, platform=WIN8_1, browserConnectionEnabled=false, nativeEvents=true, acceptSslCerts=false, acceptInsecureCerts=false, locationContextEnabled=true, webStorageEnabled=true, browserName=chrome, takesScreenshot=true, javascriptEnabled=true, cssSelectorsEnabled=true, setWindowRect=true, unexpectedAlertBehaviour=}]
Session ID: dfcde3ec60f2b33f2604b7897202ef0c">
      <![CDATA[org.openqa.selenium.TimeoutException: Expected condition failed: waiting for visibility of all [[[ChromeDriver: chrome on WIN8_1 (dfcde3ec60f2b33f2604b7897202ef0c)] -> xpath: //div[contains(@class,'footer__menu')]//a], [[ChromeDriver: chrome on WIN8_1 (dfcde3ec60f2b33f2604b7897202ef0c)] -> xpath: //div[contains(@class,'footer__menu')]//a], [[ChromeDriver: chrome on WIN8_1 (dfcde3ec60f2b33f2604b7897202ef0c)] -> xpath: //div[contains(@class,'footer__menu')]//a], [[ChromeDriver: chrome on WIN8_1 (dfcde3ec60f2b33f2604b7897202ef0c)] -> xpath: //div[contains(@class,'footer__menu')]//a], [[ChromeDriver: chrome on WIN8_1 (dfcde3ec60f2b33f2604b7897202ef0c)] -> xpath: //div[contains(@class,'footer__menu')]//a], [[ChromeDriver: chrome on WIN8_1 (dfcde3ec60f2b33f2604b7897202ef0c)] -> xpath: //div[contains(@class,'footer__menu')]//a], [[ChromeDriver: chrome on WIN8_1 (dfcde3ec60f2b33f2604b7897202ef0c)] -> xpath: //div[contains(@class,'footer__menu')]//a], [[ChromeDriver: chrome on WIN8_1 (dfcde3ec60f2b33f2604b7897202ef0c)] -> xpath: //div[contains(@class,'footer__menu')]//a], [[ChromeDriver: chrome on WIN8_1 (dfcde3ec60f2b33f2604b7897202ef0c)] -> xpath: //div[contains(@class,'footer__menu')]//a], [[ChromeDriver: chrome on WIN8_1 (dfcde3ec60f2b33f2604b7897202ef0c)] -> xpath: //div[contains(@class,'footer__menu')]//a], [[ChromeDriver: chrome on WIN8_1 (dfcde3ec60f2b33f2604b7897202ef0c)] -> xpath: //div[contains(@class,'footer__menu')]//a]] (tried for 40 second(s) with 500 MILLISECONDS interval)
Build info: version: '2.53.0', revision: '35ae25b1534ae328c771e0856c93e187490ca824', time: '2016-03-15 10:43:46'
System info: host: 'MGLT-CND6046GGC', ip: '172.21.14.218', os.name: 'Windows 8.1', os.arch: 'amd64', os.version: '6.3', java.version: '1.8.0_131'
Driver info: org.openqa.selenium.chrome.ChromeDriver
Capabilities [{applicationCacheEnabled=false, rotatable=false, mobileEmulationEnabled=false, networkConnectionEnabled=false, chrome={chromedriverVersion=2.36.540470 (e522d04694c7ebea4ba8821272dbef4f9b818c91), userDataDir=C:\Users\THIRUV~1.CHI\AppData\Local\Temp\scoped_dir9344_20046}, takesHeapSnapshot=true, pageLoadStrategy=normal, databaseEnabled=false, handlesAlerts=true, hasTouchScreen=false, version=66.0.3359.139, platform=WIN8_1, browserConnectionEnabled=false, nativeEvents=true, acceptSslCerts=false, acceptInsecureCerts=false, locationContextEnabled=true, webStorageEnabled=true, browserName=chrome, takesScreenshot=true, javascriptEnabled=true, cssSelectorsEnabled=true, setWindowRect=true, unexpectedAlertBehaviour=}]
Session ID: dfcde3ec60f2b33f2604b7897202ef0c
at org.openqa.selenium.support.ui.WebDriverWait.timeoutException(WebDriverWait.java:80)
at org.openqa.selenium.support.ui.FluentWait.until(FluentWait.java:265)
at org.thecollective.utils.Waiting.explicitWaitVisibilityOfElements(Waiting.java:78)
at org.thecollective.pageobjects.homepage.HomePageObjects.verifyFooterLinks(HomePageObjects.java:277)
at org.thecollective.modules.HomePageModuleTest.verifyHomePageFooters(HomePageModuleTest.java:89)
at org.thecollective.maincontroller.MainController.run(MainController.java:226)
... Removed 27 stack frames]]>
    </failure>
  </testcase> <!-- verifyHomePageFooters -->
  <testcase name="verifyHomePageHeadersBeforeLogin" time="1.868" classname="org.thecollective.modules.HomePageModuleTest">
    <failure type="java.lang.AssertionError" message="expected [https://assets.abfrlcdn.com/img/app/thecollective/tc-logo.jpg] but found [https://the-collective.imgix.net/img/app/thecollective/tc-logo.jpg]">
      <![CDATA[java.lang.AssertionError: expected [https://assets.abfrlcdn.com/img/app/thecollective/tc-logo.jpg] but found [https://the-collective.imgix.net/img/app/thecollective/tc-logo.jpg]
at org.thecollective.pageobjects.homepage.HomePageObjects.verifyLogo(HomePageObjects.java:156)
at org.thecollective.pageobjects.homepage.HomePageObjects.verifyHomePage(HomePageObjects.java:223)
at org.thecollective.modules.HomePageModuleTest.verifyHomePageHeadersBeforeLogin(HomePageModuleTest.java:32)
at org.thecollective.maincontroller.MainController.run(MainController.java:226)
... Removed 33 stack frames]]>
    </failure>
  </testcase> <!-- verifyHomePageHeadersBeforeLogin -->
  <testcase name="verifyInvalidSearchFunctionality" time="66.668" classname="org.thecollective.modules.HomePageModuleTest">
    <failure type="org.openqa.selenium.TimeoutException" message="Expected condition failed: waiting for visibility of Proxy element for: DefaultElementLocator &amp;apos;By.xpath: //div[contains(@class,&amp;apos;products_list&amp;apos;)]//h1&amp;apos; (tried for 30 second(s) with 500 MILLISECONDS interval)
Build info: version: &amp;apos;2.53.0&amp;apos;, revision: &amp;apos;35ae25b1534ae328c771e0856c93e187490ca824&amp;apos;, time: &amp;apos;2016-03-15 10:43:46&amp;apos;
System info: host: &amp;apos;MGLT-CND6046GGC&amp;apos;, ip: &amp;apos;172.21.14.218&amp;apos;, os.name: &amp;apos;Windows 8.1&amp;apos;, os.arch: &amp;apos;amd64&amp;apos;, os.version: &amp;apos;6.3&amp;apos;, java.version: &amp;apos;1.8.0_131&amp;apos;
Driver info: org.openqa.selenium.chrome.ChromeDriver
Capabilities [{applicationCacheEnabled=false, rotatable=false, mobileEmulationEnabled=false, networkConnectionEnabled=false, chrome={chromedriverVersion=2.36.540470 (e522d04694c7ebea4ba8821272dbef4f9b818c91), userDataDir=C:\Users\THIRUV~1.CHI\AppData\Local\Temp\scoped_dir9344_20046}, takesHeapSnapshot=true, pageLoadStrategy=normal, databaseEnabled=false, handlesAlerts=true, hasTouchScreen=false, version=66.0.3359.139, platform=WIN8_1, browserConnectionEnabled=false, nativeEvents=true, acceptSslCerts=false, acceptInsecureCerts=false, locationContextEnabled=true, webStorageEnabled=true, browserName=chrome, takesScreenshot=true, javascriptEnabled=true, cssSelectorsEnabled=true, setWindowRect=true, unexpectedAlertBehaviour=}]
Session ID: dfcde3ec60f2b33f2604b7897202ef0c">
      <![CDATA[org.openqa.selenium.TimeoutException: Expected condition failed: waiting for visibility of Proxy element for: DefaultElementLocator 'By.xpath: //div[contains(@class,'products_list')]//h1' (tried for 30 second(s) with 500 MILLISECONDS interval)
Build info: version: '2.53.0', revision: '35ae25b1534ae328c771e0856c93e187490ca824', time: '2016-03-15 10:43:46'
System info: host: 'MGLT-CND6046GGC', ip: '172.21.14.218', os.name: 'Windows 8.1', os.arch: 'amd64', os.version: '6.3', java.version: '1.8.0_131'
Driver info: org.openqa.selenium.chrome.ChromeDriver
Capabilities [{applicationCacheEnabled=false, rotatable=false, mobileEmulationEnabled=false, networkConnectionEnabled=false, chrome={chromedriverVersion=2.36.540470 (e522d04694c7ebea4ba8821272dbef4f9b818c91), userDataDir=C:\Users\THIRUV~1.CHI\AppData\Local\Temp\scoped_dir9344_20046}, takesHeapSnapshot=true, pageLoadStrategy=normal, databaseEnabled=false, handlesAlerts=true, hasTouchScreen=false, version=66.0.3359.139, platform=WIN8_1, browserConnectionEnabled=false, nativeEvents=true, acceptSslCerts=false, acceptInsecureCerts=false, locationContextEnabled=true, webStorageEnabled=true, browserName=chrome, takesScreenshot=true, javascriptEnabled=true, cssSelectorsEnabled=true, setWindowRect=true, unexpectedAlertBehaviour=}]
Session ID: dfcde3ec60f2b33f2604b7897202ef0c
at org.openqa.selenium.support.ui.WebDriverWait.timeoutException(WebDriverWait.java:80)
at org.openqa.selenium.support.ui.FluentWait.until(FluentWait.java:265)
at org.thecollective.utils.Waiting.explicitWaitVisibilityOfElement(Waiting.java:56)
at org.thecollective.pageobjects.listpage.ListPageObjects.verifyInvalidSearchResultsPage(ListPageObjects.java:123)
at org.thecollective.modules.HomePageModuleTest.verifyInvalidSearchFunctionality(HomePageModuleTest.java:174)
at org.thecollective.maincontroller.MainController.run(MainController.java:226)
Caused by: org.openqa.selenium.NoSuchElementException: no such element: Unable to locate element: {"method":"xpath","selector":"//div[contains(@class,'products_list')]//h1"}
  (Session info: chrome=66.0.3359.139)
  (Driver info: chromedriver=2.36.540470 (e522d04694c7ebea4ba8821272dbef4f9b818c91),platform=Windows NT 6.3.9600 x86_64) (WARNING: The server did not provide any stacktrace information)
Command duration or timeout: 30.04 seconds
For documentation on this error, please visit: http://seleniumhq.org/exceptions/no_such_element.html
Build info: version: '2.53.0', revision: '35ae25b1534ae328c771e0856c93e187490ca824', time: '2016-03-15 10:43:46'
System info: host: 'MGLT-CND6046GGC', ip: '172.21.14.218', os.name: 'Windows 8.1', os.arch: 'amd64', os.version: '6.3', java.version: '1.8.0_131'
Driver info: org.openqa.selenium.chrome.ChromeDriver
Capabilities [{applicationCacheEnabled=false, rotatable=false, mobileEmulationEnabled=false, networkConnectionEnabled=false, chrome={chromedriverVersion=2.36.540470 (e522d04694c7ebea4ba8821272dbef4f9b818c91), userDataDir=C:\Users\THIRUV~1.CHI\AppData\Local\Temp\scoped_dir9344_20046}, takesHeapSnapshot=true, pageLoadStrategy=normal, databaseEnabled=false, handlesAlerts=true, hasTouchScreen=false, version=66.0.3359.139, platform=WIN8_1, browserConnectionEnabled=false, nativeEvents=true, acceptSslCerts=false, acceptInsecureCerts=false, locationContextEnabled=true, webStorageEnabled=true, browserName=chrome, takesScreenshot=true, javascriptEnabled=true, cssSelectorsEnabled=true, setWindowRect=true, unexpectedAlertBehaviour=}]
Session ID: dfcde3ec60f2b33f2604b7897202ef0c
*** Element info: {Using=xpath, value=//div[contains(@class,'products_list')]//h1}
at org.openqa.selenium.remote.ErrorHandler.createThrowable(ErrorHandler.java:206)
at org.openqa.selenium.remote.ErrorHandler.throwIfResponseFailed(ErrorHandler.java:158)
at org.openqa.selenium.remote.RemoteWebDriver.execute(RemoteWebDriver.java:678)
at org.openqa.selenium.remote.RemoteWebDriver.findElement(RemoteWebDriver.java:363)
at org.openqa.selenium.remote.RemoteWebDriver.findElementByXPath(RemoteWebDriver.java:500)
at org.openqa.selenium.By$ByXPath.findElement(By.java:361)
at org.openqa.selenium.remote.RemoteWebDriver.findElement(RemoteWebDriver.java:355)
at org.openqa.selenium.support.pagefactory.DefaultElementLocator.findElement(DefaultElementLocator.java:69)
at org.openqa.selenium.support.pagefactory.internal.LocatingElementHandler.invoke(LocatingElementHandler.java:38)
at com.sun.proxy.$Proxy18.isDisplayed(Unknown Source)
at org.openqa.selenium.support.ui.ExpectedConditions.elementIfVisible(ExpectedConditions.java:302)
at org.openqa.selenium.support.ui.ExpectedConditions.access$100(ExpectedConditions.java:41)
at org.openqa.selenium.support.ui.ExpectedConditions$10.apply(ExpectedConditions.java:288)
at org.openqa.selenium.support.ui.ExpectedConditions$10.apply(ExpectedConditions.java:285)
at org.openqa.selenium.support.ui.FluentWait.until(FluentWait.java:238)
... 31 more
... Removed 31 stack frames]]>
    </failure>
  </testcase> <!-- verifyInvalidSearchFunctionality -->
  <testcase name="verifyMensAccessoriesLinks" time="30.04" classname="org.thecollective.modules.HomePageModuleTest"/>
  <testcase name="verifySearchFunctionality" time="7.825" classname="org.thecollective.modules.HomePageModuleTest">
    <failure type="java.lang.AssertionError" message="expected [Search Results | The Collective] but found [Search Results]">
      <![CDATA[java.lang.AssertionError: expected [Search Results | The Collective] but found [Search Results]
at org.thecollective.pageobjects.listpage.ListPageObjects.verifyPageTitle(ListPageObjects.java:117)
at org.thecollective.modules.HomePageModuleTest.verifySearchFunctionality(HomePageModuleTest.java:161)
at org.thecollective.maincontroller.MainController.run(MainController.java:226)
... Removed 33 stack frames]]>
    </failure>
  </testcase> <!-- verifySearchFunctionality -->
  <testcase name="verifyTheCollectiveStores" time="4.65" classname="org.thecollective.modules.HomePageModuleTest"/>
  <testcase name="verifyWishListFunctionality" time="14.113" classname="org.thecollective.modules.HomePageModuleTest"/>
  <testcase name="verifyWishListIcon" time="0.083" classname="org.thecollective.modules.HomePageModuleTest"/>
  <testcase name="verifyMyAccountPage" time="12.994" classname="org.thecollective.modules.MyAccountModuleTest"/>
  <testcase name="verifyMyOrdersPage" time="14.356" classname="org.thecollective.modules.MyAccountModuleTest"/>
  <testcase name="verifyMyOrdersPageTabs" time="14.553" classname="org.thecollective.modules.MyAccountModuleTest"/>
  <testcase name="verifySavedItems" time="13.554" classname="org.thecollective.modules.MyAccountModuleTest"/>
  <testcase name="verifyUpdateAddress" time="15.14" classname="org.thecollective.modules.MyAccountModuleTest"/>
  <testcase name="verifyMyWishListFunctionality" time="24.905" classname="org.thecollective.modules.PDPModuleTest">
    <failure type="java.lang.AssertionError" message="expected [Welcome back! Login for seamless shopping.] but found [Hugo]">
      <![CDATA[java.lang.AssertionError: expected [Welcome back! Login for seamless shopping.] but found [Hugo]
at org.thecollective.pageobjects.login.LoginPageObjects.verifyLoginPage(LoginPageObjects.java:65)
at org.thecollective.modules.PDPModuleTest.verifyMyWishListFunctionality(PDPModuleTest.java:54)
at org.thecollective.maincontroller.MainController.run(MainController.java:226)
... Removed 33 stack frames]]>
    </failure>
  </testcase> <!-- verifyMyWishListFunctionality -->
  <testcase name="verifyMyWishListFunctionalityAfterLogin" time="31.808" classname="org.thecollective.modules.PDPModuleTest"/>
  <testcase name="verifyProductDetailsPageTest" time="14.722" classname="org.thecollective.modules.PDPModuleTest"/>
  <testcase name="verifyProductId" time="6.18" classname="org.thecollective.modules.PDPModuleTest"/>
  <testcase name="updateQuantityTest" time="29.138" classname="org.thecollective.modules.CheckoutModuleTest"/>
  <testcase name="verifyLoginByClickOnContinueInSummaryPage" time="24.149" classname="org.thecollective.modules.CheckoutModuleTest"/>
  <testcase name="verifyLoginPageFromCouponsTabTest" time="25.322" classname="org.thecollective.modules.CheckoutModuleTest"/>
  <testcase name="verifyProductPriceBeforeUpdateTest" time="22.486" classname="org.thecollective.modules.CheckoutModuleTest"/>
  <testcase name="verifySavedItemsToShoppingCartTest" time="0.004" classname="org.thecollective.modules.CheckoutModuleTest"/>
  <testcase name="verifyUpdatePriceTest" time="27.797" classname="org.thecollective.modules.CheckoutModuleTest"/>
  <testcase name="veryfyCheckoutPageTest" time="20.863" classname="org.thecollective.modules.CheckoutModuleTest"/>
  <testcase name="veryfyPaymentTest" time="24.88" classname="org.thecollective.modules.CheckoutModuleTest"/>
  <testcase name="veryfyRemoveProductsTest" time="104.269" classname="org.thecollective.modules.CheckoutModuleTest">
    <failure type="org.openqa.selenium.TimeoutException" message="Expected condition failed: waiting for visibility of Proxy element for: DefaultElementLocator &amp;apos;By.tagName: h1&amp;apos; (tried for 30 second(s) with 500 MILLISECONDS interval)
Build info: version: &amp;apos;2.53.0&amp;apos;, revision: &amp;apos;35ae25b1534ae328c771e0856c93e187490ca824&amp;apos;, time: &amp;apos;2016-03-15 10:43:46&amp;apos;
System info: host: &amp;apos;MGLT-CND6046GGC&amp;apos;, ip: &amp;apos;172.21.14.218&amp;apos;, os.name: &amp;apos;Windows 8.1&amp;apos;, os.arch: &amp;apos;amd64&amp;apos;, os.version: &amp;apos;6.3&amp;apos;, java.version: &amp;apos;1.8.0_131&amp;apos;
Driver info: org.openqa.selenium.chrome.ChromeDriver
Capabilities [{applicationCacheEnabled=false, rotatable=false, mobileEmulationEnabled=false, networkConnectionEnabled=false, chrome={chromedriverVersion=2.36.540470 (e522d04694c7ebea4ba8821272dbef4f9b818c91), userDataDir=C:\Users\THIRUV~1.CHI\AppData\Local\Temp\scoped_dir9344_20046}, takesHeapSnapshot=true, pageLoadStrategy=normal, databaseEnabled=false, handlesAlerts=true, hasTouchScreen=false, version=66.0.3359.139, platform=WIN8_1, browserConnectionEnabled=false, nativeEvents=true, acceptSslCerts=false, acceptInsecureCerts=false, locationContextEnabled=true, webStorageEnabled=true, browserName=chrome, takesScreenshot=true, javascriptEnabled=true, cssSelectorsEnabled=true, setWindowRect=true, unexpectedAlertBehaviour=}]
Session ID: dfcde3ec60f2b33f2604b7897202ef0c">
      <![CDATA[org.openqa.selenium.TimeoutException: Expected condition failed: waiting for visibility of Proxy element for: DefaultElementLocator 'By.tagName: h1' (tried for 30 second(s) with 500 MILLISECONDS interval)
Build info: version: '2.53.0', revision: '35ae25b1534ae328c771e0856c93e187490ca824', time: '2016-03-15 10:43:46'
System info: host: 'MGLT-CND6046GGC', ip: '172.21.14.218', os.name: 'Windows 8.1', os.arch: 'amd64', os.version: '6.3', java.version: '1.8.0_131'
Driver info: org.openqa.selenium.chrome.ChromeDriver
Capabilities [{applicationCacheEnabled=false, rotatable=false, mobileEmulationEnabled=false, networkConnectionEnabled=false, chrome={chromedriverVersion=2.36.540470 (e522d04694c7ebea4ba8821272dbef4f9b818c91), userDataDir=C:\Users\THIRUV~1.CHI\AppData\Local\Temp\scoped_dir9344_20046}, takesHeapSnapshot=true, pageLoadStrategy=normal, databaseEnabled=false, handlesAlerts=true, hasTouchScreen=false, version=66.0.3359.139, platform=WIN8_1, browserConnectionEnabled=false, nativeEvents=true, acceptSslCerts=false, acceptInsecureCerts=false, locationContextEnabled=true, webStorageEnabled=true, browserName=chrome, takesScreenshot=true, javascriptEnabled=true, cssSelectorsEnabled=true, setWindowRect=true, unexpectedAlertBehaviour=}]
Session ID: dfcde3ec60f2b33f2604b7897202ef0c
at org.openqa.selenium.support.ui.WebDriverWait.timeoutException(WebDriverWait.java:80)
at org.openqa.selenium.support.ui.FluentWait.until(FluentWait.java:265)
at org.thecollective.utils.Waiting.explicitWaitVisibilityOfElement(Waiting.java:56)
at org.thecollective.pageobjects.checkout.CheckoutSummaryPageObjects.verifyEmptyCartText(CheckoutSummaryPageObjects.java:159)
at org.thecollective.pageobjects.checkout.CheckoutSummaryPageObjects.verifyEmptyCartPage(CheckoutSummaryPageObjects.java:131)
at org.thecollective.modules.CheckoutModuleTest.veryfyRemoveProductsTest(CheckoutModuleTest.java:86)
at org.thecollective.maincontroller.MainController.run(MainController.java:226)
Caused by: org.openqa.selenium.NoSuchElementException: no such element: Unable to locate element: {"method":"tag name","selector":"h1"}
  (Session info: chrome=66.0.3359.139)
  (Driver info: chromedriver=2.36.540470 (e522d04694c7ebea4ba8821272dbef4f9b818c91),platform=Windows NT 6.3.9600 x86_64) (WARNING: The server did not provide any stacktrace information)
Command duration or timeout: 40.02 seconds
For documentation on this error, please visit: http://seleniumhq.org/exceptions/no_such_element.html
Build info: version: '2.53.0', revision: '35ae25b1534ae328c771e0856c93e187490ca824', time: '2016-03-15 10:43:46'
System info: host: 'MGLT-CND6046GGC', ip: '172.21.14.218', os.name: 'Windows 8.1', os.arch: 'amd64', os.version: '6.3', java.version: '1.8.0_131'
Driver info: org.openqa.selenium.chrome.ChromeDriver
Capabilities [{applicationCacheEnabled=false, rotatable=false, mobileEmulationEnabled=false, networkConnectionEnabled=false, chrome={chromedriverVersion=2.36.540470 (e522d04694c7ebea4ba8821272dbef4f9b818c91), userDataDir=C:\Users\THIRUV~1.CHI\AppData\Local\Temp\scoped_dir9344_20046}, takesHeapSnapshot=true, pageLoadStrategy=normal, databaseEnabled=false, handlesAlerts=true, hasTouchScreen=false, version=66.0.3359.139, platform=WIN8_1, browserConnectionEnabled=false, nativeEvents=true, acceptSslCerts=false, acceptInsecureCerts=false, locationContextEnabled=true, webStorageEnabled=true, browserName=chrome, takesScreenshot=true, javascriptEnabled=true, cssSelectorsEnabled=true, setWindowRect=true, unexpectedAlertBehaviour=}]
Session ID: dfcde3ec60f2b33f2604b7897202ef0c
*** Element info: {Using=tag name, value=h1}
at org.openqa.selenium.remote.ErrorHandler.createThrowable(ErrorHandler.java:206)
at org.openqa.selenium.remote.ErrorHandler.throwIfResponseFailed(ErrorHandler.java:158)
at org.openqa.selenium.remote.RemoteWebDriver.execute(RemoteWebDriver.java:678)
at org.openqa.selenium.remote.RemoteWebDriver.findElement(RemoteWebDriver.java:363)
at org.openqa.selenium.remote.RemoteWebDriver.findElementByTagName(RemoteWebDriver.java:445)
at org.openqa.selenium.By$ByTagName.findElement(By.java:334)
at org.openqa.selenium.remote.RemoteWebDriver.findElement(RemoteWebDriver.java:355)
at org.openqa.selenium.support.pagefactory.DefaultElementLocator.findElement(DefaultElementLocator.java:69)
at org.openqa.selenium.support.pagefactory.internal.LocatingElementHandler.invoke(LocatingElementHandler.java:38)
at com.sun.proxy.$Proxy18.isDisplayed(Unknown Source)
at org.openqa.selenium.support.ui.ExpectedConditions.elementIfVisible(ExpectedConditions.java:302)
at org.openqa.selenium.support.ui.ExpectedConditions.access$100(ExpectedConditions.java:41)
at org.openqa.selenium.support.ui.ExpectedConditions$10.apply(ExpectedConditions.java:288)
at org.openqa.selenium.support.ui.ExpectedConditions$10.apply(ExpectedConditions.java:285)
at org.openqa.selenium.support.ui.FluentWait.until(FluentWait.java:238)
... 32 more
... Removed 31 stack frames]]>
    </failure>
  </testcase> <!-- veryfyRemoveProductsTest -->
  <testcase name="verifyLoginLinkInCouponsTabTest" time="22.17" classname="org.thecollective.modules.CheckoutModuleTest"/>
  <testcase name="verifyCouponsSectionCheckoutPage" time="0.001" classname="org.thecollective.modules.CheckoutModuleTest">
    <skipped/>
  </testcase> <!-- verifyCouponsSectionCheckoutPage -->
  <testcase name="verifyLoginFunctionalityInCheckoutPage" time="0.0" classname="org.thecollective.modules.CheckoutModuleTest">
    <skipped/>
  </testcase> <!-- verifyLoginFunctionalityInCheckoutPage -->
  <testcase name="verifyLoginFunctionalityInCouponsTabTest" time="0.0" classname="org.thecollective.modules.CheckoutModuleTest">
    <skipped/>
  </testcase> <!-- verifyLoginFunctionalityInCouponsTabTest -->
  <testcase name="verifyOrderPlacementByCCO" time="0.0" classname="org.thecollective.modules.CheckoutModuleTest">
    <skipped/>
  </testcase> <!-- verifyOrderPlacementByCCO -->
  <testcase name="verifyOrderPlacementByCod" time="0.0" classname="org.thecollective.modules.CheckoutModuleTest">
    <skipped/>
  </testcase> <!-- verifyOrderPlacementByCod -->
  <testcase name="veryfyShippingAddresTest" time="0.0" classname="org.thecollective.modules.CheckoutModuleTest">
    <skipped/>
  </testcase> <!-- veryfyShippingAddresTest -->
  <testcase name="verifyFilterFunctionalityForSearch" time="40.094" classname="org.thecollective.modules.PLPModuleTest">
    <failure type="org.openqa.selenium.TimeoutException" message="asynchronous script timeout: result was not received in 30 seconds
  (Session info: chrome=66.0.3359.139)
  (Driver info: chromedriver=2.36.540470 (e522d04694c7ebea4ba8821272dbef4f9b818c91),platform=Windows NT 6.3.9600 x86_64) (WARNING: The server did not provide any stacktrace information)
Command duration or timeout: 30.08 seconds
Build info: version: &amp;apos;2.53.0&amp;apos;, revision: &amp;apos;35ae25b1534ae328c771e0856c93e187490ca824&amp;apos;, time: &amp;apos;2016-03-15 10:43:46&amp;apos;
System info: host: &amp;apos;MGLT-CND6046GGC&amp;apos;, ip: &amp;apos;172.21.14.218&amp;apos;, os.name: &amp;apos;Windows 8.1&amp;apos;, os.arch: &amp;apos;amd64&amp;apos;, os.version: &amp;apos;6.3&amp;apos;, java.version: &amp;apos;1.8.0_131&amp;apos;
Driver info: org.openqa.selenium.chrome.ChromeDriver
Capabilities [{applicationCacheEnabled=false, rotatable=false, mobileEmulationEnabled=false, networkConnectionEnabled=false, chrome={chromedriverVersion=2.36.540470 (e522d04694c7ebea4ba8821272dbef4f9b818c91), userDataDir=C:\Users\THIRUV~1.CHI\AppData\Local\Temp\scoped_dir9344_20046}, takesHeapSnapshot=true, pageLoadStrategy=normal, databaseEnabled=false, handlesAlerts=true, hasTouchScreen=false, version=66.0.3359.139, platform=WIN8_1, browserConnectionEnabled=false, nativeEvents=true, acceptSslCerts=false, acceptInsecureCerts=false, locationContextEnabled=true, webStorageEnabled=true, browserName=chrome, takesScreenshot=true, javascriptEnabled=true, cssSelectorsEnabled=true, setWindowRect=true, unexpectedAlertBehaviour=}]
Session ID: dfcde3ec60f2b33f2604b7897202ef0c">
      <![CDATA[org.openqa.selenium.TimeoutException: asynchronous script timeout: result was not received in 30 seconds
  (Session info: chrome=66.0.3359.139)
  (Driver info: chromedriver=2.36.540470 (e522d04694c7ebea4ba8821272dbef4f9b818c91),platform=Windows NT 6.3.9600 x86_64) (WARNING: The server did not provide any stacktrace information)
Command duration or timeout: 30.08 seconds
Build info: version: '2.53.0', revision: '35ae25b1534ae328c771e0856c93e187490ca824', time: '2016-03-15 10:43:46'
System info: host: 'MGLT-CND6046GGC', ip: '172.21.14.218', os.name: 'Windows 8.1', os.arch: 'amd64', os.version: '6.3', java.version: '1.8.0_131'
Driver info: org.openqa.selenium.chrome.ChromeDriver
Capabilities [{applicationCacheEnabled=false, rotatable=false, mobileEmulationEnabled=false, networkConnectionEnabled=false, chrome={chromedriverVersion=2.36.540470 (e522d04694c7ebea4ba8821272dbef4f9b818c91), userDataDir=C:\Users\THIRUV~1.CHI\AppData\Local\Temp\scoped_dir9344_20046}, takesHeapSnapshot=true, pageLoadStrategy=normal, databaseEnabled=false, handlesAlerts=true, hasTouchScreen=false, version=66.0.3359.139, platform=WIN8_1, browserConnectionEnabled=false, nativeEvents=true, acceptSslCerts=false, acceptInsecureCerts=false, locationContextEnabled=true, webStorageEnabled=true, browserName=chrome, takesScreenshot=true, javascriptEnabled=true, cssSelectorsEnabled=true, setWindowRect=true, unexpectedAlertBehaviour=}]
Session ID: dfcde3ec60f2b33f2604b7897202ef0c
at org.openqa.selenium.remote.ErrorHandler.createThrowable(ErrorHandler.java:206)
at org.openqa.selenium.remote.ErrorHandler.throwIfResponseFailed(ErrorHandler.java:158)
at org.openqa.selenium.remote.RemoteWebDriver.execute(RemoteWebDriver.java:678)
at org.openqa.selenium.remote.RemoteWebDriver.executeAsyncScript(RemoteWebDriver.java:598)
at org.thecollective.pageobjects.listpage.ListPageObjects.applyFilters(ListPageObjects.java:359)
at org.thecollective.modules.PLPModuleTest.verifyFilterFunctionalityForSearch(PLPModuleTest.java:79)
at org.thecollective.maincontroller.MainController.run(MainController.java:226)
... Removed 31 stack frames]]>
    </failure>
  </testcase> <!-- verifyFilterFunctionalityForSearch -->
  <testcase name="verifyLeftNavFilters" time="3.941" classname="org.thecollective.modules.PLPModuleTest"/>
  <testcase name="verifyLeftNavFiltersForSearch" time="6.033" classname="org.thecollective.modules.PLPModuleTest"/>
  <testcase name="verifyProductListByCatNavigation" time="22.147" classname="org.thecollective.modules.PLPModuleTest"/>
  <testcase name="verifyProductListPageBySearch" time="23.473" classname="org.thecollective.modules.PLPModuleTest"/>
  <testcase name="@BeforeTest beforeTest" time="0.0" classname="org.thecollective.maincontroller.MainController">
    <ignored/>
  </testcase> <!-- @BeforeTest beforeTest -->
  <testcase name="@BeforeTest beforeTest" time="0.0" classname="org.thecollective.maincontroller.MainController">
    <ignored/>
  </testcase> <!-- @BeforeTest beforeTest -->
  <testcase name="@BeforeTest beforeTest" time="0.0" classname="org.thecollective.maincontroller.MainController">
    <ignored/>
  </testcase> <!-- @BeforeTest beforeTest -->
  <testcase name="@BeforeTest beforeTest" time="0.0" classname="org.thecollective.maincontroller.MainController">
    <ignored/>
  </testcase> <!-- @BeforeTest beforeTest -->
  <testcase name="@AfterSuite tearDown" time="0.0" classname="org.thecollective.maincontroller.MainController">
    <ignored/>
  </testcase> <!-- @AfterSuite tearDown -->
  <testcase name="@AfterSuite tearDown" time="0.0" classname="org.thecollective.maincontroller.MainController">
    <ignored/>
  </testcase> <!-- @AfterSuite tearDown -->
  <testcase name="@AfterSuite tearDown" time="0.0" classname="org.thecollective.maincontroller.MainController">
    <ignored/>
  </testcase> <!-- @AfterSuite tearDown -->
  <testcase name="@AfterSuite tearDown" time="0.0" classname="org.thecollective.maincontroller.MainController">
    <ignored/>
  </testcase> <!-- @AfterSuite tearDown -->
  <testcase name="@BeforeSuite beforeSuite" time="0.0" classname="org.thecollective.maincontroller.MainController">
    <ignored/>
  </testcase> <!-- @BeforeSuite beforeSuite -->
  <testcase name="@BeforeSuite beforeSuite" time="0.0" classname="org.thecollective.maincontroller.MainController">
    <ignored/>
  </testcase> <!-- @BeforeSuite beforeSuite -->
  <testcase name="@BeforeSuite beforeSuite" time="0.0" classname="org.thecollective.maincontroller.MainController">
    <ignored/>
  </testcase> <!-- @BeforeSuite beforeSuite -->
  <testcase name="@BeforeSuite beforeSuite" time="0.0" classname="org.thecollective.maincontroller.MainController">
    <ignored/>
  </testcase> <!-- @BeforeSuite beforeSuite -->
</testsuite> <!-- FirefoxTest -->
